[0.009s] Invoking command in '/home/moajouz/ros2_ws/build/interfaces': CMAKE_PREFIX_PATH=${CMAKE_PREFIX_PATH}:/home/moajouz/ros2_ws/install/tutorial_python:/opt/ros/foxy /usr/bin/cmake --build /home/moajouz/ros2_ws/build/interfaces -- -j12 -l12
[0.045s] [  2%] Built target interfaces__cpp
[0.045s] [ 12%] Built target interfaces__rosidl_generator_c
[0.063s] [ 43%] Built target interfaces__rosidl_typesupport_introspection_cpp
[0.063s] [ 43%] Built target interfaces__rosidl_typesupport_introspection_c
[0.064s] [ 43%] Built target interfaces__rosidl_typesupport_cpp
[0.066s] [ 53%] Built target interfaces__rosidl_typesupport_fastrtps_cpp
[0.080s] [ 64%] Built target interfaces__rosidl_typesupport_c
[0.087s] [ 74%] Built target interfaces__rosidl_typesupport_fastrtps_c
[0.102s] [ 74%] Built target interfaces
[0.118s] [ 76%] Built target interfaces__py
[0.139s] [ 84%] Built target interfaces__python
[0.159s] [100%] Built target interfaces__rosidl_typesupport_c__pyext
[0.159s] [100%] Built target interfaces__rosidl_typesupport_introspection_c__pyext
[0.159s] [100%] Built target interfaces__rosidl_typesupport_fastrtps_c__pyext
[0.167s] Invoked command in '/home/moajouz/ros2_ws/build/interfaces' returned '0': CMAKE_PREFIX_PATH=${CMAKE_PREFIX_PATH}:/home/moajouz/ros2_ws/install/tutorial_python:/opt/ros/foxy /usr/bin/cmake --build /home/moajouz/ros2_ws/build/interfaces -- -j12 -l12
[0.212s] Invoking command in '/home/moajouz/ros2_ws/build/interfaces': CMAKE_PREFIX_PATH=${CMAKE_PREFIX_PATH}:/home/moajouz/ros2_ws/install/tutorial_python:/opt/ros/foxy /usr/bin/cmake --install /home/moajouz/ros2_ws/build/interfaces
[0.218s] -- Install configuration: ""
[0.219s] -- Up-to-date: /home/moajouz/ros2_ws/install/interfaces/share/ament_index/resource_index/rosidl_interfaces/interfaces
[0.219s] -- Up-to-date: /home/moajouz/ros2_ws/install/interfaces/include/interfaces
[0.219s] -- Up-to-date: /home/moajouz/ros2_ws/install/interfaces/include/interfaces/msg
[0.219s] -- Up-to-date: /home/moajouz/ros2_ws/install/interfaces/include/interfaces/msg/detail
[0.219s] -- Up-to-date: /home/moajouz/ros2_ws/install/interfaces/include/interfaces/msg/detail/tutorial__functions.c
[0.219s] -- Up-to-date: /home/moajouz/ros2_ws/install/interfaces/include/interfaces/msg/detail/tutorial__type_support.h
[0.219s] -- Up-to-date: /home/moajouz/ros2_ws/install/interfaces/include/interfaces/msg/detail/tutorial__functions.h
[0.219s] -- Up-to-date: /home/moajouz/ros2_ws/install/interfaces/include/interfaces/msg/detail/tutorial__struct.h
[0.219s] -- Up-to-date: /home/moajouz/ros2_ws/install/interfaces/include/interfaces/msg/rosidl_generator_c__visibility_control.h
[0.219s] -- Up-to-date: /home/moajouz/ros2_ws/install/interfaces/include/interfaces/msg/tutorial.h
[0.219s] -- Up-to-date: /home/moajouz/ros2_ws/install/interfaces/include/interfaces/srv
[0.219s] -- Up-to-date: /home/moajouz/ros2_ws/install/interfaces/include/interfaces/srv/detail
[0.220s] -- Up-to-date: /home/moajouz/ros2_ws/install/interfaces/include/interfaces/srv/detail/tutorial__functions.c
[0.220s] -- Up-to-date: /home/moajouz/ros2_ws/install/interfaces/include/interfaces/srv/detail/tutorial__type_support.h
[0.220s] -- Up-to-date: /home/moajouz/ros2_ws/install/interfaces/include/interfaces/srv/detail/tutorial__functions.h
[0.220s] -- Up-to-date: /home/moajouz/ros2_ws/install/interfaces/include/interfaces/srv/detail/tutorial__struct.h
[0.220s] -- Up-to-date: /home/moajouz/ros2_ws/install/interfaces/include/interfaces/srv/tutorial.h
[0.220s] -- Up-to-date: /home/moajouz/ros2_ws/install/interfaces/share/interfaces/environment/library_path.sh
[0.220s] -- Up-to-date: /home/moajouz/ros2_ws/install/interfaces/share/interfaces/environment/library_path.dsv
[0.220s] -- Up-to-date: /home/moajouz/ros2_ws/install/interfaces/lib/libinterfaces__rosidl_generator_c.so
[0.220s] -- Up-to-date: /home/moajouz/ros2_ws/install/interfaces/include/interfaces
[0.220s] -- Up-to-date: /home/moajouz/ros2_ws/install/interfaces/include/interfaces/msg
[0.220s] -- Up-to-date: /home/moajouz/ros2_ws/install/interfaces/include/interfaces/msg/detail
[0.220s] -- Up-to-date: /home/moajouz/ros2_ws/install/interfaces/include/interfaces/msg/detail/tutorial__rosidl_typesupport_fastrtps_c.h
[0.220s] -- Up-to-date: /home/moajouz/ros2_ws/install/interfaces/include/interfaces/msg/rosidl_typesupport_fastrtps_c__visibility_control.h
[0.220s] -- Up-to-date: /home/moajouz/ros2_ws/install/interfaces/include/interfaces/srv
[0.220s] -- Up-to-date: /home/moajouz/ros2_ws/install/interfaces/include/interfaces/srv/detail
[0.221s] -- Up-to-date: /home/moajouz/ros2_ws/install/interfaces/include/interfaces/srv/detail/tutorial__rosidl_typesupport_fastrtps_c.h
[0.221s] -- Up-to-date: /home/moajouz/ros2_ws/install/interfaces/lib/libinterfaces__rosidl_typesupport_fastrtps_c.so
[0.221s] -- Up-to-date: /home/moajouz/ros2_ws/install/interfaces/include/interfaces
[0.221s] -- Up-to-date: /home/moajouz/ros2_ws/install/interfaces/include/interfaces/msg
[0.221s] -- Up-to-date: /home/moajouz/ros2_ws/install/interfaces/include/interfaces/msg/detail
[0.221s] -- Up-to-date: /home/moajouz/ros2_ws/install/interfaces/include/interfaces/msg/detail/tutorial__rosidl_typesupport_fastrtps_cpp.hpp
[0.221s] -- Up-to-date: /home/moajouz/ros2_ws/install/interfaces/include/interfaces/msg/detail/dds_fastrtps
[0.221s] -- Up-to-date: /home/moajouz/ros2_ws/install/interfaces/include/interfaces/msg/rosidl_typesupport_fastrtps_cpp__visibility_control.h
[0.221s] -- Up-to-date: /home/moajouz/ros2_ws/install/interfaces/include/interfaces/srv
[0.221s] -- Up-to-date: /home/moajouz/ros2_ws/install/interfaces/include/interfaces/srv/detail
[0.221s] -- Up-to-date: /home/moajouz/ros2_ws/install/interfaces/include/interfaces/srv/detail/tutorial__rosidl_typesupport_fastrtps_cpp.hpp
[0.221s] -- Up-to-date: /home/moajouz/ros2_ws/install/interfaces/include/interfaces/srv/detail/dds_fastrtps
[0.221s] -- Up-to-date: /home/moajouz/ros2_ws/install/interfaces/lib/libinterfaces__rosidl_typesupport_fastrtps_cpp.so
[0.221s] -- Up-to-date: /home/moajouz/ros2_ws/install/interfaces/include/interfaces
[0.221s] -- Up-to-date: /home/moajouz/ros2_ws/install/interfaces/include/interfaces/msg
[0.221s] -- Up-to-date: /home/moajouz/ros2_ws/install/interfaces/include/interfaces/msg/detail
[0.221s] -- Up-to-date: /home/moajouz/ros2_ws/install/interfaces/include/interfaces/msg/detail/tutorial__rosidl_typesupport_introspection_c.h
[0.221s] -- Up-to-date: /home/moajouz/ros2_ws/install/interfaces/include/interfaces/msg/detail/tutorial__type_support.c
[0.222s] -- Up-to-date: /home/moajouz/ros2_ws/install/interfaces/include/interfaces/msg/rosidl_typesupport_introspection_c__visibility_control.h
[0.222s] -- Up-to-date: /home/moajouz/ros2_ws/install/interfaces/include/interfaces/srv
[0.222s] -- Up-to-date: /home/moajouz/ros2_ws/install/interfaces/include/interfaces/srv/detail
[0.222s] -- Up-to-date: /home/moajouz/ros2_ws/install/interfaces/include/interfaces/srv/detail/tutorial__rosidl_typesupport_introspection_c.h
[0.222s] -- Up-to-date: /home/moajouz/ros2_ws/install/interfaces/include/interfaces/srv/detail/tutorial__type_support.c
[0.222s] -- Up-to-date: /home/moajouz/ros2_ws/install/interfaces/lib/libinterfaces__rosidl_typesupport_introspection_c.so
[0.222s] -- Up-to-date: /home/moajouz/ros2_ws/install/interfaces/lib/libinterfaces__rosidl_typesupport_c.so
[0.222s] -- Up-to-date: /home/moajouz/ros2_ws/install/interfaces/include/interfaces
[0.222s] -- Up-to-date: /home/moajouz/ros2_ws/install/interfaces/include/interfaces/msg
[0.222s] -- Up-to-date: /home/moajouz/ros2_ws/install/interfaces/include/interfaces/msg/rosidl_generator_cpp__visibility_control.hpp
[0.222s] -- Up-to-date: /home/moajouz/ros2_ws/install/interfaces/include/interfaces/msg/detail
[0.222s] -- Up-to-date: /home/moajouz/ros2_ws/install/interfaces/include/interfaces/msg/detail/tutorial__traits.hpp
[0.222s] -- Up-to-date: /home/moajouz/ros2_ws/install/interfaces/include/interfaces/msg/detail/tutorial__builder.hpp
[0.222s] -- Up-to-date: /home/moajouz/ros2_ws/install/interfaces/include/interfaces/msg/detail/tutorial__struct.hpp
[0.222s] -- Up-to-date: /home/moajouz/ros2_ws/install/interfaces/include/interfaces/msg/detail/tutorial__type_support.hpp
[0.222s] -- Up-to-date: /home/moajouz/ros2_ws/install/interfaces/include/interfaces/msg/tutorial.hpp
[0.222s] -- Up-to-date: /home/moajouz/ros2_ws/install/interfaces/include/interfaces/srv
[0.222s] -- Up-to-date: /home/moajouz/ros2_ws/install/interfaces/include/interfaces/srv/detail
[0.222s] -- Up-to-date: /home/moajouz/ros2_ws/install/interfaces/include/interfaces/srv/detail/tutorial__traits.hpp
[0.222s] -- Up-to-date: /home/moajouz/ros2_ws/install/interfaces/include/interfaces/srv/detail/tutorial__builder.hpp
[0.223s] -- Up-to-date: /home/moajouz/ros2_ws/install/interfaces/include/interfaces/srv/detail/tutorial__struct.hpp
[0.223s] -- Up-to-date: /home/moajouz/ros2_ws/install/interfaces/include/interfaces/srv/detail/tutorial__type_support.hpp
[0.223s] -- Up-to-date: /home/moajouz/ros2_ws/install/interfaces/include/interfaces/srv/tutorial.hpp
[0.223s] -- Up-to-date: /home/moajouz/ros2_ws/install/interfaces/include/interfaces
[0.223s] -- Up-to-date: /home/moajouz/ros2_ws/install/interfaces/include/interfaces/msg
[0.223s] -- Up-to-date: /home/moajouz/ros2_ws/install/interfaces/include/interfaces/msg/detail
[0.223s] -- Up-to-date: /home/moajouz/ros2_ws/install/interfaces/include/interfaces/msg/detail/tutorial__type_support.cpp
[0.223s] -- Up-to-date: /home/moajouz/ros2_ws/install/interfaces/include/interfaces/msg/detail/tutorial__rosidl_typesupport_introspection_cpp.hpp
[0.223s] -- Up-to-date: /home/moajouz/ros2_ws/install/interfaces/include/interfaces/srv
[0.223s] -- Up-to-date: /home/moajouz/ros2_ws/install/interfaces/include/interfaces/srv/detail
[0.223s] -- Up-to-date: /home/moajouz/ros2_ws/install/interfaces/include/interfaces/srv/detail/tutorial__type_support.cpp
[0.223s] -- Up-to-date: /home/moajouz/ros2_ws/install/interfaces/include/interfaces/srv/detail/tutorial__rosidl_typesupport_introspection_cpp.hpp
[0.223s] -- Up-to-date: /home/moajouz/ros2_ws/install/interfaces/lib/libinterfaces__rosidl_typesupport_introspection_cpp.so
[0.223s] -- Up-to-date: /home/moajouz/ros2_ws/install/interfaces/lib/libinterfaces__rosidl_typesupport_cpp.so
[0.223s] -- Up-to-date: /home/moajouz/ros2_ws/install/interfaces/share/interfaces/environment/pythonpath.sh
[0.223s] -- Up-to-date: /home/moajouz/ros2_ws/install/interfaces/share/interfaces/environment/pythonpath.dsv
[0.223s] -- Up-to-date: /home/moajouz/ros2_ws/install/interfaces/lib/python3.8/site-packages/interfaces/__init__.py
[0.245s] -- Up-to-date: /home/moajouz/ros2_ws/install/interfaces/lib/python3.8/site-packages/interfaces/msg
[0.246s] -- Up-to-date: /home/moajouz/ros2_ws/install/interfaces/lib/python3.8/site-packages/interfaces/msg/_tutorial.py
[0.246s] -- Up-to-date: /home/moajouz/ros2_ws/install/interfaces/lib/python3.8/site-packages/interfaces/msg/_tutorial_s.c
[0.246s] -- Up-to-date: /home/moajouz/ros2_ws/install/interfaces/lib/python3.8/site-packages/interfaces/msg/__init__.py
[0.246s] -- Up-to-date: /home/moajouz/ros2_ws/install/interfaces/lib/python3.8/site-packages/interfaces/srv
[0.246s] -- Up-to-date: /home/moajouz/ros2_ws/install/interfaces/lib/python3.8/site-packages/interfaces/srv/_tutorial.py
[0.246s] -- Up-to-date: /home/moajouz/ros2_ws/install/interfaces/lib/python3.8/site-packages/interfaces/srv/_tutorial_s.c
[0.246s] -- Up-to-date: /home/moajouz/ros2_ws/install/interfaces/lib/python3.8/site-packages/interfaces/srv/__init__.py
[0.246s] -- Up-to-date: /home/moajouz/ros2_ws/install/interfaces/lib/python3.8/site-packages/interfaces/interfaces_s__rosidl_typesupport_fastrtps_c.cpython-38-x86_64-linux-gnu.so
[0.246s] -- Up-to-date: /home/moajouz/ros2_ws/install/interfaces/lib/python3.8/site-packages/interfaces/interfaces_s__rosidl_typesupport_introspection_c.cpython-38-x86_64-linux-gnu.so
[0.246s] -- Up-to-date: /home/moajouz/ros2_ws/install/interfaces/lib/python3.8/site-packages/interfaces/interfaces_s__rosidl_typesupport_c.cpython-38-x86_64-linux-gnu.so
[0.247s] -- Up-to-date: /home/moajouz/ros2_ws/install/interfaces/lib/libinterfaces__python.so
[0.247s] -- Up-to-date: /home/moajouz/ros2_ws/install/interfaces/share/interfaces/msg/Tutorial.idl
[0.247s] -- Up-to-date: /home/moajouz/ros2_ws/install/interfaces/share/interfaces/srv/Tutorial.idl
[0.247s] -- Up-to-date: /home/moajouz/ros2_ws/install/interfaces/share/interfaces/msg/Tutorial.msg
[0.247s] -- Up-to-date: /home/moajouz/ros2_ws/install/interfaces/share/interfaces/srv/Tutorial.srv
[0.247s] -- Up-to-date: /home/moajouz/ros2_ws/install/interfaces/share/interfaces/srv/Tutorial_Request.msg
[0.248s] -- Up-to-date: /home/moajouz/ros2_ws/install/interfaces/share/interfaces/srv/Tutorial_Response.msg
[0.248s] -- Up-to-date: /home/moajouz/ros2_ws/install/interfaces/share/ament_index/resource_index/package_run_dependencies/interfaces
[0.248s] -- Up-to-date: /home/moajouz/ros2_ws/install/interfaces/share/ament_index/resource_index/parent_prefix_path/interfaces
[0.248s] -- Up-to-date: /home/moajouz/ros2_ws/install/interfaces/share/interfaces/environment/ament_prefix_path.sh
[0.248s] -- Up-to-date: /home/moajouz/ros2_ws/install/interfaces/share/interfaces/environment/ament_prefix_path.dsv
[0.248s] -- Up-to-date: /home/moajouz/ros2_ws/install/interfaces/share/interfaces/environment/path.sh
[0.248s] -- Up-to-date: /home/moajouz/ros2_ws/install/interfaces/share/interfaces/environment/path.dsv
[0.248s] -- Up-to-date: /home/moajouz/ros2_ws/install/interfaces/share/interfaces/local_setup.bash
[0.248s] -- Up-to-date: /home/moajouz/ros2_ws/install/interfaces/share/interfaces/local_setup.sh
[0.248s] -- Up-to-date: /home/moajouz/ros2_ws/install/interfaces/share/interfaces/local_setup.zsh
[0.248s] -- Up-to-date: /home/moajouz/ros2_ws/install/interfaces/share/interfaces/local_setup.dsv
[0.248s] -- Installing: /home/moajouz/ros2_ws/install/interfaces/share/interfaces/package.dsv
[0.248s] -- Up-to-date: /home/moajouz/ros2_ws/install/interfaces/share/ament_index/resource_index/packages/interfaces
[0.249s] -- Up-to-date: /home/moajouz/ros2_ws/install/interfaces/share/interfaces/cmake/interfaces__rosidl_generator_cExport.cmake
[0.249s] -- Up-to-date: /home/moajouz/ros2_ws/install/interfaces/share/interfaces/cmake/interfaces__rosidl_generator_cExport-noconfig.cmake
[0.249s] -- Up-to-date: /home/moajouz/ros2_ws/install/interfaces/share/interfaces/cmake/interfaces__rosidl_typesupport_introspection_cExport.cmake
[0.249s] -- Up-to-date: /home/moajouz/ros2_ws/install/interfaces/share/interfaces/cmake/interfaces__rosidl_typesupport_introspection_cExport-noconfig.cmake
[0.249s] -- Up-to-date: /home/moajouz/ros2_ws/install/interfaces/share/interfaces/cmake/interfaces__rosidl_typesupport_cExport.cmake
[0.249s] -- Up-to-date: /home/moajouz/ros2_ws/install/interfaces/share/interfaces/cmake/interfaces__rosidl_typesupport_cExport-noconfig.cmake
[0.249s] -- Up-to-date: /home/moajouz/ros2_ws/install/interfaces/share/interfaces/cmake/interfaces__rosidl_generator_cppExport.cmake
[0.249s] -- Up-to-date: /home/moajouz/ros2_ws/install/interfaces/share/interfaces/cmake/interfaces__rosidl_typesupport_introspection_cppExport.cmake
[0.249s] -- Up-to-date: /home/moajouz/ros2_ws/install/interfaces/share/interfaces/cmake/interfaces__rosidl_typesupport_introspection_cppExport-noconfig.cmake
[0.249s] -- Up-to-date: /home/moajouz/ros2_ws/install/interfaces/share/interfaces/cmake/interfaces__rosidl_typesupport_cppExport.cmake
[0.249s] -- Up-to-date: /home/moajouz/ros2_ws/install/interfaces/share/interfaces/cmake/interfaces__rosidl_typesupport_cppExport-noconfig.cmake
[0.249s] -- Up-to-date: /home/moajouz/ros2_ws/install/interfaces/share/interfaces/cmake/rosidl_cmake-extras.cmake
[0.249s] -- Up-to-date: /home/moajouz/ros2_ws/install/interfaces/share/interfaces/cmake/ament_cmake_export_dependencies-extras.cmake
[0.249s] -- Up-to-date: /home/moajouz/ros2_ws/install/interfaces/share/interfaces/cmake/ament_cmake_export_libraries-extras.cmake
[0.249s] -- Up-to-date: /home/moajouz/ros2_ws/install/interfaces/share/interfaces/cmake/ament_cmake_export_targets-extras.cmake
[0.249s] -- Up-to-date: /home/moajouz/ros2_ws/install/interfaces/share/interfaces/cmake/ament_cmake_export_include_directories-extras.cmake
[0.249s] -- Up-to-date: /home/moajouz/ros2_ws/install/interfaces/share/interfaces/cmake/rosidl_cmake_export_typesupport_libraries-extras.cmake
[0.249s] -- Up-to-date: /home/moajouz/ros2_ws/install/interfaces/share/interfaces/cmake/rosidl_cmake_export_typesupport_targets-extras.cmake
[0.249s] -- Up-to-date: /home/moajouz/ros2_ws/install/interfaces/share/interfaces/cmake/interfacesConfig.cmake
[0.250s] -- Up-to-date: /home/moajouz/ros2_ws/install/interfaces/share/interfaces/cmake/interfacesConfig-version.cmake
[0.250s] -- Up-to-date: /home/moajouz/ros2_ws/install/interfaces/share/interfaces/package.xml
[0.251s] Invoked command in '/home/moajouz/ros2_ws/build/interfaces' returned '0': CMAKE_PREFIX_PATH=${CMAKE_PREFIX_PATH}:/home/moajouz/ros2_ws/install/tutorial_python:/opt/ros/foxy /usr/bin/cmake --install /home/moajouz/ros2_ws/build/interfaces
