running egg_info
writing ../../build/tutorial_python/tutorial_python.egg-info/PKG-INFO
writing dependency_links to ../../build/tutorial_python/tutorial_python.egg-info/dependency_links.txt
writing entry points to ../../build/tutorial_python/tutorial_python.egg-info/entry_points.txt
writing requirements to ../../build/tutorial_python/tutorial_python.egg-info/requires.txt
writing top-level names to ../../build/tutorial_python/tutorial_python.egg-info/top_level.txt
reading manifest file '../../build/tutorial_python/tutorial_python.egg-info/SOURCES.txt'
writing manifest file '../../build/tutorial_python/tutorial_python.egg-info/SOURCES.txt'
running build
running build_py
running install
running install_lib
running install_data
running install_egg_info
removing '/home/moajouz/ros2_ws/install/tutorial_python/lib/python3.8/site-packages/tutorial_python-0.0.0-py3.8.egg-info' (and everything under it)
Copying ../../build/tutorial_python/tutorial_python.egg-info to /home/moajouz/ros2_ws/install/tutorial_python/lib/python3.8/site-packages/tutorial_python-0.0.0-py3.8.egg-info
running install_scripts
Installing node script to /home/moajouz/ros2_ws/install/tutorial_python/lib/tutorial_python
Installing publisher script to /home/moajouz/ros2_ws/install/tutorial_python/lib/tutorial_python
Installing subscriber script to /home/moajouz/ros2_ws/install/tutorial_python/lib/tutorial_python
writing list of installed files to '/home/moajouz/ros2_ws/build/tutorial_python/install.log'
