[0.010s] Invoking command in '/home/moajouz/ros2_ws/build/tutorial_cpp': /usr/bin/cmake /home/moajouz/ros2_ws/src/tutorial_cpp -DCMAKE_INSTALL_PREFIX=/home/moajouz/ros2_ws/install/tutorial_cpp
[0.165s] -- The C compiler identification is GNU 9.4.0
[0.166s] -- The CXX compiler identification is GNU 9.4.0
[0.166s] -- Check for working C compiler: /usr/bin/cc
[0.166s] -- Check for working C compiler: /usr/bin/cc -- works
[0.166s] -- Detecting C compiler ABI info
[0.176s] -- Detecting C compiler ABI info - done
[0.185s] -- Detecting C compile features
[0.185s] -- Detecting C compile features - done
[0.187s] -- Check for working CXX compiler: /usr/bin/c++
[0.239s] -- Check for working CXX compiler: /usr/bin/c++ -- works
[0.240s] -- Detecting CXX compiler ABI info
[0.292s] -- Detecting CXX compiler ABI info - done
[0.309s] -- Detecting CXX compile features
[0.309s] -- Detecting CXX compile features - done
[0.319s] CMake Error at CMakeLists.txt:19 (find_package):
[0.319s]   By not providing "Findament_cmake.cmake" in CMAKE_MODULE_PATH this project
[0.319s]   has asked CMake to find a package configuration file provided by
[0.320s]   "ament_cmake", but CMake did not find one.
[0.320s] 
[0.320s]   Could not find a package configuration file provided by "ament_cmake" with
[0.320s]   any of the following names:
[0.320s] 
[0.320s]     ament_cmakeConfig.cmake
[0.320s]     ament_cmake-config.cmake
[0.320s] 
[0.320s]   Add the installation prefix of "ament_cmake" to CMAKE_PREFIX_PATH or set
[0.320s]   "ament_cmake_DIR" to a directory containing one of the above files.  If
[0.320s]   "ament_cmake" provides a separate development package or SDK, be sure it
[0.320s]   has been installed.
[0.320s] 
[0.320s] 
[0.320s] -- Configuring incomplete, errors occurred!
[0.320s] See also "/home/moajouz/ros2_ws/build/tutorial_cpp/CMakeFiles/CMakeOutput.log".
[0.324s] Invoked command in '/home/moajouz/ros2_ws/build/tutorial_cpp' returned '1': /usr/bin/cmake /home/moajouz/ros2_ws/src/tutorial_cpp -DCMAKE_INSTALL_PREFIX=/home/moajouz/ros2_ws/install/tutorial_cpp
