[0.011s] Invoking command in '/home/moajouz/ros2_ws/build/tutorial_cpp': CMAKE_PREFIX_PATH=/home/moajouz/ros2_ws/install/interfaces:/home/moajouz/ros2_ws/install/tutorial_cpp:/home/moajouz/ros2_ws/install/tutorial_python:/opt/ros/foxy PYTHONPATH=/home/moajouz/ros2_ws/install/interfaces/lib/python3.8/site-packages:/home/moajouz/ros2_ws/install/tutorial_python/lib/python3.8/site-packages:/opt/ros/foxy/lib/python3.8/site-packages /usr/bin/cmake --build /home/moajouz/ros2_ws/build/tutorial_cpp -- -j12 -l12
[0.029s] -- Found ament_cmake: 0.9.12 (/opt/ros/foxy/share/ament_cmake/cmake)
[0.045s] -- Using PYTHON_EXECUTABLE: /usr/bin/python3
[0.184s] -- Found rclcpp: 2.4.3 (/opt/ros/foxy/share/rclcpp/cmake)
[0.209s] -- Using all available rosidl_typesupport_c: rosidl_typesupport_fastrtps_c;rosidl_typesupport_introspection_c
[0.212s] -- Found rosidl_adapter: 1.3.1 (/opt/ros/foxy/share/rosidl_adapter/cmake)
[0.299s] -- Using all available rosidl_typesupport_cpp: rosidl_typesupport_fastrtps_cpp;rosidl_typesupport_introspection_cpp
[0.338s] -- Found rmw_implementation_cmake: 1.0.4 (/opt/ros/foxy/share/rmw_implementation_cmake/cmake)
[0.339s] -- Using RMW implementation 'rmw_fastrtps_cpp' as default
[0.451s] -- Found interfaces: 0.0.0 (/home/moajouz/ros2_ws/install/interfaces/share/interfaces/cmake)
[0.583s] -- Configuring done
[0.594s] -- Generating done
[0.595s] -- Build files have been written to: /home/moajouz/ros2_ws/build/tutorial_cpp
[0.612s] [35m[1mScanning dependencies of target subscriber[0m
[0.626s] [ 66%] Built target node
[0.626s] [ 50%] Built target publisher
[0.635s] [ 83%] [32mBuilding CXX object CMakeFiles/subscriber.dir/src/publisher.cpp.o[0m
[2.772s] [100%] [32m[1mLinking CXX executable subscriber[0m
[2.876s] [100%] Built target subscriber
[2.884s] Invoked command in '/home/moajouz/ros2_ws/build/tutorial_cpp' returned '0': CMAKE_PREFIX_PATH=/home/moajouz/ros2_ws/install/interfaces:/home/moajouz/ros2_ws/install/tutorial_cpp:/home/moajouz/ros2_ws/install/tutorial_python:/opt/ros/foxy PYTHONPATH=/home/moajouz/ros2_ws/install/interfaces/lib/python3.8/site-packages:/home/moajouz/ros2_ws/install/tutorial_python/lib/python3.8/site-packages:/opt/ros/foxy/lib/python3.8/site-packages /usr/bin/cmake --build /home/moajouz/ros2_ws/build/tutorial_cpp -- -j12 -l12
[2.909s] Invoking command in '/home/moajouz/ros2_ws/build/tutorial_cpp': CMAKE_PREFIX_PATH=/home/moajouz/ros2_ws/install/interfaces:/home/moajouz/ros2_ws/install/tutorial_cpp:/home/moajouz/ros2_ws/install/tutorial_python:/opt/ros/foxy PYTHONPATH=/home/moajouz/ros2_ws/install/interfaces/lib/python3.8/site-packages:/home/moajouz/ros2_ws/install/tutorial_python/lib/python3.8/site-packages:/opt/ros/foxy/lib/python3.8/site-packages /usr/bin/cmake --install /home/moajouz/ros2_ws/build/tutorial_cpp
[2.915s] -- Install configuration: ""
[2.915s] -- Up-to-date: /home/moajouz/ros2_ws/install/tutorial_cpp/lib/tutorial_cpp/node
[2.915s] -- Up-to-date: /home/moajouz/ros2_ws/install/tutorial_cpp/lib/tutorial_cpp/publisher
[2.915s] -- Installing: /home/moajouz/ros2_ws/install/tutorial_cpp/lib/tutorial_cpp/subscriber
[2.916s] -- Set runtime path of "/home/moajouz/ros2_ws/install/tutorial_cpp/lib/tutorial_cpp/subscriber" to ""
[2.916s] -- Up-to-date: /home/moajouz/ros2_ws/install/tutorial_cpp/share/ament_index/resource_index/package_run_dependencies/tutorial_cpp
[2.916s] -- Up-to-date: /home/moajouz/ros2_ws/install/tutorial_cpp/share/ament_index/resource_index/parent_prefix_path/tutorial_cpp
[2.916s] -- Up-to-date: /home/moajouz/ros2_ws/install/tutorial_cpp/share/tutorial_cpp/environment/ament_prefix_path.sh
[2.916s] -- Installing: /home/moajouz/ros2_ws/install/tutorial_cpp/share/tutorial_cpp/environment/ament_prefix_path.dsv
[2.916s] -- Up-to-date: /home/moajouz/ros2_ws/install/tutorial_cpp/share/tutorial_cpp/environment/path.sh
[2.916s] -- Installing: /home/moajouz/ros2_ws/install/tutorial_cpp/share/tutorial_cpp/environment/path.dsv
[2.916s] -- Up-to-date: /home/moajouz/ros2_ws/install/tutorial_cpp/share/tutorial_cpp/local_setup.bash
[2.916s] -- Up-to-date: /home/moajouz/ros2_ws/install/tutorial_cpp/share/tutorial_cpp/local_setup.sh
[2.917s] -- Up-to-date: /home/moajouz/ros2_ws/install/tutorial_cpp/share/tutorial_cpp/local_setup.zsh
[2.917s] -- Installing: /home/moajouz/ros2_ws/install/tutorial_cpp/share/tutorial_cpp/local_setup.dsv
[2.917s] -- Installing: /home/moajouz/ros2_ws/install/tutorial_cpp/share/tutorial_cpp/package.dsv
[2.917s] -- Up-to-date: /home/moajouz/ros2_ws/install/tutorial_cpp/share/ament_index/resource_index/packages/tutorial_cpp
[2.917s] -- Up-to-date: /home/moajouz/ros2_ws/install/tutorial_cpp/share/tutorial_cpp/cmake/tutorial_cppConfig.cmake
[2.917s] -- Up-to-date: /home/moajouz/ros2_ws/install/tutorial_cpp/share/tutorial_cpp/cmake/tutorial_cppConfig-version.cmake
[2.917s] -- Up-to-date: /home/moajouz/ros2_ws/install/tutorial_cpp/share/tutorial_cpp/package.xml
[2.918s] Invoked command in '/home/moajouz/ros2_ws/build/tutorial_cpp' returned '0': CMAKE_PREFIX_PATH=/home/moajouz/ros2_ws/install/interfaces:/home/moajouz/ros2_ws/install/tutorial_cpp:/home/moajouz/ros2_ws/install/tutorial_python:/opt/ros/foxy PYTHONPATH=/home/moajouz/ros2_ws/install/interfaces/lib/python3.8/site-packages:/home/moajouz/ros2_ws/install/tutorial_python/lib/python3.8/site-packages:/opt/ros/foxy/lib/python3.8/site-packages /usr/bin/cmake --install /home/moajouz/ros2_ws/build/tutorial_cpp
