/home/moajouz/ros2_ws/install/tutorial_python/lib/python3.8/site-packages/tutorial_python/publisher.py
/home/moajouz/ros2_ws/install/tutorial_python/lib/python3.8/site-packages/tutorial_python/subscriber.py
/home/moajouz/ros2_ws/install/tutorial_python/lib/python3.8/site-packages/tutorial_python/__init__.py
/home/moajouz/ros2_ws/install/tutorial_python/lib/python3.8/site-packages/tutorial_python/node.py
/home/moajouz/ros2_ws/install/tutorial_python/lib/python3.8/site-packages/tutorial_python/__pycache__/publisher.cpython-38.pyc
/home/moajouz/ros2_ws/install/tutorial_python/lib/python3.8/site-packages/tutorial_python/__pycache__/subscriber.cpython-38.pyc
/home/moajouz/ros2_ws/install/tutorial_python/lib/python3.8/site-packages/tutorial_python/__pycache__/__init__.cpython-38.pyc
/home/moajouz/ros2_ws/install/tutorial_python/lib/python3.8/site-packages/tutorial_python/__pycache__/node.cpython-38.pyc
/home/moajouz/ros2_ws/install/tutorial_python/share/ament_index/resource_index/packages/tutorial_python
/home/moajouz/ros2_ws/install/tutorial_python/share/tutorial_python/package.xml
/home/moajouz/ros2_ws/install/tutorial_python/lib/python3.8/site-packages/tutorial_python-0.0.0-py3.8.egg-info/top_level.txt
/home/moajouz/ros2_ws/install/tutorial_python/lib/python3.8/site-packages/tutorial_python-0.0.0-py3.8.egg-info/zip-safe
/home/moajouz/ros2_ws/install/tutorial_python/lib/python3.8/site-packages/tutorial_python-0.0.0-py3.8.egg-info/dependency_links.txt
/home/moajouz/ros2_ws/install/tutorial_python/lib/python3.8/site-packages/tutorial_python-0.0.0-py3.8.egg-info/requires.txt
/home/moajouz/ros2_ws/install/tutorial_python/lib/python3.8/site-packages/tutorial_python-0.0.0-py3.8.egg-info/entry_points.txt
/home/moajouz/ros2_ws/install/tutorial_python/lib/python3.8/site-packages/tutorial_python-0.0.0-py3.8.egg-info/PKG-INFO
/home/moajouz/ros2_ws/install/tutorial_python/lib/python3.8/site-packages/tutorial_python-0.0.0-py3.8.egg-info/SOURCES.txt
/home/moajouz/ros2_ws/install/tutorial_python/lib/tutorial_python/node
/home/moajouz/ros2_ws/install/tutorial_python/lib/tutorial_python/publisher
/home/moajouz/ros2_ws/install/tutorial_python/lib/tutorial_python/subscriber
