running egg_info
creating ../../build/tutorial_python/tutorial_python.egg-info
writing ../../build/tutorial_python/tutorial_python.egg-info/PKG-INFO
writing dependency_links to ../../build/tutorial_python/tutorial_python.egg-info/dependency_links.txt
writing entry points to ../../build/tutorial_python/tutorial_python.egg-info/entry_points.txt
writing requirements to ../../build/tutorial_python/tutorial_python.egg-info/requires.txt
writing top-level names to ../../build/tutorial_python/tutorial_python.egg-info/top_level.txt
writing manifest file '../../build/tutorial_python/tutorial_python.egg-info/SOURCES.txt'
reading manifest file '../../build/tutorial_python/tutorial_python.egg-info/SOURCES.txt'
writing manifest file '../../build/tutorial_python/tutorial_python.egg-info/SOURCES.txt'
running build
running build_py
creating /home/moajouz/ros2_ws/build/tutorial_python/build
creating /home/moajouz/ros2_ws/build/tutorial_python/build/lib
creating /home/moajouz/ros2_ws/build/tutorial_python/build/lib/tutorial_python
copying tutorial_python/publisher.py -> /home/moajouz/ros2_ws/build/tutorial_python/build/lib/tutorial_python
copying tutorial_python/subscriber.py -> /home/moajouz/ros2_ws/build/tutorial_python/build/lib/tutorial_python
copying tutorial_python/__init__.py -> /home/moajouz/ros2_ws/build/tutorial_python/build/lib/tutorial_python
copying tutorial_python/node.py -> /home/moajouz/ros2_ws/build/tutorial_python/build/lib/tutorial_python
running install
running install_lib
creating /home/moajouz/ros2_ws/install/tutorial_python/lib/python3.8/site-packages/tutorial_python
copying /home/moajouz/ros2_ws/build/tutorial_python/build/lib/tutorial_python/publisher.py -> /home/moajouz/ros2_ws/install/tutorial_python/lib/python3.8/site-packages/tutorial_python
copying /home/moajouz/ros2_ws/build/tutorial_python/build/lib/tutorial_python/subscriber.py -> /home/moajouz/ros2_ws/install/tutorial_python/lib/python3.8/site-packages/tutorial_python
copying /home/moajouz/ros2_ws/build/tutorial_python/build/lib/tutorial_python/__init__.py -> /home/moajouz/ros2_ws/install/tutorial_python/lib/python3.8/site-packages/tutorial_python
copying /home/moajouz/ros2_ws/build/tutorial_python/build/lib/tutorial_python/node.py -> /home/moajouz/ros2_ws/install/tutorial_python/lib/python3.8/site-packages/tutorial_python
byte-compiling /home/moajouz/ros2_ws/install/tutorial_python/lib/python3.8/site-packages/tutorial_python/publisher.py to publisher.cpython-38.pyc
byte-compiling /home/moajouz/ros2_ws/install/tutorial_python/lib/python3.8/site-packages/tutorial_python/subscriber.py to subscriber.cpython-38.pyc
byte-compiling /home/moajouz/ros2_ws/install/tutorial_python/lib/python3.8/site-packages/tutorial_python/__init__.py to __init__.cpython-38.pyc
byte-compiling /home/moajouz/ros2_ws/install/tutorial_python/lib/python3.8/site-packages/tutorial_python/node.py to node.cpython-38.pyc
running install_data
creating /home/moajouz/ros2_ws/install/tutorial_python/share/ament_index
creating /home/moajouz/ros2_ws/install/tutorial_python/share/ament_index/resource_index
creating /home/moajouz/ros2_ws/install/tutorial_python/share/ament_index/resource_index/packages
copying resource/tutorial_python -> /home/moajouz/ros2_ws/install/tutorial_python/share/ament_index/resource_index/packages
copying package.xml -> /home/moajouz/ros2_ws/install/tutorial_python/share/tutorial_python
running install_egg_info
Copying ../../build/tutorial_python/tutorial_python.egg-info to /home/moajouz/ros2_ws/install/tutorial_python/lib/python3.8/site-packages/tutorial_python-0.0.0-py3.8.egg-info
running install_scripts
Installing node script to /home/moajouz/ros2_ws/install/tutorial_python/lib/tutorial_python
Installing publisher script to /home/moajouz/ros2_ws/install/tutorial_python/lib/tutorial_python
Installing subscriber script to /home/moajouz/ros2_ws/install/tutorial_python/lib/tutorial_python
writing list of installed files to '/home/moajouz/ros2_ws/build/tutorial_python/install.log'
