[0.193s] DEBUG:colcon:Command line arguments: ['/usr/bin/colcon', 'list', '-p', '--base-paths', '/home/moajouz/ros2_ws']
[0.193s] DEBUG:colcon:Parsed command line arguments: Namespace(allow_overriding=[], base_paths=['/home/moajouz/ros2_ws'], build_base='build', ignore_user_meta=False, log_base=None, log_level=None, main=<bound method ListVerb.main of <colcon_package_information.verb.list.ListVerb object at 0x7f500dc216d0>>, metas=['./colcon.meta'], mixin=None, mixin_files=None, mixin_verb=('list',), names_only=False, packages_above=None, packages_above_and_dependencies=None, packages_above_depth=None, packages_end=None, packages_ignore=None, packages_ignore_regex=None, packages_select=None, packages_select_build_failed=False, packages_select_by_dep=None, packages_select_regex=None, packages_select_test_failures=False, packages_skip=None, packages_skip_build_finished=False, packages_skip_by_dep=None, packages_skip_regex=None, packages_skip_test_passed=False, packages_skip_up_to=None, packages_start=None, packages_up_to=None, packages_up_to_regex=None, paths=None, paths_only=True, topological_graph=False, topological_graph_density=False, topological_graph_dot=False, topological_graph_dot_cluster=False, topological_graph_dot_include_skipped=False, topological_graph_legend=False, topological_order=False, verb_extension=<colcon_package_information.verb.list.ListVerb object at 0x7f500dc216d0>, verb_name='list', verb_parser=<colcon_mixin.mixin.mixin_argument.MixinArgumentDecorator object at 0x7f500db05e50>)
[0.462s] Level 1:colcon.colcon_core.package_discovery:discover_packages(colcon_meta) check parameters
[0.462s] Level 1:colcon.colcon_core.package_discovery:discover_packages(recursive) check parameters
[0.462s] Level 1:colcon.colcon_core.package_discovery:discover_packages(ignore) check parameters
[0.462s] Level 1:colcon.colcon_core.package_discovery:discover_packages(path) check parameters
[0.462s] Level 1:colcon.colcon_core.package_discovery:discover_packages(recursive) discover
[0.462s] INFO:colcon.colcon_core.package_discovery:Crawling recursively for packages in '/home/moajouz/ros2_ws'
[0.462s] Level 1:colcon.colcon_core.package_identification:_identify(/home/moajouz/ros2_ws) by extensions ['ignore', 'ignore_ament_install']
[0.463s] Level 1:colcon.colcon_core.package_identification:_identify(/home/moajouz/ros2_ws) by extension 'ignore'
[0.463s] Level 1:colcon.colcon_core.package_identification:_identify(/home/moajouz/ros2_ws) by extension 'ignore_ament_install'
[0.463s] Level 1:colcon.colcon_core.package_identification:_identify(/home/moajouz/ros2_ws) by extensions ['colcon_pkg']
[0.463s] Level 1:colcon.colcon_core.package_identification:_identify(/home/moajouz/ros2_ws) by extension 'colcon_pkg'
[0.463s] Level 1:colcon.colcon_core.package_identification:_identify(/home/moajouz/ros2_ws) by extensions ['colcon_meta']
[0.463s] Level 1:colcon.colcon_core.package_identification:_identify(/home/moajouz/ros2_ws) by extension 'colcon_meta'
[0.463s] Level 1:colcon.colcon_core.package_identification:_identify(/home/moajouz/ros2_ws) by extensions ['ros']
[0.463s] Level 1:colcon.colcon_core.package_identification:_identify(/home/moajouz/ros2_ws) by extension 'ros'
[0.480s] Level 1:colcon.colcon_core.package_identification:_identify(/home/moajouz/ros2_ws) by extensions ['cmake', 'python']
[0.480s] Level 1:colcon.colcon_core.package_identification:_identify(/home/moajouz/ros2_ws) by extension 'cmake'
[0.480s] Level 1:colcon.colcon_core.package_identification:_identify(/home/moajouz/ros2_ws) by extension 'python'
[0.480s] Level 1:colcon.colcon_core.package_identification:_identify(/home/moajouz/ros2_ws) by extensions ['python_setup_py']
[0.480s] Level 1:colcon.colcon_core.package_identification:_identify(/home/moajouz/ros2_ws) by extension 'python_setup_py'
[0.480s] Level 1:colcon.colcon_core.package_identification:_identify(/home/moajouz/ros2_ws/build) by extensions ['ignore', 'ignore_ament_install']
[0.480s] Level 1:colcon.colcon_core.package_identification:_identify(/home/moajouz/ros2_ws/build) by extension 'ignore'
[0.480s] Level 1:colcon.colcon_core.package_identification:_identify(/home/moajouz/ros2_ws/build) ignored
[0.481s] Level 1:colcon.colcon_core.package_identification:_identify(/home/moajouz/ros2_ws/install) by extensions ['ignore', 'ignore_ament_install']
[0.481s] Level 1:colcon.colcon_core.package_identification:_identify(/home/moajouz/ros2_ws/install) by extension 'ignore'
[0.481s] Level 1:colcon.colcon_core.package_identification:_identify(/home/moajouz/ros2_ws/install) ignored
[0.481s] Level 1:colcon.colcon_core.package_identification:_identify(/home/moajouz/ros2_ws/log) by extensions ['ignore', 'ignore_ament_install']
[0.481s] Level 1:colcon.colcon_core.package_identification:_identify(/home/moajouz/ros2_ws/log) by extension 'ignore'
[0.481s] Level 1:colcon.colcon_core.package_identification:_identify(/home/moajouz/ros2_ws/log) ignored
[0.481s] Level 1:colcon.colcon_core.package_identification:_identify(/home/moajouz/ros2_ws/src) by extensions ['ignore', 'ignore_ament_install']
[0.481s] Level 1:colcon.colcon_core.package_identification:_identify(/home/moajouz/ros2_ws/src) by extension 'ignore'
[0.481s] Level 1:colcon.colcon_core.package_identification:_identify(/home/moajouz/ros2_ws/src) by extension 'ignore_ament_install'
[0.482s] Level 1:colcon.colcon_core.package_identification:_identify(/home/moajouz/ros2_ws/src) by extensions ['colcon_pkg']
[0.482s] Level 1:colcon.colcon_core.package_identification:_identify(/home/moajouz/ros2_ws/src) by extension 'colcon_pkg'
[0.482s] Level 1:colcon.colcon_core.package_identification:_identify(/home/moajouz/ros2_ws/src) by extensions ['colcon_meta']
[0.482s] Level 1:colcon.colcon_core.package_identification:_identify(/home/moajouz/ros2_ws/src) by extension 'colcon_meta'
[0.482s] Level 1:colcon.colcon_core.package_identification:_identify(/home/moajouz/ros2_ws/src) by extensions ['ros']
[0.482s] Level 1:colcon.colcon_core.package_identification:_identify(/home/moajouz/ros2_ws/src) by extension 'ros'
[0.482s] Level 1:colcon.colcon_core.package_identification:_identify(/home/moajouz/ros2_ws/src) by extensions ['cmake', 'python']
[0.482s] Level 1:colcon.colcon_core.package_identification:_identify(/home/moajouz/ros2_ws/src) by extension 'cmake'
[0.482s] Level 1:colcon.colcon_core.package_identification:_identify(/home/moajouz/ros2_ws/src) by extension 'python'
[0.482s] Level 1:colcon.colcon_core.package_identification:_identify(/home/moajouz/ros2_ws/src) by extensions ['python_setup_py']
[0.482s] Level 1:colcon.colcon_core.package_identification:_identify(/home/moajouz/ros2_ws/src) by extension 'python_setup_py'
[0.482s] Level 1:colcon.colcon_core.package_identification:_identify(/home/moajouz/ros2_ws/src/interfaces) by extensions ['ignore', 'ignore_ament_install']
[0.482s] Level 1:colcon.colcon_core.package_identification:_identify(/home/moajouz/ros2_ws/src/interfaces) by extension 'ignore'
[0.482s] Level 1:colcon.colcon_core.package_identification:_identify(/home/moajouz/ros2_ws/src/interfaces) by extension 'ignore_ament_install'
[0.483s] Level 1:colcon.colcon_core.package_identification:_identify(/home/moajouz/ros2_ws/src/interfaces) by extensions ['colcon_pkg']
[0.483s] Level 1:colcon.colcon_core.package_identification:_identify(/home/moajouz/ros2_ws/src/interfaces) by extension 'colcon_pkg'
[0.483s] Level 1:colcon.colcon_core.package_identification:_identify(/home/moajouz/ros2_ws/src/interfaces) by extensions ['colcon_meta']
[0.483s] Level 1:colcon.colcon_core.package_identification:_identify(/home/moajouz/ros2_ws/src/interfaces) by extension 'colcon_meta'
[0.483s] Level 1:colcon.colcon_core.package_identification:_identify(/home/moajouz/ros2_ws/src/interfaces) by extensions ['ros']
[0.483s] Level 1:colcon.colcon_core.package_identification:_identify(/home/moajouz/ros2_ws/src/interfaces) by extension 'ros'
[0.487s] DEBUG:colcon.colcon_core.package_identification:Package '/home/moajouz/ros2_ws/src/interfaces' with type 'ros.ament_cmake' and name 'interfaces'
[0.487s] Level 1:colcon.colcon_core.package_identification:_identify(/home/moajouz/ros2_ws/src/tutorial_cpp) by extensions ['ignore', 'ignore_ament_install']
[0.487s] Level 1:colcon.colcon_core.package_identification:_identify(/home/moajouz/ros2_ws/src/tutorial_cpp) by extension 'ignore'
[0.487s] Level 1:colcon.colcon_core.package_identification:_identify(/home/moajouz/ros2_ws/src/tutorial_cpp) by extension 'ignore_ament_install'
[0.487s] Level 1:colcon.colcon_core.package_identification:_identify(/home/moajouz/ros2_ws/src/tutorial_cpp) by extensions ['colcon_pkg']
[0.487s] Level 1:colcon.colcon_core.package_identification:_identify(/home/moajouz/ros2_ws/src/tutorial_cpp) by extension 'colcon_pkg'
[0.488s] Level 1:colcon.colcon_core.package_identification:_identify(/home/moajouz/ros2_ws/src/tutorial_cpp) by extensions ['colcon_meta']
[0.488s] Level 1:colcon.colcon_core.package_identification:_identify(/home/moajouz/ros2_ws/src/tutorial_cpp) by extension 'colcon_meta'
[0.488s] Level 1:colcon.colcon_core.package_identification:_identify(/home/moajouz/ros2_ws/src/tutorial_cpp) by extensions ['ros']
[0.488s] Level 1:colcon.colcon_core.package_identification:_identify(/home/moajouz/ros2_ws/src/tutorial_cpp) by extension 'ros'
[0.489s] DEBUG:colcon.colcon_core.package_identification:Package '/home/moajouz/ros2_ws/src/tutorial_cpp' with type 'ros.ament_cmake' and name 'tutorial_cpp'
[0.489s] Level 1:colcon.colcon_core.package_identification:_identify(/home/moajouz/ros2_ws/src/tutorial_python) by extensions ['ignore', 'ignore_ament_install']
[0.489s] Level 1:colcon.colcon_core.package_identification:_identify(/home/moajouz/ros2_ws/src/tutorial_python) by extension 'ignore'
[0.489s] Level 1:colcon.colcon_core.package_identification:_identify(/home/moajouz/ros2_ws/src/tutorial_python) by extension 'ignore_ament_install'
[0.489s] Level 1:colcon.colcon_core.package_identification:_identify(/home/moajouz/ros2_ws/src/tutorial_python) by extensions ['colcon_pkg']
[0.489s] Level 1:colcon.colcon_core.package_identification:_identify(/home/moajouz/ros2_ws/src/tutorial_python) by extension 'colcon_pkg'
[0.489s] Level 1:colcon.colcon_core.package_identification:_identify(/home/moajouz/ros2_ws/src/tutorial_python) by extensions ['colcon_meta']
[0.489s] Level 1:colcon.colcon_core.package_identification:_identify(/home/moajouz/ros2_ws/src/tutorial_python) by extension 'colcon_meta'
[0.489s] Level 1:colcon.colcon_core.package_identification:_identify(/home/moajouz/ros2_ws/src/tutorial_python) by extensions ['ros']
[0.489s] Level 1:colcon.colcon_core.package_identification:_identify(/home/moajouz/ros2_ws/src/tutorial_python) by extension 'ros'
[0.490s] DEBUG:colcon.colcon_core.package_identification:Package '/home/moajouz/ros2_ws/src/tutorial_python' with type 'ros.ament_python' and name 'tutorial_python'
[0.490s] Level 1:colcon.colcon_core.package_discovery:discover_packages(recursive) using defaults
