[0.011s] Invoking command in '/home/moajouz/ros2_ws/build/tutorial_cpp': CMAKE_PREFIX_PATH=/home/moajouz/ros2_ws/install/interfaces:/home/moajouz/ros2_ws/install/tutorial_cpp:/home/moajouz/ros2_ws/install/tutorial_python:/opt/ros/foxy PYTHONPATH=/home/moajouz/ros2_ws/install/interfaces/lib/python3.8/site-packages:/home/moajouz/ros2_ws/install/tutorial_python/lib/python3.8/site-packages:/opt/ros/foxy/lib/python3.8/site-packages /usr/bin/cmake --build /home/moajouz/ros2_ws/build/tutorial_cpp -- -j12 -l12
[0.033s] -- Found ament_cmake: 0.9.12 (/opt/ros/foxy/share/ament_cmake/cmake)
[0.052s] -- Using PYTHON_EXECUTABLE: /usr/bin/python3
[0.198s] -- Found rclcpp: 2.4.3 (/opt/ros/foxy/share/rclcpp/cmake)
[0.231s] -- Using all available rosidl_typesupport_c: rosidl_typesupport_fastrtps_c;rosidl_typesupport_introspection_c
[0.235s] -- Found rosidl_adapter: 1.3.1 (/opt/ros/foxy/share/rosidl_adapter/cmake)
[0.333s] -- Using all available rosidl_typesupport_cpp: rosidl_typesupport_fastrtps_cpp;rosidl_typesupport_introspection_cpp
[0.380s] -- Found rmw_implementation_cmake: 1.0.4 (/opt/ros/foxy/share/rmw_implementation_cmake/cmake)
[0.382s] -- Using RMW implementation 'rmw_fastrtps_cpp' as default
[0.507s] -- Found interfaces: 0.0.0 (/home/moajouz/ros2_ws/install/interfaces/share/interfaces/cmake)
[0.643s] -- Configuring done
[0.652s] -- Generating done
[0.653s] -- Build files have been written to: /home/moajouz/ros2_ws/build/tutorial_cpp
[0.670s] [35m[1mScanning dependencies of target talker[0m
[0.671s] [35m[1mScanning dependencies of target node[0m
[0.687s] [ 25%] [32mBuilding CXX object CMakeFiles/node.dir/src/node.cpp.o[0m
[0.693s] [ 50%] [32mBuilding CXX object CMakeFiles/talker.dir/src/publisher_member_function.cpp.o[0m
[2.082s] [ 75%] [32m[1mLinking CXX executable node[0m
[2.163s] [ 75%] Built target node
[2.875s] [100%] [32m[1mLinking CXX executable talker[0m
[2.978s] [100%] Built target talker
[2.985s] Invoked command in '/home/moajouz/ros2_ws/build/tutorial_cpp' returned '0': CMAKE_PREFIX_PATH=/home/moajouz/ros2_ws/install/interfaces:/home/moajouz/ros2_ws/install/tutorial_cpp:/home/moajouz/ros2_ws/install/tutorial_python:/opt/ros/foxy PYTHONPATH=/home/moajouz/ros2_ws/install/interfaces/lib/python3.8/site-packages:/home/moajouz/ros2_ws/install/tutorial_python/lib/python3.8/site-packages:/opt/ros/foxy/lib/python3.8/site-packages /usr/bin/cmake --build /home/moajouz/ros2_ws/build/tutorial_cpp -- -j12 -l12
[3.010s] Invoking command in '/home/moajouz/ros2_ws/build/tutorial_cpp': CMAKE_PREFIX_PATH=/home/moajouz/ros2_ws/install/interfaces:/home/moajouz/ros2_ws/install/tutorial_cpp:/home/moajouz/ros2_ws/install/tutorial_python:/opt/ros/foxy PYTHONPATH=/home/moajouz/ros2_ws/install/interfaces/lib/python3.8/site-packages:/home/moajouz/ros2_ws/install/tutorial_python/lib/python3.8/site-packages:/opt/ros/foxy/lib/python3.8/site-packages /usr/bin/cmake --install /home/moajouz/ros2_ws/build/tutorial_cpp
[3.015s] -- Install configuration: ""
[3.015s] -- Installing: /home/moajouz/ros2_ws/install/tutorial_cpp/lib/tutorial_cpp/node
[3.016s] -- Set runtime path of "/home/moajouz/ros2_ws/install/tutorial_cpp/lib/tutorial_cpp/node" to ""
[3.016s] -- Installing: /home/moajouz/ros2_ws/install/tutorial_cpp/lib/tutorial_cpp/talker
[3.017s] -- Set runtime path of "/home/moajouz/ros2_ws/install/tutorial_cpp/lib/tutorial_cpp/talker" to ""
[3.017s] -- Installing: /home/moajouz/ros2_ws/install/tutorial_cpp/share/ament_index/resource_index/package_run_dependencies/tutorial_cpp
[3.017s] -- Installing: /home/moajouz/ros2_ws/install/tutorial_cpp/share/ament_index/resource_index/parent_prefix_path/tutorial_cpp
[3.017s] -- Up-to-date: /home/moajouz/ros2_ws/install/tutorial_cpp/share/tutorial_cpp/environment/ament_prefix_path.sh
[3.017s] -- Installing: /home/moajouz/ros2_ws/install/tutorial_cpp/share/tutorial_cpp/environment/ament_prefix_path.dsv
[3.017s] -- Up-to-date: /home/moajouz/ros2_ws/install/tutorial_cpp/share/tutorial_cpp/environment/path.sh
[3.017s] -- Installing: /home/moajouz/ros2_ws/install/tutorial_cpp/share/tutorial_cpp/environment/path.dsv
[3.017s] -- Up-to-date: /home/moajouz/ros2_ws/install/tutorial_cpp/share/tutorial_cpp/local_setup.bash
[3.017s] -- Up-to-date: /home/moajouz/ros2_ws/install/tutorial_cpp/share/tutorial_cpp/local_setup.sh
[3.017s] -- Up-to-date: /home/moajouz/ros2_ws/install/tutorial_cpp/share/tutorial_cpp/local_setup.zsh
[3.017s] -- Installing: /home/moajouz/ros2_ws/install/tutorial_cpp/share/tutorial_cpp/local_setup.dsv
[3.017s] -- Installing: /home/moajouz/ros2_ws/install/tutorial_cpp/share/tutorial_cpp/package.dsv
[3.017s] -- Up-to-date: /home/moajouz/ros2_ws/install/tutorial_cpp/share/ament_index/resource_index/packages/tutorial_cpp
[3.017s] -- Up-to-date: /home/moajouz/ros2_ws/install/tutorial_cpp/share/tutorial_cpp/cmake/tutorial_cppConfig.cmake
[3.018s] -- Up-to-date: /home/moajouz/ros2_ws/install/tutorial_cpp/share/tutorial_cpp/cmake/tutorial_cppConfig-version.cmake
[3.018s] -- Installing: /home/moajouz/ros2_ws/install/tutorial_cpp/share/tutorial_cpp/package.xml
[3.019s] Invoked command in '/home/moajouz/ros2_ws/build/tutorial_cpp' returned '0': CMAKE_PREFIX_PATH=/home/moajouz/ros2_ws/install/interfaces:/home/moajouz/ros2_ws/install/tutorial_cpp:/home/moajouz/ros2_ws/install/tutorial_python:/opt/ros/foxy PYTHONPATH=/home/moajouz/ros2_ws/install/interfaces/lib/python3.8/site-packages:/home/moajouz/ros2_ws/install/tutorial_python/lib/python3.8/site-packages:/opt/ros/foxy/lib/python3.8/site-packages /usr/bin/cmake --install /home/moajouz/ros2_ws/build/tutorial_cpp
