[0.156s] DEBUG:colcon:Command line arguments: ['/usr/bin/colcon', 'build']
[0.156s] DEBUG:colcon:Parsed command line arguments: Namespace(allow_overriding=[], ament_cmake_args=None, base_paths=['.'], build_base='build', catkin_cmake_args=None, catkin_skip_building_tests=False, cmake_args=None, cmake_clean_cache=False, cmake_clean_first=False, cmake_force_configure=False, cmake_target=None, cmake_target_skip_unavailable=False, continue_on_error=False, event_handlers=None, executor='parallel', ignore_user_meta=False, install_base='install', log_base=None, log_level=None, main=<bound method BuildVerb.main of <colcon_core.verb.build.BuildVerb object at 0x7f5aff94e040>>, merge_install=False, metas=['./colcon.meta'], mixin=None, mixin_files=None, mixin_verb=('build',), packages_above=None, packages_above_and_dependencies=None, packages_above_depth=None, packages_end=None, packages_ignore=None, packages_ignore_regex=None, packages_select=None, packages_select_build_failed=False, packages_select_by_dep=None, packages_select_regex=None, packages_select_test_failures=False, packages_skip=None, packages_skip_build_finished=False, packages_skip_by_dep=None, packages_skip_regex=None, packages_skip_test_passed=False, packages_skip_up_to=None, packages_start=None, packages_up_to=None, packages_up_to_regex=None, parallel_workers=12, paths=None, symlink_install=False, test_result_base=None, verb_extension=<colcon_core.verb.build.BuildVerb object at 0x7f5aff94e040>, verb_name='build', verb_parser=<colcon_mixin.mixin.mixin_argument.MixinArgumentDecorator object at 0x7f5aff960190>)
[0.275s] Level 1:colcon.colcon_core.package_discovery:discover_packages(colcon_meta) check parameters
[0.275s] Level 1:colcon.colcon_core.package_discovery:discover_packages(recursive) check parameters
[0.276s] Level 1:colcon.colcon_core.package_discovery:discover_packages(ignore) check parameters
[0.276s] Level 1:colcon.colcon_core.package_discovery:discover_packages(path) check parameters
[0.276s] Level 1:colcon.colcon_core.package_discovery:discover_packages(colcon_meta) discover
[0.276s] Level 1:colcon.colcon_core.package_discovery:discover_packages(recursive) discover
[0.276s] INFO:colcon.colcon_core.package_discovery:Crawling recursively for packages in '/home/moajouz/ros2_ws'
[0.276s] Level 1:colcon.colcon_core.package_identification:_identify(.) by extensions ['ignore', 'ignore_ament_install']
[0.276s] Level 1:colcon.colcon_core.package_identification:_identify(.) by extension 'ignore'
[0.276s] Level 1:colcon.colcon_core.package_identification:_identify(.) by extension 'ignore_ament_install'
[0.276s] Level 1:colcon.colcon_core.package_identification:_identify(.) by extensions ['colcon_pkg']
[0.276s] Level 1:colcon.colcon_core.package_identification:_identify(.) by extension 'colcon_pkg'
[0.276s] Level 1:colcon.colcon_core.package_identification:_identify(.) by extensions ['colcon_meta']
[0.276s] Level 1:colcon.colcon_core.package_identification:_identify(.) by extension 'colcon_meta'
[0.276s] Level 1:colcon.colcon_core.package_identification:_identify(.) by extensions ['ros']
[0.276s] Level 1:colcon.colcon_core.package_identification:_identify(.) by extension 'ros'
[0.284s] Level 1:colcon.colcon_core.package_identification:_identify(.) by extensions ['cmake', 'python']
[0.284s] Level 1:colcon.colcon_core.package_identification:_identify(.) by extension 'cmake'
[0.284s] Level 1:colcon.colcon_core.package_identification:_identify(.) by extension 'python'
[0.284s] Level 1:colcon.colcon_core.package_identification:_identify(.) by extensions ['python_setup_py']
[0.284s] Level 1:colcon.colcon_core.package_identification:_identify(.) by extension 'python_setup_py'
[0.284s] Level 1:colcon.colcon_core.package_identification:_identify(build) by extensions ['ignore', 'ignore_ament_install']
[0.285s] Level 1:colcon.colcon_core.package_identification:_identify(build) by extension 'ignore'
[0.285s] Level 1:colcon.colcon_core.package_identification:_identify(build) ignored
[0.285s] Level 1:colcon.colcon_core.package_identification:_identify(install) by extensions ['ignore', 'ignore_ament_install']
[0.285s] Level 1:colcon.colcon_core.package_identification:_identify(install) by extension 'ignore'
[0.285s] Level 1:colcon.colcon_core.package_identification:_identify(install) ignored
[0.285s] Level 1:colcon.colcon_core.package_identification:_identify(log) by extensions ['ignore', 'ignore_ament_install']
[0.285s] Level 1:colcon.colcon_core.package_identification:_identify(log) by extension 'ignore'
[0.285s] Level 1:colcon.colcon_core.package_identification:_identify(log) ignored
[0.285s] Level 1:colcon.colcon_core.package_identification:_identify(src) by extensions ['ignore', 'ignore_ament_install']
[0.285s] Level 1:colcon.colcon_core.package_identification:_identify(src) by extension 'ignore'
[0.285s] Level 1:colcon.colcon_core.package_identification:_identify(src) by extension 'ignore_ament_install'
[0.285s] Level 1:colcon.colcon_core.package_identification:_identify(src) by extensions ['colcon_pkg']
[0.285s] Level 1:colcon.colcon_core.package_identification:_identify(src) by extension 'colcon_pkg'
[0.285s] Level 1:colcon.colcon_core.package_identification:_identify(src) by extensions ['colcon_meta']
[0.285s] Level 1:colcon.colcon_core.package_identification:_identify(src) by extension 'colcon_meta'
[0.285s] Level 1:colcon.colcon_core.package_identification:_identify(src) by extensions ['ros']
[0.285s] Level 1:colcon.colcon_core.package_identification:_identify(src) by extension 'ros'
[0.285s] Level 1:colcon.colcon_core.package_identification:_identify(src) by extensions ['cmake', 'python']
[0.285s] Level 1:colcon.colcon_core.package_identification:_identify(src) by extension 'cmake'
[0.285s] Level 1:colcon.colcon_core.package_identification:_identify(src) by extension 'python'
[0.285s] Level 1:colcon.colcon_core.package_identification:_identify(src) by extensions ['python_setup_py']
[0.285s] Level 1:colcon.colcon_core.package_identification:_identify(src) by extension 'python_setup_py'
[0.286s] Level 1:colcon.colcon_core.package_identification:_identify(src/interfaces) by extensions ['ignore', 'ignore_ament_install']
[0.286s] Level 1:colcon.colcon_core.package_identification:_identify(src/interfaces) by extension 'ignore'
[0.286s] Level 1:colcon.colcon_core.package_identification:_identify(src/interfaces) by extension 'ignore_ament_install'
[0.286s] Level 1:colcon.colcon_core.package_identification:_identify(src/interfaces) by extensions ['colcon_pkg']
[0.286s] Level 1:colcon.colcon_core.package_identification:_identify(src/interfaces) by extension 'colcon_pkg'
[0.286s] Level 1:colcon.colcon_core.package_identification:_identify(src/interfaces) by extensions ['colcon_meta']
[0.286s] Level 1:colcon.colcon_core.package_identification:_identify(src/interfaces) by extension 'colcon_meta'
[0.286s] Level 1:colcon.colcon_core.package_identification:_identify(src/interfaces) by extensions ['ros']
[0.286s] Level 1:colcon.colcon_core.package_identification:_identify(src/interfaces) by extension 'ros'
[0.288s] DEBUG:colcon.colcon_core.package_identification:Package 'src/interfaces' with type 'ros.ament_cmake' and name 'interfaces'
[0.288s] Level 1:colcon.colcon_core.package_identification:_identify(src/tutorial_cpp) by extensions ['ignore', 'ignore_ament_install']
[0.288s] Level 1:colcon.colcon_core.package_identification:_identify(src/tutorial_cpp) by extension 'ignore'
[0.288s] Level 1:colcon.colcon_core.package_identification:_identify(src/tutorial_cpp) by extension 'ignore_ament_install'
[0.288s] Level 1:colcon.colcon_core.package_identification:_identify(src/tutorial_cpp) by extensions ['colcon_pkg']
[0.288s] Level 1:colcon.colcon_core.package_identification:_identify(src/tutorial_cpp) by extension 'colcon_pkg'
[0.288s] Level 1:colcon.colcon_core.package_identification:_identify(src/tutorial_cpp) by extensions ['colcon_meta']
[0.288s] Level 1:colcon.colcon_core.package_identification:_identify(src/tutorial_cpp) by extension 'colcon_meta'
[0.288s] Level 1:colcon.colcon_core.package_identification:_identify(src/tutorial_cpp) by extensions ['ros']
[0.288s] Level 1:colcon.colcon_core.package_identification:_identify(src/tutorial_cpp) by extension 'ros'
[0.289s] DEBUG:colcon.colcon_core.package_identification:Package 'src/tutorial_cpp' with type 'ros.ament_cmake' and name 'tutorial_cpp'
[0.289s] Level 1:colcon.colcon_core.package_identification:_identify(src/tutorial_python) by extensions ['ignore', 'ignore_ament_install']
[0.289s] Level 1:colcon.colcon_core.package_identification:_identify(src/tutorial_python) by extension 'ignore'
[0.289s] Level 1:colcon.colcon_core.package_identification:_identify(src/tutorial_python) by extension 'ignore_ament_install'
[0.289s] Level 1:colcon.colcon_core.package_identification:_identify(src/tutorial_python) by extensions ['colcon_pkg']
[0.289s] Level 1:colcon.colcon_core.package_identification:_identify(src/tutorial_python) by extension 'colcon_pkg'
[0.289s] Level 1:colcon.colcon_core.package_identification:_identify(src/tutorial_python) by extensions ['colcon_meta']
[0.289s] Level 1:colcon.colcon_core.package_identification:_identify(src/tutorial_python) by extension 'colcon_meta'
[0.289s] Level 1:colcon.colcon_core.package_identification:_identify(src/tutorial_python) by extensions ['ros']
[0.289s] Level 1:colcon.colcon_core.package_identification:_identify(src/tutorial_python) by extension 'ros'
[0.289s] DEBUG:colcon.colcon_core.package_identification:Package 'src/tutorial_python' with type 'ros.ament_python' and name 'tutorial_python'
[0.289s] Level 1:colcon.colcon_core.package_discovery:discover_packages(recursive) using defaults
[0.290s] Level 1:colcon.colcon_core.package_discovery:discover_packages(ignore) discover
[0.290s] Level 1:colcon.colcon_core.package_discovery:discover_packages(ignore) using defaults
[0.290s] Level 1:colcon.colcon_core.package_discovery:discover_packages(path) discover
[0.290s] Level 1:colcon.colcon_core.package_discovery:discover_packages(path) using defaults
[0.301s] Level 1:colcon.colcon_core.package_discovery:discover_packages(prefix_path) check parameters
[0.301s] Level 1:colcon.colcon_core.package_discovery:discover_packages(prefix_path) discover
[0.303s] DEBUG:colcon.colcon_installed_package_information.package_discovery:Found 3 installed packages in /home/moajouz/ros2_ws/install
[0.304s] DEBUG:colcon.colcon_installed_package_information.package_discovery:Found 256 installed packages in /opt/ros/foxy
[0.306s] Level 1:colcon.colcon_core.package_discovery:discover_packages(prefix_path) using defaults
[0.369s] Level 5:colcon.colcon_core.verb:set package 'interfaces' build argument 'cmake_args' from command line to 'None'
[0.369s] Level 5:colcon.colcon_core.verb:set package 'interfaces' build argument 'cmake_target' from command line to 'None'
[0.369s] Level 5:colcon.colcon_core.verb:set package 'interfaces' build argument 'cmake_target_skip_unavailable' from command line to 'False'
[0.369s] Level 5:colcon.colcon_core.verb:set package 'interfaces' build argument 'cmake_clean_cache' from command line to 'False'
[0.369s] Level 5:colcon.colcon_core.verb:set package 'interfaces' build argument 'cmake_clean_first' from command line to 'False'
[0.369s] Level 5:colcon.colcon_core.verb:set package 'interfaces' build argument 'cmake_force_configure' from command line to 'False'
[0.369s] Level 5:colcon.colcon_core.verb:set package 'interfaces' build argument 'ament_cmake_args' from command line to 'None'
[0.369s] Level 5:colcon.colcon_core.verb:set package 'interfaces' build argument 'catkin_cmake_args' from command line to 'None'
[0.369s] Level 5:colcon.colcon_core.verb:set package 'interfaces' build argument 'catkin_skip_building_tests' from command line to 'False'
[0.369s] DEBUG:colcon.colcon_core.verb:Building package 'interfaces' with the following arguments: {'ament_cmake_args': None, 'build_base': '/home/moajouz/ros2_ws/build/interfaces', 'catkin_cmake_args': None, 'catkin_skip_building_tests': False, 'cmake_args': None, 'cmake_clean_cache': False, 'cmake_clean_first': False, 'cmake_force_configure': False, 'cmake_target': None, 'cmake_target_skip_unavailable': False, 'install_base': '/home/moajouz/ros2_ws/install/interfaces', 'merge_install': False, 'path': '/home/moajouz/ros2_ws/src/interfaces', 'symlink_install': False, 'test_result_base': None}
[0.369s] Level 5:colcon.colcon_core.verb:set package 'tutorial_cpp' build argument 'cmake_args' from command line to 'None'
[0.369s] Level 5:colcon.colcon_core.verb:set package 'tutorial_cpp' build argument 'cmake_target' from command line to 'None'
[0.369s] Level 5:colcon.colcon_core.verb:set package 'tutorial_cpp' build argument 'cmake_target_skip_unavailable' from command line to 'False'
[0.369s] Level 5:colcon.colcon_core.verb:set package 'tutorial_cpp' build argument 'cmake_clean_cache' from command line to 'False'
[0.369s] Level 5:colcon.colcon_core.verb:set package 'tutorial_cpp' build argument 'cmake_clean_first' from command line to 'False'
[0.369s] Level 5:colcon.colcon_core.verb:set package 'tutorial_cpp' build argument 'cmake_force_configure' from command line to 'False'
[0.369s] Level 5:colcon.colcon_core.verb:set package 'tutorial_cpp' build argument 'ament_cmake_args' from command line to 'None'
[0.369s] Level 5:colcon.colcon_core.verb:set package 'tutorial_cpp' build argument 'catkin_cmake_args' from command line to 'None'
[0.369s] Level 5:colcon.colcon_core.verb:set package 'tutorial_cpp' build argument 'catkin_skip_building_tests' from command line to 'False'
[0.369s] DEBUG:colcon.colcon_core.verb:Building package 'tutorial_cpp' with the following arguments: {'ament_cmake_args': None, 'build_base': '/home/moajouz/ros2_ws/build/tutorial_cpp', 'catkin_cmake_args': None, 'catkin_skip_building_tests': False, 'cmake_args': None, 'cmake_clean_cache': False, 'cmake_clean_first': False, 'cmake_force_configure': False, 'cmake_target': None, 'cmake_target_skip_unavailable': False, 'install_base': '/home/moajouz/ros2_ws/install/tutorial_cpp', 'merge_install': False, 'path': '/home/moajouz/ros2_ws/src/tutorial_cpp', 'symlink_install': False, 'test_result_base': None}
[0.370s] Level 5:colcon.colcon_core.verb:set package 'tutorial_python' build argument 'cmake_args' from command line to 'None'
[0.370s] Level 5:colcon.colcon_core.verb:set package 'tutorial_python' build argument 'cmake_target' from command line to 'None'
[0.370s] Level 5:colcon.colcon_core.verb:set package 'tutorial_python' build argument 'cmake_target_skip_unavailable' from command line to 'False'
[0.370s] Level 5:colcon.colcon_core.verb:set package 'tutorial_python' build argument 'cmake_clean_cache' from command line to 'False'
[0.370s] Level 5:colcon.colcon_core.verb:set package 'tutorial_python' build argument 'cmake_clean_first' from command line to 'False'
[0.370s] Level 5:colcon.colcon_core.verb:set package 'tutorial_python' build argument 'cmake_force_configure' from command line to 'False'
[0.370s] Level 5:colcon.colcon_core.verb:set package 'tutorial_python' build argument 'ament_cmake_args' from command line to 'None'
[0.370s] Level 5:colcon.colcon_core.verb:set package 'tutorial_python' build argument 'catkin_cmake_args' from command line to 'None'
[0.370s] Level 5:colcon.colcon_core.verb:set package 'tutorial_python' build argument 'catkin_skip_building_tests' from command line to 'False'
[0.370s] DEBUG:colcon.colcon_core.verb:Building package 'tutorial_python' with the following arguments: {'ament_cmake_args': None, 'build_base': '/home/moajouz/ros2_ws/build/tutorial_python', 'catkin_cmake_args': None, 'catkin_skip_building_tests': False, 'cmake_args': None, 'cmake_clean_cache': False, 'cmake_clean_first': False, 'cmake_force_configure': False, 'cmake_target': None, 'cmake_target_skip_unavailable': False, 'install_base': '/home/moajouz/ros2_ws/install/tutorial_python', 'merge_install': False, 'path': '/home/moajouz/ros2_ws/src/tutorial_python', 'symlink_install': False, 'test_result_base': None}
[0.370s] INFO:colcon.colcon_core.executor:Executing jobs using 'parallel' executor
[0.371s] DEBUG:colcon.colcon_parallel_executor.executor.parallel:run_until_complete
[0.371s] INFO:colcon.colcon_ros.task.ament_cmake.build:Building ROS package in '/home/moajouz/ros2_ws/src/interfaces' with build type 'ament_cmake'
[0.371s] INFO:colcon.colcon_cmake.task.cmake.build:Building CMake package in '/home/moajouz/ros2_ws/src/interfaces'
[0.374s] INFO:colcon.colcon_core.plugin_system:Skipping extension 'colcon_core.shell.bat': Not used on non-Windows systems
[0.374s] INFO:colcon.colcon_core.shell:Skip shell extension 'powershell' for command environment: Not usable outside of PowerShell
[0.374s] DEBUG:colcon.colcon_core.shell:Skip shell extension 'dsv' for command environment
[0.383s] DEBUG:colcon.colcon_core.event_handler.log_command:Invoking command in '/home/moajouz/ros2_ws/build/interfaces': CMAKE_PREFIX_PATH=${CMAKE_PREFIX_PATH}:/home/moajouz/ros2_ws/install/tutorial_python:/opt/ros/foxy /usr/bin/cmake --build /home/moajouz/ros2_ws/build/interfaces -- -j12 -l12
[0.556s] DEBUG:colcon.colcon_core.event_handler.log_command:Invoked command in '/home/moajouz/ros2_ws/build/interfaces' returned '0': CMAKE_PREFIX_PATH=${CMAKE_PREFIX_PATH}:/home/moajouz/ros2_ws/install/tutorial_python:/opt/ros/foxy /usr/bin/cmake --build /home/moajouz/ros2_ws/build/interfaces -- -j12 -l12
[0.600s] DEBUG:colcon.colcon_core.event_handler.log_command:Invoking command in '/home/moajouz/ros2_ws/build/interfaces': CMAKE_PREFIX_PATH=${CMAKE_PREFIX_PATH}:/home/moajouz/ros2_ws/install/tutorial_python:/opt/ros/foxy /usr/bin/cmake --install /home/moajouz/ros2_ws/build/interfaces
[0.643s] Level 1:colcon.colcon_core.environment:create_environment_scripts_only(interfaces)
[0.644s] DEBUG:colcon.colcon_core.event_handler.log_command:Invoked command in '/home/moajouz/ros2_ws/build/interfaces' returned '0': CMAKE_PREFIX_PATH=${CMAKE_PREFIX_PATH}:/home/moajouz/ros2_ws/install/tutorial_python:/opt/ros/foxy /usr/bin/cmake --install /home/moajouz/ros2_ws/build/interfaces
[0.647s] Level 1:colcon.colcon_core.environment:checking '/home/moajouz/ros2_ws/install/interfaces' for CMake module files
[0.647s] Level 1:colcon.colcon_core.environment:checking '/home/moajouz/ros2_ws/install/interfaces' for CMake config files
[0.647s] Level 1:colcon.colcon_core.shell:create_environment_hook('interfaces', 'cmake_prefix_path')
[0.648s] INFO:colcon.colcon_core.shell:Creating environment hook '/home/moajouz/ros2_ws/install/interfaces/share/interfaces/hook/cmake_prefix_path.ps1'
[0.648s] INFO:colcon.colcon_core.shell:Creating environment descriptor '/home/moajouz/ros2_ws/install/interfaces/share/interfaces/hook/cmake_prefix_path.dsv'
[0.649s] INFO:colcon.colcon_core.shell:Creating environment hook '/home/moajouz/ros2_ws/install/interfaces/share/interfaces/hook/cmake_prefix_path.sh'
[0.650s] Level 1:colcon.colcon_core.environment:checking '/home/moajouz/ros2_ws/install/interfaces/lib'
[0.650s] Level 1:colcon.colcon_core.shell:create_environment_hook('interfaces', 'ld_library_path_lib')
[0.650s] INFO:colcon.colcon_core.shell:Creating environment hook '/home/moajouz/ros2_ws/install/interfaces/share/interfaces/hook/ld_library_path_lib.ps1'
[0.650s] INFO:colcon.colcon_core.shell:Creating environment descriptor '/home/moajouz/ros2_ws/install/interfaces/share/interfaces/hook/ld_library_path_lib.dsv'
[0.650s] INFO:colcon.colcon_core.shell:Creating environment hook '/home/moajouz/ros2_ws/install/interfaces/share/interfaces/hook/ld_library_path_lib.sh'
[0.651s] Level 1:colcon.colcon_core.environment:checking '/home/moajouz/ros2_ws/install/interfaces/bin'
[0.651s] Level 1:colcon.colcon_core.environment:checking '/home/moajouz/ros2_ws/install/interfaces/lib/pkgconfig/interfaces.pc'
[0.651s] Level 1:colcon.colcon_core.environment:checking '/home/moajouz/ros2_ws/install/interfaces/lib/python3.8/site-packages'
[0.651s] Level 1:colcon.colcon_core.shell:create_environment_hook('interfaces', 'pythonpath')
[0.651s] INFO:colcon.colcon_core.shell:Creating environment hook '/home/moajouz/ros2_ws/install/interfaces/share/interfaces/hook/pythonpath.ps1'
[0.651s] INFO:colcon.colcon_core.shell:Creating environment descriptor '/home/moajouz/ros2_ws/install/interfaces/share/interfaces/hook/pythonpath.dsv'
[0.652s] INFO:colcon.colcon_core.shell:Creating environment hook '/home/moajouz/ros2_ws/install/interfaces/share/interfaces/hook/pythonpath.sh'
[0.652s] Level 1:colcon.colcon_core.environment:checking '/home/moajouz/ros2_ws/install/interfaces/bin'
[0.652s] INFO:colcon.colcon_core.shell:Creating package script '/home/moajouz/ros2_ws/install/interfaces/share/interfaces/package.ps1'
[0.653s] INFO:colcon.colcon_core.shell:Creating package descriptor '/home/moajouz/ros2_ws/install/interfaces/share/interfaces/package.dsv'
[0.654s] INFO:colcon.colcon_core.shell:Creating package script '/home/moajouz/ros2_ws/install/interfaces/share/interfaces/package.sh'
[0.654s] INFO:colcon.colcon_core.shell:Creating package script '/home/moajouz/ros2_ws/install/interfaces/share/interfaces/package.bash'
[0.655s] INFO:colcon.colcon_core.shell:Creating package script '/home/moajouz/ros2_ws/install/interfaces/share/interfaces/package.zsh'
[0.656s] Level 1:colcon.colcon_core.environment:create_file_with_runtime_dependencies(/home/moajouz/ros2_ws/install/interfaces/share/colcon-core/packages/interfaces)
[0.692s] Level 1:colcon.colcon_core.environment:create_environment_scripts_only(interfaces)
[0.693s] Level 1:colcon.colcon_core.environment:checking '/home/moajouz/ros2_ws/install/interfaces' for CMake module files
[0.693s] Level 1:colcon.colcon_core.environment:checking '/home/moajouz/ros2_ws/install/interfaces' for CMake config files
[0.693s] Level 1:colcon.colcon_core.shell:create_environment_hook('interfaces', 'cmake_prefix_path')
[0.694s] INFO:colcon.colcon_core.shell:Creating environment hook '/home/moajouz/ros2_ws/install/interfaces/share/interfaces/hook/cmake_prefix_path.ps1'
[0.694s] INFO:colcon.colcon_core.shell:Creating environment descriptor '/home/moajouz/ros2_ws/install/interfaces/share/interfaces/hook/cmake_prefix_path.dsv'
[0.694s] INFO:colcon.colcon_core.shell:Creating environment hook '/home/moajouz/ros2_ws/install/interfaces/share/interfaces/hook/cmake_prefix_path.sh'
[0.695s] Level 1:colcon.colcon_core.environment:checking '/home/moajouz/ros2_ws/install/interfaces/lib'
[0.695s] Level 1:colcon.colcon_core.shell:create_environment_hook('interfaces', 'ld_library_path_lib')
[0.695s] INFO:colcon.colcon_core.shell:Creating environment hook '/home/moajouz/ros2_ws/install/interfaces/share/interfaces/hook/ld_library_path_lib.ps1'
[0.695s] INFO:colcon.colcon_core.shell:Creating environment descriptor '/home/moajouz/ros2_ws/install/interfaces/share/interfaces/hook/ld_library_path_lib.dsv'
[0.695s] INFO:colcon.colcon_core.shell:Creating environment hook '/home/moajouz/ros2_ws/install/interfaces/share/interfaces/hook/ld_library_path_lib.sh'
[0.695s] Level 1:colcon.colcon_core.environment:checking '/home/moajouz/ros2_ws/install/interfaces/bin'
[0.696s] Level 1:colcon.colcon_core.environment:checking '/home/moajouz/ros2_ws/install/interfaces/lib/pkgconfig/interfaces.pc'
[0.696s] Level 1:colcon.colcon_core.environment:checking '/home/moajouz/ros2_ws/install/interfaces/lib/python3.8/site-packages'
[0.696s] Level 1:colcon.colcon_core.shell:create_environment_hook('interfaces', 'pythonpath')
[0.696s] INFO:colcon.colcon_core.shell:Creating environment hook '/home/moajouz/ros2_ws/install/interfaces/share/interfaces/hook/pythonpath.ps1'
[0.696s] INFO:colcon.colcon_core.shell:Creating environment descriptor '/home/moajouz/ros2_ws/install/interfaces/share/interfaces/hook/pythonpath.dsv'
[0.696s] INFO:colcon.colcon_core.shell:Creating environment hook '/home/moajouz/ros2_ws/install/interfaces/share/interfaces/hook/pythonpath.sh'
[0.697s] Level 1:colcon.colcon_core.environment:checking '/home/moajouz/ros2_ws/install/interfaces/bin'
[0.697s] INFO:colcon.colcon_core.shell:Creating package script '/home/moajouz/ros2_ws/install/interfaces/share/interfaces/package.ps1'
[0.698s] INFO:colcon.colcon_core.shell:Creating package descriptor '/home/moajouz/ros2_ws/install/interfaces/share/interfaces/package.dsv'
[0.698s] INFO:colcon.colcon_core.shell:Creating package script '/home/moajouz/ros2_ws/install/interfaces/share/interfaces/package.sh'
[0.698s] INFO:colcon.colcon_core.shell:Creating package script '/home/moajouz/ros2_ws/install/interfaces/share/interfaces/package.bash'
[0.699s] INFO:colcon.colcon_core.shell:Creating package script '/home/moajouz/ros2_ws/install/interfaces/share/interfaces/package.zsh'
[0.699s] Level 1:colcon.colcon_core.environment:create_file_with_runtime_dependencies(/home/moajouz/ros2_ws/install/interfaces/share/colcon-core/packages/interfaces)
[0.699s] INFO:colcon.colcon_ros.task.ament_cmake.build:Building ROS package in '/home/moajouz/ros2_ws/src/tutorial_cpp' with build type 'ament_cmake'
[0.699s] INFO:colcon.colcon_cmake.task.cmake.build:Building CMake package in '/home/moajouz/ros2_ws/src/tutorial_cpp'
[0.699s] INFO:colcon.colcon_core.shell:Skip shell extension 'powershell' for command environment: Not usable outside of PowerShell
[0.700s] DEBUG:colcon.colcon_core.shell:Skip shell extension 'dsv' for command environment
[0.704s] INFO:colcon.colcon_ros.task.ament_python.build:Building ROS package in '/home/moajouz/ros2_ws/src/tutorial_python' with build type 'ament_python'
[0.704s] Level 1:colcon.colcon_core.shell:create_environment_hook('tutorial_python', 'ament_prefix_path')
[0.704s] INFO:colcon.colcon_core.shell:Creating environment hook '/home/moajouz/ros2_ws/install/tutorial_python/share/tutorial_python/hook/ament_prefix_path.ps1'
[0.705s] INFO:colcon.colcon_core.shell:Creating environment descriptor '/home/moajouz/ros2_ws/install/tutorial_python/share/tutorial_python/hook/ament_prefix_path.dsv'
[0.705s] INFO:colcon.colcon_core.shell:Creating environment hook '/home/moajouz/ros2_ws/install/tutorial_python/share/tutorial_python/hook/ament_prefix_path.sh'
[0.705s] INFO:colcon.colcon_core.shell:Skip shell extension 'powershell' for command environment: Not usable outside of PowerShell
[0.705s] DEBUG:colcon.colcon_core.shell:Skip shell extension 'dsv' for command environment
[0.713s] DEBUG:colcon.colcon_core.event_handler.log_command:Invoking command in '/home/moajouz/ros2_ws/build/tutorial_cpp': CMAKE_PREFIX_PATH=/home/moajouz/ros2_ws/install/interfaces:/home/moajouz/ros2_ws/install/tutorial_cpp:/home/moajouz/ros2_ws/install/tutorial_python:/opt/ros/foxy PYTHONPATH=/home/moajouz/ros2_ws/install/interfaces/lib/python3.8/site-packages:/home/moajouz/ros2_ws/install/tutorial_python/lib/python3.8/site-packages:/opt/ros/foxy/lib/python3.8/site-packages /usr/bin/cmake --build /home/moajouz/ros2_ws/build/tutorial_cpp -- -j12 -l12
[0.885s] INFO:colcon.colcon_core.task.python.build:Building Python package in '/home/moajouz/ros2_ws/src/tutorial_python'
[0.885s] INFO:colcon.colcon_core.shell:Skip shell extension 'powershell' for command environment: Not usable outside of PowerShell
[0.885s] DEBUG:colcon.colcon_core.shell:Skip shell extension 'dsv' for command environment
[1.236s] DEBUG:colcon.colcon_core.event_handler.log_command:Invoking command in '/home/moajouz/ros2_ws/src/tutorial_python': CMAKE_PREFIX_PATH=/home/moajouz/ros2_ws/install/interfaces:/home/moajouz/ros2_ws/install/tutorial_cpp PYTHONPATH=/home/moajouz/ros2_ws/build/tutorial_python/prefix_override:/home/moajouz/ros2_ws/install/tutorial_python/lib/python3.8/site-packages:/home/moajouz/ros2_ws/install/interfaces/lib/python3.8/site-packages:/home/moajouz/ros2_ws/install/tutorial_python/lib/python3.8/site-packages:/opt/ros/foxy/lib/python3.8/site-packages /usr/bin/python3 -W ignore:setup.py install is deprecated setup.py egg_info --egg-base ../../build/tutorial_python build --build-base /home/moajouz/ros2_ws/build/tutorial_python/build install --record /home/moajouz/ros2_ws/build/tutorial_python/install.log --install-scripts $base/lib/tutorial_python --single-version-externally-managed install_data
[1.459s] Level 1:colcon.colcon_core.environment:checking '/home/moajouz/ros2_ws/install/tutorial_python' for CMake module files
[1.459s] DEBUG:colcon.colcon_core.event_handler.log_command:Invoked command in '/home/moajouz/ros2_ws/src/tutorial_python' returned '0': CMAKE_PREFIX_PATH=/home/moajouz/ros2_ws/install/interfaces:/home/moajouz/ros2_ws/install/tutorial_cpp PYTHONPATH=/home/moajouz/ros2_ws/build/tutorial_python/prefix_override:/home/moajouz/ros2_ws/install/tutorial_python/lib/python3.8/site-packages:/home/moajouz/ros2_ws/install/interfaces/lib/python3.8/site-packages:/home/moajouz/ros2_ws/install/tutorial_python/lib/python3.8/site-packages:/opt/ros/foxy/lib/python3.8/site-packages /usr/bin/python3 -W ignore:setup.py install is deprecated setup.py egg_info --egg-base ../../build/tutorial_python build --build-base /home/moajouz/ros2_ws/build/tutorial_python/build install --record /home/moajouz/ros2_ws/build/tutorial_python/install.log --install-scripts $base/lib/tutorial_python --single-version-externally-managed install_data
[1.460s] Level 1:colcon.colcon_core.environment:checking '/home/moajouz/ros2_ws/install/tutorial_python' for CMake config files
[1.460s] Level 1:colcon.colcon_core.environment:checking '/home/moajouz/ros2_ws/install/tutorial_python/lib'
[1.460s] Level 1:colcon.colcon_core.environment:checking '/home/moajouz/ros2_ws/install/tutorial_python/bin'
[1.460s] Level 1:colcon.colcon_core.environment:checking '/home/moajouz/ros2_ws/install/tutorial_python/lib/pkgconfig/tutorial_python.pc'
[1.460s] Level 1:colcon.colcon_core.environment:checking '/home/moajouz/ros2_ws/install/tutorial_python/lib/python3.8/site-packages'
[1.461s] Level 1:colcon.colcon_core.shell:create_environment_hook('tutorial_python', 'pythonpath')
[1.461s] INFO:colcon.colcon_core.shell:Creating environment hook '/home/moajouz/ros2_ws/install/tutorial_python/share/tutorial_python/hook/pythonpath.ps1'
[1.461s] INFO:colcon.colcon_core.shell:Creating environment descriptor '/home/moajouz/ros2_ws/install/tutorial_python/share/tutorial_python/hook/pythonpath.dsv'
[1.461s] INFO:colcon.colcon_core.shell:Creating environment hook '/home/moajouz/ros2_ws/install/tutorial_python/share/tutorial_python/hook/pythonpath.sh'
[1.462s] Level 1:colcon.colcon_core.environment:checking '/home/moajouz/ros2_ws/install/tutorial_python/bin'
[1.462s] Level 1:colcon.colcon_core.environment:create_environment_scripts_only(tutorial_python)
[1.462s] INFO:colcon.colcon_core.shell:Creating package script '/home/moajouz/ros2_ws/install/tutorial_python/share/tutorial_python/package.ps1'
[1.462s] INFO:colcon.colcon_core.shell:Creating package descriptor '/home/moajouz/ros2_ws/install/tutorial_python/share/tutorial_python/package.dsv'
[1.463s] INFO:colcon.colcon_core.shell:Creating package script '/home/moajouz/ros2_ws/install/tutorial_python/share/tutorial_python/package.sh'
[1.463s] INFO:colcon.colcon_core.shell:Creating package script '/home/moajouz/ros2_ws/install/tutorial_python/share/tutorial_python/package.bash'
[1.463s] INFO:colcon.colcon_core.shell:Creating package script '/home/moajouz/ros2_ws/install/tutorial_python/share/tutorial_python/package.zsh'
[1.463s] Level 1:colcon.colcon_core.environment:create_file_with_runtime_dependencies(/home/moajouz/ros2_ws/install/tutorial_python/share/colcon-core/packages/tutorial_python)
[2.161s] DEBUG:colcon.colcon_core.event_handler.log_command:Invoked command in '/home/moajouz/ros2_ws/build/tutorial_cpp' returned '0': CMAKE_PREFIX_PATH=/home/moajouz/ros2_ws/install/interfaces:/home/moajouz/ros2_ws/install/tutorial_cpp:/home/moajouz/ros2_ws/install/tutorial_python:/opt/ros/foxy PYTHONPATH=/home/moajouz/ros2_ws/install/interfaces/lib/python3.8/site-packages:/home/moajouz/ros2_ws/install/tutorial_python/lib/python3.8/site-packages:/opt/ros/foxy/lib/python3.8/site-packages /usr/bin/cmake --build /home/moajouz/ros2_ws/build/tutorial_cpp -- -j12 -l12
[2.178s] DEBUG:colcon.colcon_core.event_handler.log_command:Invoking command in '/home/moajouz/ros2_ws/build/tutorial_cpp': CMAKE_PREFIX_PATH=/home/moajouz/ros2_ws/install/interfaces:/home/moajouz/ros2_ws/install/tutorial_cpp:/home/moajouz/ros2_ws/install/tutorial_python:/opt/ros/foxy PYTHONPATH=/home/moajouz/ros2_ws/install/interfaces/lib/python3.8/site-packages:/home/moajouz/ros2_ws/install/tutorial_python/lib/python3.8/site-packages:/opt/ros/foxy/lib/python3.8/site-packages /usr/bin/cmake --install /home/moajouz/ros2_ws/build/tutorial_cpp
[2.186s] Level 1:colcon.colcon_core.environment:create_environment_scripts_only(tutorial_cpp)
[2.186s] Level 1:colcon.colcon_core.environment:checking '/home/moajouz/ros2_ws/install/tutorial_cpp' for CMake module files
[2.187s] DEBUG:colcon.colcon_core.event_handler.log_command:Invoked command in '/home/moajouz/ros2_ws/build/tutorial_cpp' returned '0': CMAKE_PREFIX_PATH=/home/moajouz/ros2_ws/install/interfaces:/home/moajouz/ros2_ws/install/tutorial_cpp:/home/moajouz/ros2_ws/install/tutorial_python:/opt/ros/foxy PYTHONPATH=/home/moajouz/ros2_ws/install/interfaces/lib/python3.8/site-packages:/home/moajouz/ros2_ws/install/tutorial_python/lib/python3.8/site-packages:/opt/ros/foxy/lib/python3.8/site-packages /usr/bin/cmake --install /home/moajouz/ros2_ws/build/tutorial_cpp
[2.187s] Level 1:colcon.colcon_core.environment:checking '/home/moajouz/ros2_ws/install/tutorial_cpp' for CMake config files
[2.187s] Level 1:colcon.colcon_core.shell:create_environment_hook('tutorial_cpp', 'cmake_prefix_path')
[2.188s] INFO:colcon.colcon_core.shell:Creating environment hook '/home/moajouz/ros2_ws/install/tutorial_cpp/share/tutorial_cpp/hook/cmake_prefix_path.ps1'
[2.188s] INFO:colcon.colcon_core.shell:Creating environment descriptor '/home/moajouz/ros2_ws/install/tutorial_cpp/share/tutorial_cpp/hook/cmake_prefix_path.dsv'
[2.188s] INFO:colcon.colcon_core.shell:Creating environment hook '/home/moajouz/ros2_ws/install/tutorial_cpp/share/tutorial_cpp/hook/cmake_prefix_path.sh'
[2.189s] Level 1:colcon.colcon_core.environment:checking '/home/moajouz/ros2_ws/install/tutorial_cpp/lib'
[2.189s] Level 1:colcon.colcon_core.environment:checking '/home/moajouz/ros2_ws/install/tutorial_cpp/bin'
[2.189s] Level 1:colcon.colcon_core.environment:checking '/home/moajouz/ros2_ws/install/tutorial_cpp/lib/pkgconfig/tutorial_cpp.pc'
[2.189s] Level 1:colcon.colcon_core.environment:checking '/home/moajouz/ros2_ws/install/tutorial_cpp/lib/python3.8/site-packages'
[2.189s] Level 1:colcon.colcon_core.environment:checking '/home/moajouz/ros2_ws/install/tutorial_cpp/bin'
[2.189s] INFO:colcon.colcon_core.shell:Creating package script '/home/moajouz/ros2_ws/install/tutorial_cpp/share/tutorial_cpp/package.ps1'
[2.190s] INFO:colcon.colcon_core.shell:Creating package descriptor '/home/moajouz/ros2_ws/install/tutorial_cpp/share/tutorial_cpp/package.dsv'
[2.190s] INFO:colcon.colcon_core.shell:Creating package script '/home/moajouz/ros2_ws/install/tutorial_cpp/share/tutorial_cpp/package.sh'
[2.190s] INFO:colcon.colcon_core.shell:Creating package script '/home/moajouz/ros2_ws/install/tutorial_cpp/share/tutorial_cpp/package.bash'
[2.190s] INFO:colcon.colcon_core.shell:Creating package script '/home/moajouz/ros2_ws/install/tutorial_cpp/share/tutorial_cpp/package.zsh'
[2.191s] Level 1:colcon.colcon_core.environment:create_file_with_runtime_dependencies(/home/moajouz/ros2_ws/install/tutorial_cpp/share/colcon-core/packages/tutorial_cpp)
[2.206s] Level 1:colcon.colcon_core.environment:create_environment_scripts_only(tutorial_cpp)
[2.207s] Level 1:colcon.colcon_core.environment:checking '/home/moajouz/ros2_ws/install/tutorial_cpp' for CMake module files
[2.207s] Level 1:colcon.colcon_core.environment:checking '/home/moajouz/ros2_ws/install/tutorial_cpp' for CMake config files
[2.207s] Level 1:colcon.colcon_core.shell:create_environment_hook('tutorial_cpp', 'cmake_prefix_path')
[2.207s] INFO:colcon.colcon_core.shell:Creating environment hook '/home/moajouz/ros2_ws/install/tutorial_cpp/share/tutorial_cpp/hook/cmake_prefix_path.ps1'
[2.208s] INFO:colcon.colcon_core.shell:Creating environment descriptor '/home/moajouz/ros2_ws/install/tutorial_cpp/share/tutorial_cpp/hook/cmake_prefix_path.dsv'
[2.208s] INFO:colcon.colcon_core.shell:Creating environment hook '/home/moajouz/ros2_ws/install/tutorial_cpp/share/tutorial_cpp/hook/cmake_prefix_path.sh'
[2.208s] Level 1:colcon.colcon_core.environment:checking '/home/moajouz/ros2_ws/install/tutorial_cpp/lib'
[2.208s] Level 1:colcon.colcon_core.environment:checking '/home/moajouz/ros2_ws/install/tutorial_cpp/bin'
[2.208s] Level 1:colcon.colcon_core.environment:checking '/home/moajouz/ros2_ws/install/tutorial_cpp/lib/pkgconfig/tutorial_cpp.pc'
[2.209s] Level 1:colcon.colcon_core.environment:checking '/home/moajouz/ros2_ws/install/tutorial_cpp/lib/python3.8/site-packages'
[2.209s] Level 1:colcon.colcon_core.environment:checking '/home/moajouz/ros2_ws/install/tutorial_cpp/bin'
[2.209s] INFO:colcon.colcon_core.shell:Creating package script '/home/moajouz/ros2_ws/install/tutorial_cpp/share/tutorial_cpp/package.ps1'
[2.209s] INFO:colcon.colcon_core.shell:Creating package descriptor '/home/moajouz/ros2_ws/install/tutorial_cpp/share/tutorial_cpp/package.dsv'
[2.210s] INFO:colcon.colcon_core.shell:Creating package script '/home/moajouz/ros2_ws/install/tutorial_cpp/share/tutorial_cpp/package.sh'
[2.210s] INFO:colcon.colcon_core.shell:Creating package script '/home/moajouz/ros2_ws/install/tutorial_cpp/share/tutorial_cpp/package.bash'
[2.210s] INFO:colcon.colcon_core.shell:Creating package script '/home/moajouz/ros2_ws/install/tutorial_cpp/share/tutorial_cpp/package.zsh'
[2.210s] Level 1:colcon.colcon_core.environment:create_file_with_runtime_dependencies(/home/moajouz/ros2_ws/install/tutorial_cpp/share/colcon-core/packages/tutorial_cpp)
[2.211s] DEBUG:colcon.colcon_parallel_executor.executor.parallel:closing loop
[2.211s] DEBUG:colcon.colcon_parallel_executor.executor.parallel:loop closed
[2.211s] DEBUG:colcon.colcon_parallel_executor.executor.parallel:run_until_complete finished with '0'
[2.211s] DEBUG:colcon.colcon_core.event_reactor:joining thread
[2.216s] INFO:colcon.colcon_core.plugin_system:Skipping extension 'colcon_notification.desktop_notification.terminal_notifier': Not used on non-Darwin systems
[2.216s] INFO:colcon.colcon_core.plugin_system:Skipping extension 'colcon_notification.desktop_notification.win32': Not used on non-Windows systems
[2.216s] INFO:colcon.colcon_notification.desktop_notification:Sending desktop notification using 'notify2'
[2.228s] DEBUG:colcon.colcon_core.event_reactor:joined thread
[2.228s] INFO:colcon.colcon_core.shell:Creating prefix script '/home/moajouz/ros2_ws/install/local_setup.ps1'
[2.229s] INFO:colcon.colcon_core.shell:Creating prefix util module '/home/moajouz/ros2_ws/install/_local_setup_util_ps1.py'
[2.231s] INFO:colcon.colcon_core.shell:Creating prefix chain script '/home/moajouz/ros2_ws/install/setup.ps1'
[2.231s] INFO:colcon.colcon_core.shell:Creating prefix script '/home/moajouz/ros2_ws/install/local_setup.sh'
[2.232s] INFO:colcon.colcon_core.shell:Creating prefix util module '/home/moajouz/ros2_ws/install/_local_setup_util_sh.py'
[2.232s] INFO:colcon.colcon_core.shell:Creating prefix chain script '/home/moajouz/ros2_ws/install/setup.sh'
[2.233s] INFO:colcon.colcon_core.shell:Creating prefix script '/home/moajouz/ros2_ws/install/local_setup.bash'
[2.234s] INFO:colcon.colcon_core.shell:Creating prefix chain script '/home/moajouz/ros2_ws/install/setup.bash'
[2.235s] INFO:colcon.colcon_core.shell:Creating prefix script '/home/moajouz/ros2_ws/install/local_setup.zsh'
[2.235s] INFO:colcon.colcon_core.shell:Creating prefix chain script '/home/moajouz/ros2_ws/install/setup.zsh'
