[0.008s] Invoking command in '/home/moajouz/ros2_ws/build/interfaces': CMAKE_PREFIX_PATH=/opt/ros/foxy /usr/bin/cmake /home/moajouz/ros2_ws/src/interfaces -DCMAKE_INSTALL_PREFIX=/home/moajouz/ros2_ws/install/interfaces
[0.022s] -- Found ament_cmake: 0.9.12 (/opt/ros/foxy/share/ament_cmake/cmake)
[0.040s] -- Found PythonInterp: /usr/bin/python3 (found suitable version "3.8.10", minimum required is "3") 
[0.040s] -- Using PYTHON_EXECUTABLE: /usr/bin/python3
[0.194s] -- Found rosidl_default_generators: 1.0.1 (/opt/ros/foxy/share/rosidl_default_generators/cmake)
[0.197s] -- Using all available rosidl_typesupport_c: rosidl_typesupport_fastrtps_c;rosidl_typesupport_introspection_c
[0.203s] -- Found rosidl_adapter: 1.3.1 (/opt/ros/foxy/share/rosidl_adapter/cmake)
[0.275s] -- Found OpenSSL: /usr/lib/x86_64-linux-gnu/libcrypto.so (found version "1.1.1f")  
[0.296s] -- Found FastRTPS: /opt/ros/foxy/include  
[0.358s] -- Using all available rosidl_typesupport_cpp: rosidl_typesupport_fastrtps_cpp;rosidl_typesupport_introspection_cpp
[0.383s] -- Found geometry_msgs: 2.0.5 (/opt/ros/foxy/share/geometry_msgs/cmake)
[0.461s] -- Found PythonInterp: /usr/bin/python3 (found version "3.8.10") 
[0.603s] -- Found ament_cmake_ros: 0.9.2 (/opt/ros/foxy/share/ament_cmake_ros/cmake)
[0.784s] -- Using all available rosidl_typesupport_c: rosidl_typesupport_fastrtps_c;rosidl_typesupport_introspection_c
[0.869s] -- Using all available rosidl_typesupport_cpp: rosidl_typesupport_fastrtps_cpp;rosidl_typesupport_introspection_cpp
[0.887s] -- Found PythonInterp: /usr/bin/python3 (found suitable version "3.8.10", minimum required is "3.5") 
[0.888s] -- Found python_cmake_module: 0.8.1 (/opt/ros/foxy/share/python_cmake_module/cmake)
[0.908s] -- Found PythonLibs: /usr/lib/x86_64-linux-gnu/libpython3.8.so (found suitable version "3.8.10", minimum required is "3.5") 
[0.908s] -- Using PYTHON_EXECUTABLE: /usr/bin/python3
[0.908s] -- Using PYTHON_INCLUDE_DIRS: /usr/include/python3.8
[0.908s] -- Using PYTHON_LIBRARIES: /usr/lib/x86_64-linux-gnu/libpython3.8.so
[0.922s] -- Found PythonExtra: .so  
[0.990s] -- Configuring done
[1.032s] -- Generating done
[1.034s] -- Build files have been written to: /home/moajouz/ros2_ws/build/interfaces
[1.041s] Invoked command in '/home/moajouz/ros2_ws/build/interfaces' returned '0': CMAKE_PREFIX_PATH=/opt/ros/foxy /usr/bin/cmake /home/moajouz/ros2_ws/src/interfaces -DCMAKE_INSTALL_PREFIX=/home/moajouz/ros2_ws/install/interfaces
[1.041s] Invoking command in '/home/moajouz/ros2_ws/build/interfaces': CMAKE_PREFIX_PATH=/opt/ros/foxy /usr/bin/cmake --build /home/moajouz/ros2_ws/build/interfaces -- -j12 -l12
[1.067s] [35m[1mScanning dependencies of target interfaces__cpp[0m
[1.067s] [  2%] [34m[1mGenerating C code for ROS interfaces[0m
[1.075s] [  5%] [34m[1mGenerating C++ code for ROS interfaces[0m
[1.292s] [  5%] Built target interfaces__cpp
[1.309s] [  7%] [34m[1mGenerating C++ introspection for ROS interfaces[0m
[1.310s] [ 10%] [34m[1mGenerating C++ type support dispatch for ROS interfaces[0m
[1.310s] [ 12%] [34m[1mGenerating C++ type support for eProsima Fast-RTPS[0m
[1.318s] [35m[1mScanning dependencies of target interfaces__rosidl_generator_c[0m
[1.330s] [ 15%] [32mBuilding C object CMakeFiles/interfaces__rosidl_generator_c.dir/rosidl_generator_c/interfaces/srv/detail/tutorial__functions.c.o[0m
[1.330s] [ 17%] [32mBuilding C object CMakeFiles/interfaces__rosidl_generator_c.dir/rosidl_generator_c/interfaces/msg/detail/tutorial__functions.c.o[0m
[1.386s] [ 20%] [32m[1mLinking C shared library libinterfaces__rosidl_generator_c.so[0m
[1.424s] [ 20%] Built target interfaces__rosidl_generator_c
[1.433s] [ 25%] [34m[1mGenerating C introspection for ROS interfaces[0m
[1.433s] [ 25%] [34m[1mGenerating C type support dispatch for ROS interfaces[0m
[1.522s] [35m[1mScanning dependencies of target interfaces__rosidl_typesupport_cpp[0m
[1.535s] [ 28%] [32mBuilding CXX object CMakeFiles/interfaces__rosidl_typesupport_cpp.dir/rosidl_typesupport_cpp/interfaces/srv/tutorial__type_support.cpp.o[0m
[1.538s] [ 30%] [32mBuilding CXX object CMakeFiles/interfaces__rosidl_typesupport_cpp.dir/rosidl_typesupport_cpp/interfaces/msg/tutorial__type_support.cpp.o[0m
[1.542s] [35m[1mScanning dependencies of target interfaces__rosidl_typesupport_introspection_cpp[0m
[1.558s] [ 33%] [32mBuilding CXX object CMakeFiles/interfaces__rosidl_typesupport_introspection_cpp.dir/rosidl_typesupport_introspection_cpp/interfaces/srv/detail/tutorial__type_support.cpp.o[0m
[1.558s] [ 35%] [32mBuilding CXX object CMakeFiles/interfaces__rosidl_typesupport_introspection_cpp.dir/rosidl_typesupport_introspection_cpp/interfaces/msg/detail/tutorial__type_support.cpp.o[0m
[1.571s] [35m[1mScanning dependencies of target interfaces__rosidl_typesupport_fastrtps_cpp[0m
[1.599s] [ 38%] [32mBuilding CXX object CMakeFiles/interfaces__rosidl_typesupport_fastrtps_cpp.dir/rosidl_typesupport_fastrtps_cpp/interfaces/srv/detail/dds_fastrtps/tutorial__type_support.cpp.o[0m
[1.601s] [ 41%] [32mBuilding CXX object CMakeFiles/interfaces__rosidl_typesupport_fastrtps_cpp.dir/rosidl_typesupport_fastrtps_cpp/interfaces/msg/detail/dds_fastrtps/tutorial__type_support.cpp.o[0m
[1.680s] [35m[1mScanning dependencies of target interfaces__rosidl_typesupport_c[0m
[1.692s] [ 43%] [32mBuilding CXX object CMakeFiles/interfaces__rosidl_typesupport_c.dir/rosidl_typesupport_c/interfaces/srv/tutorial__type_support.cpp.o[0m
[1.695s] [ 46%] [32mBuilding CXX object CMakeFiles/interfaces__rosidl_typesupport_c.dir/rosidl_typesupport_c/interfaces/msg/tutorial__type_support.cpp.o[0m
[1.706s] [35m[1mScanning dependencies of target interfaces__rosidl_typesupport_introspection_c[0m
[1.722s] [ 51%] [32mBuilding C object CMakeFiles/interfaces__rosidl_typesupport_introspection_c.dir/rosidl_typesupport_introspection_c/interfaces/msg/detail/tutorial__type_support.c.o[0m
[1.723s] [ 51%] [32mBuilding C object CMakeFiles/interfaces__rosidl_typesupport_introspection_c.dir/rosidl_typesupport_introspection_c/interfaces/srv/detail/tutorial__type_support.c.o[0m
[1.730s] [ 53%] [32m[1mLinking CXX shared library libinterfaces__rosidl_typesupport_c.so[0m
[1.769s] [ 56%] [32m[1mLinking C shared library libinterfaces__rosidl_typesupport_introspection_c.so[0m
[1.782s] [ 56%] Built target interfaces__rosidl_typesupport_c
[1.798s] [ 56%] Built target interfaces__rosidl_typesupport_introspection_c
[1.931s] [ 58%] [32m[1mLinking CXX shared library libinterfaces__rosidl_typesupport_cpp.so[0m
[1.939s] [ 61%] [32m[1mLinking CXX shared library libinterfaces__rosidl_typesupport_introspection_cpp.so[0m
[1.965s] [ 61%] Built target interfaces__rosidl_typesupport_cpp
[1.987s] [ 61%] Built target interfaces__rosidl_typesupport_introspection_cpp
[2.075s] [ 64%] [32m[1mLinking CXX shared library libinterfaces__rosidl_typesupport_fastrtps_cpp.so[0m
[2.135s] [ 64%] Built target interfaces__rosidl_typesupport_fastrtps_cpp
[2.142s] [ 66%] [34m[1mGenerating C type support for eProsima Fast-RTPS[0m
[2.342s] [35m[1mScanning dependencies of target interfaces__rosidl_typesupport_fastrtps_c[0m
[2.355s] [ 71%] [32mBuilding CXX object CMakeFiles/interfaces__rosidl_typesupport_fastrtps_c.dir/rosidl_typesupport_fastrtps_c/interfaces/msg/detail/tutorial__type_support_c.cpp.o[0m
[2.355s] [ 71%] [32mBuilding CXX object CMakeFiles/interfaces__rosidl_typesupport_fastrtps_c.dir/rosidl_typesupport_fastrtps_c/interfaces/srv/detail/tutorial__type_support_c.cpp.o[0m
[2.619s] [ 74%] [32m[1mLinking CXX shared library libinterfaces__rosidl_typesupport_fastrtps_c.so[0m
[2.678s] [ 74%] Built target interfaces__rosidl_typesupport_fastrtps_c
[2.684s] [35m[1mScanning dependencies of target interfaces[0m
[2.691s] [ 74%] Built target interfaces
[2.697s] [35m[1mScanning dependencies of target interfaces__py[0m
[2.704s] [ 76%] [34m[1mGenerating Python code for ROS interfaces[0m
[3.158s] [ 76%] Built target interfaces__py
[3.165s] [35m[1mScanning dependencies of target interfaces__python[0m
[3.193s] [ 82%] [32mBuilding C object CMakeFiles/interfaces__python.dir/rosidl_generator_py/interfaces/msg/_tutorial_s.c.o[0m
[3.193s] [ 82%] [32mBuilding C object CMakeFiles/interfaces__python.dir/rosidl_generator_py/interfaces/srv/_tutorial_s.c.o[0m
[3.299s] [ 84%] [32m[1mLinking C shared library rosidl_generator_py/interfaces/libinterfaces__python.so[0m
[3.334s] [ 84%] Built target interfaces__python
[3.343s] [35m[1mScanning dependencies of target interfaces__rosidl_typesupport_c__pyext[0m
[3.344s] [35m[1mScanning dependencies of target interfaces__rosidl_typesupport_introspection_c__pyext[0m
[3.344s] [35m[1mScanning dependencies of target interfaces__rosidl_typesupport_fastrtps_c__pyext[0m
[3.364s] [ 89%] [32mBuilding C object CMakeFiles/interfaces__rosidl_typesupport_c__pyext.dir/rosidl_generator_py/interfaces/_interfaces_s.ep.rosidl_typesupport_c.c.o[0m
[3.364s] [ 89%] [32mBuilding C object CMakeFiles/interfaces__rosidl_typesupport_introspection_c__pyext.dir/rosidl_generator_py/interfaces/_interfaces_s.ep.rosidl_typesupport_introspection_c.c.o[0m
[3.365s] [ 92%] [32mBuilding C object CMakeFiles/interfaces__rosidl_typesupport_fastrtps_c__pyext.dir/rosidl_generator_py/interfaces/_interfaces_s.ep.rosidl_typesupport_fastrtps_c.c.o[0m
[3.463s] [ 97%] [32m[1mLinking C shared library rosidl_generator_py/interfaces/interfaces_s__rosidl_typesupport_c.cpython-38-x86_64-linux-gnu.so[0m
[3.463s] [ 97%] [32m[1mLinking C shared library rosidl_generator_py/interfaces/interfaces_s__rosidl_typesupport_introspection_c.cpython-38-x86_64-linux-gnu.so[0m
[3.463s] [100%] [32m[1mLinking CXX shared library rosidl_generator_py/interfaces/interfaces_s__rosidl_typesupport_fastrtps_c.cpython-38-x86_64-linux-gnu.so[0m
[3.503s] [100%] Built target interfaces__rosidl_typesupport_introspection_c__pyext
[3.504s] [100%] Built target interfaces__rosidl_typesupport_c__pyext
[3.529s] [100%] Built target interfaces__rosidl_typesupport_fastrtps_c__pyext
[3.539s] Invoked command in '/home/moajouz/ros2_ws/build/interfaces' returned '0': CMAKE_PREFIX_PATH=/opt/ros/foxy /usr/bin/cmake --build /home/moajouz/ros2_ws/build/interfaces -- -j12 -l12
[3.589s] Invoking command in '/home/moajouz/ros2_ws/build/interfaces': CMAKE_PREFIX_PATH=/opt/ros/foxy /usr/bin/cmake --install /home/moajouz/ros2_ws/build/interfaces
[3.596s] -- Install configuration: ""
[3.596s] -- Installing: /home/moajouz/ros2_ws/install/interfaces/share/ament_index/resource_index/rosidl_interfaces/interfaces
[3.596s] -- Installing: /home/moajouz/ros2_ws/install/interfaces/include/interfaces
[3.596s] -- Installing: /home/moajouz/ros2_ws/install/interfaces/include/interfaces/msg
[3.596s] -- Installing: /home/moajouz/ros2_ws/install/interfaces/include/interfaces/msg/detail
[3.596s] -- Installing: /home/moajouz/ros2_ws/install/interfaces/include/interfaces/msg/detail/tutorial__functions.c
[3.596s] -- Installing: /home/moajouz/ros2_ws/install/interfaces/include/interfaces/msg/detail/tutorial__type_support.h
[3.596s] -- Installing: /home/moajouz/ros2_ws/install/interfaces/include/interfaces/msg/detail/tutorial__functions.h
[3.597s] -- Installing: /home/moajouz/ros2_ws/install/interfaces/include/interfaces/msg/detail/tutorial__struct.h
[3.597s] -- Installing: /home/moajouz/ros2_ws/install/interfaces/include/interfaces/msg/rosidl_generator_c__visibility_control.h
[3.597s] -- Installing: /home/moajouz/ros2_ws/install/interfaces/include/interfaces/msg/tutorial.h
[3.597s] -- Installing: /home/moajouz/ros2_ws/install/interfaces/include/interfaces/srv
[3.597s] -- Installing: /home/moajouz/ros2_ws/install/interfaces/include/interfaces/srv/detail
[3.597s] -- Installing: /home/moajouz/ros2_ws/install/interfaces/include/interfaces/srv/detail/tutorial__functions.c
[3.597s] -- Installing: /home/moajouz/ros2_ws/install/interfaces/include/interfaces/srv/detail/tutorial__type_support.h
[3.597s] -- Installing: /home/moajouz/ros2_ws/install/interfaces/include/interfaces/srv/detail/tutorial__functions.h
[3.597s] -- Installing: /home/moajouz/ros2_ws/install/interfaces/include/interfaces/srv/detail/tutorial__struct.h
[3.597s] -- Installing: /home/moajouz/ros2_ws/install/interfaces/include/interfaces/srv/tutorial.h
[3.598s] -- Installing: /home/moajouz/ros2_ws/install/interfaces/share/interfaces/environment/library_path.sh
[3.598s] -- Installing: /home/moajouz/ros2_ws/install/interfaces/share/interfaces/environment/library_path.dsv
[3.598s] -- Installing: /home/moajouz/ros2_ws/install/interfaces/lib/libinterfaces__rosidl_generator_c.so
[3.598s] -- Set runtime path of "/home/moajouz/ros2_ws/install/interfaces/lib/libinterfaces__rosidl_generator_c.so" to ""
[3.598s] -- Up-to-date: /home/moajouz/ros2_ws/install/interfaces/include/interfaces
[3.598s] -- Up-to-date: /home/moajouz/ros2_ws/install/interfaces/include/interfaces/msg
[3.598s] -- Up-to-date: /home/moajouz/ros2_ws/install/interfaces/include/interfaces/msg/detail
[3.598s] -- Installing: /home/moajouz/ros2_ws/install/interfaces/include/interfaces/msg/detail/tutorial__rosidl_typesupport_fastrtps_c.h
[3.598s] -- Installing: /home/moajouz/ros2_ws/install/interfaces/include/interfaces/msg/rosidl_typesupport_fastrtps_c__visibility_control.h
[3.598s] -- Up-to-date: /home/moajouz/ros2_ws/install/interfaces/include/interfaces/srv
[3.598s] -- Up-to-date: /home/moajouz/ros2_ws/install/interfaces/include/interfaces/srv/detail
[3.598s] -- Installing: /home/moajouz/ros2_ws/install/interfaces/include/interfaces/srv/detail/tutorial__rosidl_typesupport_fastrtps_c.h
[3.599s] -- Installing: /home/moajouz/ros2_ws/install/interfaces/lib/libinterfaces__rosidl_typesupport_fastrtps_c.so
[3.599s] -- Set runtime path of "/home/moajouz/ros2_ws/install/interfaces/lib/libinterfaces__rosidl_typesupport_fastrtps_c.so" to ""
[3.599s] -- Up-to-date: /home/moajouz/ros2_ws/install/interfaces/include/interfaces
[3.599s] -- Up-to-date: /home/moajouz/ros2_ws/install/interfaces/include/interfaces/msg
[3.599s] -- Up-to-date: /home/moajouz/ros2_ws/install/interfaces/include/interfaces/msg/detail
[3.599s] -- Installing: /home/moajouz/ros2_ws/install/interfaces/include/interfaces/msg/detail/tutorial__rosidl_typesupport_fastrtps_cpp.hpp
[3.599s] -- Installing: /home/moajouz/ros2_ws/install/interfaces/include/interfaces/msg/detail/dds_fastrtps
[3.599s] -- Installing: /home/moajouz/ros2_ws/install/interfaces/include/interfaces/msg/rosidl_typesupport_fastrtps_cpp__visibility_control.h
[3.599s] -- Up-to-date: /home/moajouz/ros2_ws/install/interfaces/include/interfaces/srv
[3.599s] -- Up-to-date: /home/moajouz/ros2_ws/install/interfaces/include/interfaces/srv/detail
[3.600s] -- Installing: /home/moajouz/ros2_ws/install/interfaces/include/interfaces/srv/detail/tutorial__rosidl_typesupport_fastrtps_cpp.hpp
[3.600s] -- Installing: /home/moajouz/ros2_ws/install/interfaces/include/interfaces/srv/detail/dds_fastrtps
[3.600s] -- Installing: /home/moajouz/ros2_ws/install/interfaces/lib/libinterfaces__rosidl_typesupport_fastrtps_cpp.so
[3.600s] -- Set runtime path of "/home/moajouz/ros2_ws/install/interfaces/lib/libinterfaces__rosidl_typesupport_fastrtps_cpp.so" to ""
[3.600s] -- Up-to-date: /home/moajouz/ros2_ws/install/interfaces/include/interfaces
[3.600s] -- Up-to-date: /home/moajouz/ros2_ws/install/interfaces/include/interfaces/msg
[3.600s] -- Up-to-date: /home/moajouz/ros2_ws/install/interfaces/include/interfaces/msg/detail
[3.600s] -- Installing: /home/moajouz/ros2_ws/install/interfaces/include/interfaces/msg/detail/tutorial__rosidl_typesupport_introspection_c.h
[3.600s] -- Installing: /home/moajouz/ros2_ws/install/interfaces/include/interfaces/msg/detail/tutorial__type_support.c
[3.600s] -- Installing: /home/moajouz/ros2_ws/install/interfaces/include/interfaces/msg/rosidl_typesupport_introspection_c__visibility_control.h
[3.600s] -- Up-to-date: /home/moajouz/ros2_ws/install/interfaces/include/interfaces/srv
[3.601s] -- Up-to-date: /home/moajouz/ros2_ws/install/interfaces/include/interfaces/srv/detail
[3.601s] -- Installing: /home/moajouz/ros2_ws/install/interfaces/include/interfaces/srv/detail/tutorial__rosidl_typesupport_introspection_c.h
[3.601s] -- Installing: /home/moajouz/ros2_ws/install/interfaces/include/interfaces/srv/detail/tutorial__type_support.c
[3.601s] -- Installing: /home/moajouz/ros2_ws/install/interfaces/lib/libinterfaces__rosidl_typesupport_introspection_c.so
[3.601s] -- Set runtime path of "/home/moajouz/ros2_ws/install/interfaces/lib/libinterfaces__rosidl_typesupport_introspection_c.so" to ""
[3.601s] -- Installing: /home/moajouz/ros2_ws/install/interfaces/lib/libinterfaces__rosidl_typesupport_c.so
[3.601s] -- Set runtime path of "/home/moajouz/ros2_ws/install/interfaces/lib/libinterfaces__rosidl_typesupport_c.so" to ""
[3.601s] -- Up-to-date: /home/moajouz/ros2_ws/install/interfaces/include/interfaces
[3.602s] -- Up-to-date: /home/moajouz/ros2_ws/install/interfaces/include/interfaces/msg
[3.602s] -- Installing: /home/moajouz/ros2_ws/install/interfaces/include/interfaces/msg/rosidl_generator_cpp__visibility_control.hpp
[3.602s] -- Up-to-date: /home/moajouz/ros2_ws/install/interfaces/include/interfaces/msg/detail
[3.602s] -- Installing: /home/moajouz/ros2_ws/install/interfaces/include/interfaces/msg/detail/tutorial__traits.hpp
[3.602s] -- Installing: /home/moajouz/ros2_ws/install/interfaces/include/interfaces/msg/detail/tutorial__builder.hpp
[3.602s] -- Installing: /home/moajouz/ros2_ws/install/interfaces/include/interfaces/msg/detail/tutorial__struct.hpp
[3.602s] -- Installing: /home/moajouz/ros2_ws/install/interfaces/include/interfaces/msg/detail/tutorial__type_support.hpp
[3.602s] -- Installing: /home/moajouz/ros2_ws/install/interfaces/include/interfaces/msg/tutorial.hpp
[3.602s] -- Up-to-date: /home/moajouz/ros2_ws/install/interfaces/include/interfaces/srv
[3.602s] -- Up-to-date: /home/moajouz/ros2_ws/install/interfaces/include/interfaces/srv/detail
[3.603s] -- Installing: /home/moajouz/ros2_ws/install/interfaces/include/interfaces/srv/detail/tutorial__traits.hpp
[3.603s] -- Installing: /home/moajouz/ros2_ws/install/interfaces/include/interfaces/srv/detail/tutorial__builder.hpp
[3.603s] -- Installing: /home/moajouz/ros2_ws/install/interfaces/include/interfaces/srv/detail/tutorial__struct.hpp
[3.603s] -- Installing: /home/moajouz/ros2_ws/install/interfaces/include/interfaces/srv/detail/tutorial__type_support.hpp
[3.603s] -- Installing: /home/moajouz/ros2_ws/install/interfaces/include/interfaces/srv/tutorial.hpp
[3.603s] -- Up-to-date: /home/moajouz/ros2_ws/install/interfaces/include/interfaces
[3.603s] -- Up-to-date: /home/moajouz/ros2_ws/install/interfaces/include/interfaces/msg
[3.603s] -- Up-to-date: /home/moajouz/ros2_ws/install/interfaces/include/interfaces/msg/detail
[3.603s] -- Installing: /home/moajouz/ros2_ws/install/interfaces/include/interfaces/msg/detail/tutorial__type_support.cpp
[3.603s] -- Installing: /home/moajouz/ros2_ws/install/interfaces/include/interfaces/msg/detail/tutorial__rosidl_typesupport_introspection_cpp.hpp
[3.603s] -- Up-to-date: /home/moajouz/ros2_ws/install/interfaces/include/interfaces/srv
[3.604s] -- Up-to-date: /home/moajouz/ros2_ws/install/interfaces/include/interfaces/srv/detail
[3.604s] -- Installing: /home/moajouz/ros2_ws/install/interfaces/include/interfaces/srv/detail/tutorial__type_support.cpp
[3.604s] -- Installing: /home/moajouz/ros2_ws/install/interfaces/include/interfaces/srv/detail/tutorial__rosidl_typesupport_introspection_cpp.hpp
[3.604s] -- Installing: /home/moajouz/ros2_ws/install/interfaces/lib/libinterfaces__rosidl_typesupport_introspection_cpp.so
[3.604s] -- Set runtime path of "/home/moajouz/ros2_ws/install/interfaces/lib/libinterfaces__rosidl_typesupport_introspection_cpp.so" to ""
[3.604s] -- Installing: /home/moajouz/ros2_ws/install/interfaces/lib/libinterfaces__rosidl_typesupport_cpp.so
[3.604s] -- Set runtime path of "/home/moajouz/ros2_ws/install/interfaces/lib/libinterfaces__rosidl_typesupport_cpp.so" to ""
[3.604s] -- Installing: /home/moajouz/ros2_ws/install/interfaces/share/interfaces/environment/pythonpath.sh
[3.604s] -- Installing: /home/moajouz/ros2_ws/install/interfaces/share/interfaces/environment/pythonpath.dsv
[3.604s] -- Installing: /home/moajouz/ros2_ws/install/interfaces/lib/python3.8/site-packages/interfaces/__init__.py
[3.628s] Compiling '/home/moajouz/ros2_ws/install/interfaces/lib/python3.8/site-packages/interfaces/__init__.py'...
[3.630s] -- Installing: /home/moajouz/ros2_ws/install/interfaces/lib/python3.8/site-packages/interfaces/msg
[3.631s] -- Installing: /home/moajouz/ros2_ws/install/interfaces/lib/python3.8/site-packages/interfaces/msg/_tutorial.py
[3.631s] -- Installing: /home/moajouz/ros2_ws/install/interfaces/lib/python3.8/site-packages/interfaces/msg/_tutorial_s.c
[3.631s] -- Installing: /home/moajouz/ros2_ws/install/interfaces/lib/python3.8/site-packages/interfaces/msg/__init__.py
[3.631s] -- Installing: /home/moajouz/ros2_ws/install/interfaces/lib/python3.8/site-packages/interfaces/srv
[3.631s] -- Installing: /home/moajouz/ros2_ws/install/interfaces/lib/python3.8/site-packages/interfaces/srv/_tutorial.py
[3.631s] -- Installing: /home/moajouz/ros2_ws/install/interfaces/lib/python3.8/site-packages/interfaces/srv/_tutorial_s.c
[3.631s] -- Installing: /home/moajouz/ros2_ws/install/interfaces/lib/python3.8/site-packages/interfaces/srv/__init__.py
[3.631s] -- Installing: /home/moajouz/ros2_ws/install/interfaces/lib/python3.8/site-packages/interfaces/interfaces_s__rosidl_typesupport_fastrtps_c.cpython-38-x86_64-linux-gnu.so
[3.632s] -- Set runtime path of "/home/moajouz/ros2_ws/install/interfaces/lib/python3.8/site-packages/interfaces/interfaces_s__rosidl_typesupport_fastrtps_c.cpython-38-x86_64-linux-gnu.so" to ""
[3.632s] -- Installing: /home/moajouz/ros2_ws/install/interfaces/lib/python3.8/site-packages/interfaces/interfaces_s__rosidl_typesupport_introspection_c.cpython-38-x86_64-linux-gnu.so
[3.632s] -- Set runtime path of "/home/moajouz/ros2_ws/install/interfaces/lib/python3.8/site-packages/interfaces/interfaces_s__rosidl_typesupport_introspection_c.cpython-38-x86_64-linux-gnu.so" to ""
[3.632s] -- Installing: /home/moajouz/ros2_ws/install/interfaces/lib/python3.8/site-packages/interfaces/interfaces_s__rosidl_typesupport_c.cpython-38-x86_64-linux-gnu.so
[3.633s] -- Set runtime path of "/home/moajouz/ros2_ws/install/interfaces/lib/python3.8/site-packages/interfaces/interfaces_s__rosidl_typesupport_c.cpython-38-x86_64-linux-gnu.so" to ""
[3.633s] -- Installing: /home/moajouz/ros2_ws/install/interfaces/lib/libinterfaces__python.so
[3.633s] -- Set runtime path of "/home/moajouz/ros2_ws/install/interfaces/lib/libinterfaces__python.so" to ""
[3.633s] -- Installing: /home/moajouz/ros2_ws/install/interfaces/share/interfaces/msg/Tutorial.idl
[3.633s] -- Installing: /home/moajouz/ros2_ws/install/interfaces/share/interfaces/srv/Tutorial.idl
[3.634s] -- Installing: /home/moajouz/ros2_ws/install/interfaces/share/interfaces/msg/Tutorial.msg
[3.634s] -- Installing: /home/moajouz/ros2_ws/install/interfaces/share/interfaces/srv/Tutorial.srv
[3.634s] -- Installing: /home/moajouz/ros2_ws/install/interfaces/share/interfaces/srv/Tutorial_Request.msg
[3.634s] -- Installing: /home/moajouz/ros2_ws/install/interfaces/share/interfaces/srv/Tutorial_Response.msg
[3.634s] -- Installing: /home/moajouz/ros2_ws/install/interfaces/share/ament_index/resource_index/package_run_dependencies/interfaces
[3.634s] -- Installing: /home/moajouz/ros2_ws/install/interfaces/share/ament_index/resource_index/parent_prefix_path/interfaces
[3.634s] -- Installing: /home/moajouz/ros2_ws/install/interfaces/share/interfaces/environment/ament_prefix_path.sh
[3.634s] -- Installing: /home/moajouz/ros2_ws/install/interfaces/share/interfaces/environment/ament_prefix_path.dsv
[3.635s] -- Installing: /home/moajouz/ros2_ws/install/interfaces/share/interfaces/environment/path.sh
[3.635s] -- Installing: /home/moajouz/ros2_ws/install/interfaces/share/interfaces/environment/path.dsv
[3.635s] -- Installing: /home/moajouz/ros2_ws/install/interfaces/share/interfaces/local_setup.bash
[3.635s] -- Installing: /home/moajouz/ros2_ws/install/interfaces/share/interfaces/local_setup.sh
[3.635s] -- Installing: /home/moajouz/ros2_ws/install/interfaces/share/interfaces/local_setup.zsh
[3.635s] -- Installing: /home/moajouz/ros2_ws/install/interfaces/share/interfaces/local_setup.dsv
[3.635s] -- Installing: /home/moajouz/ros2_ws/install/interfaces/share/interfaces/package.dsv
[3.635s] -- Installing: /home/moajouz/ros2_ws/install/interfaces/share/ament_index/resource_index/packages/interfaces
[3.635s] -- Installing: /home/moajouz/ros2_ws/install/interfaces/share/interfaces/cmake/interfaces__rosidl_generator_cExport.cmake
[3.635s] -- Installing: /home/moajouz/ros2_ws/install/interfaces/share/interfaces/cmake/interfaces__rosidl_generator_cExport-noconfig.cmake
[3.636s] -- Installing: /home/moajouz/ros2_ws/install/interfaces/share/interfaces/cmake/interfaces__rosidl_typesupport_introspection_cExport.cmake
[3.636s] -- Installing: /home/moajouz/ros2_ws/install/interfaces/share/interfaces/cmake/interfaces__rosidl_typesupport_introspection_cExport-noconfig.cmake
[3.636s] -- Installing: /home/moajouz/ros2_ws/install/interfaces/share/interfaces/cmake/interfaces__rosidl_typesupport_cExport.cmake
[3.636s] -- Installing: /home/moajouz/ros2_ws/install/interfaces/share/interfaces/cmake/interfaces__rosidl_typesupport_cExport-noconfig.cmake
[3.636s] -- Installing: /home/moajouz/ros2_ws/install/interfaces/share/interfaces/cmake/interfaces__rosidl_generator_cppExport.cmake
[3.636s] -- Installing: /home/moajouz/ros2_ws/install/interfaces/share/interfaces/cmake/interfaces__rosidl_typesupport_introspection_cppExport.cmake
[3.636s] -- Installing: /home/moajouz/ros2_ws/install/interfaces/share/interfaces/cmake/interfaces__rosidl_typesupport_introspection_cppExport-noconfig.cmake
[3.637s] -- Installing: /home/moajouz/ros2_ws/install/interfaces/share/interfaces/cmake/interfaces__rosidl_typesupport_cppExport.cmake
[3.637s] -- Installing: /home/moajouz/ros2_ws/install/interfaces/share/interfaces/cmake/interfaces__rosidl_typesupport_cppExport-noconfig.cmake
[3.637s] -- Installing: /home/moajouz/ros2_ws/install/interfaces/share/interfaces/cmake/rosidl_cmake-extras.cmake
[3.637s] -- Installing: /home/moajouz/ros2_ws/install/interfaces/share/interfaces/cmake/ament_cmake_export_dependencies-extras.cmake
[3.637s] -- Installing: /home/moajouz/ros2_ws/install/interfaces/share/interfaces/cmake/ament_cmake_export_libraries-extras.cmake
[3.637s] -- Installing: /home/moajouz/ros2_ws/install/interfaces/share/interfaces/cmake/ament_cmake_export_targets-extras.cmake
[3.637s] -- Installing: /home/moajouz/ros2_ws/install/interfaces/share/interfaces/cmake/ament_cmake_export_include_directories-extras.cmake
[3.637s] -- Installing: /home/moajouz/ros2_ws/install/interfaces/share/interfaces/cmake/rosidl_cmake_export_typesupport_libraries-extras.cmake
[3.638s] -- Installing: /home/moajouz/ros2_ws/install/interfaces/share/interfaces/cmake/rosidl_cmake_export_typesupport_targets-extras.cmake
[3.638s] -- Installing: /home/moajouz/ros2_ws/install/interfaces/share/interfaces/cmake/interfacesConfig.cmake
[3.638s] -- Installing: /home/moajouz/ros2_ws/install/interfaces/share/interfaces/cmake/interfacesConfig-version.cmake
[3.638s] -- Installing: /home/moajouz/ros2_ws/install/interfaces/share/interfaces/package.xml
[3.640s] Invoked command in '/home/moajouz/ros2_ws/build/interfaces' returned '0': CMAKE_PREFIX_PATH=/opt/ros/foxy /usr/bin/cmake --install /home/moajouz/ros2_ws/build/interfaces
