[35m[1mScanning dependencies of target publisher[0m
[ 50%] Built target node
[ 75%] [32mBuilding CXX object CMakeFiles/publisher.dir/src/publisher.cpp.o[0m
[100%] [32m[1mLinking CXX executable publisher[0m
[100%] Built target publisher
-- Install configuration: ""
-- Up-to-date: /home/moajouz/ros2_ws/install/tutorial_cpp/lib/tutorial_cpp/node
-- Installing: /home/moajouz/ros2_ws/install/tutorial_cpp/lib/tutorial_cpp/publisher
-- Set runtime path of "/home/moajouz/ros2_ws/install/tutorial_cpp/lib/tutorial_cpp/publisher" to ""
-- Up-to-date: /home/moajouz/ros2_ws/install/tutorial_cpp/share/ament_index/resource_index/package_run_dependencies/tutorial_cpp
-- Up-to-date: /home/moajouz/ros2_ws/install/tutorial_cpp/share/ament_index/resource_index/parent_prefix_path/tutorial_cpp
-- Up-to-date: /home/moajouz/ros2_ws/install/tutorial_cpp/share/tutorial_cpp/environment/ament_prefix_path.sh
-- Installing: /home/moajouz/ros2_ws/install/tutorial_cpp/share/tutorial_cpp/environment/ament_prefix_path.dsv
-- Up-to-date: /home/moajouz/ros2_ws/install/tutorial_cpp/share/tutorial_cpp/environment/path.sh
-- Installing: /home/moajouz/ros2_ws/install/tutorial_cpp/share/tutorial_cpp/environment/path.dsv
-- Up-to-date: /home/moajouz/ros2_ws/install/tutorial_cpp/share/tutorial_cpp/local_setup.bash
-- Up-to-date: /home/moajouz/ros2_ws/install/tutorial_cpp/share/tutorial_cpp/local_setup.sh
-- Up-to-date: /home/moajouz/ros2_ws/install/tutorial_cpp/share/tutorial_cpp/local_setup.zsh
-- Installing: /home/moajouz/ros2_ws/install/tutorial_cpp/share/tutorial_cpp/local_setup.dsv
-- Installing: /home/moajouz/ros2_ws/install/tutorial_cpp/share/tutorial_cpp/package.dsv
-- Up-to-date: /home/moajouz/ros2_ws/install/tutorial_cpp/share/ament_index/resource_index/packages/tutorial_cpp
-- Up-to-date: /home/moajouz/ros2_ws/install/tutorial_cpp/share/tutorial_cpp/cmake/tutorial_cppConfig.cmake
-- Up-to-date: /home/moajouz/ros2_ws/install/tutorial_cpp/share/tutorial_cpp/cmake/tutorial_cppConfig-version.cmake
-- Up-to-date: /home/moajouz/ros2_ws/install/tutorial_cpp/share/tutorial_cpp/package.xml
