[0.150s] DEBUG:colcon:Command line arguments: ['/usr/bin/colcon', 'build']
[0.150s] DEBUG:colcon:Parsed command line arguments: Namespace(allow_overriding=[], ament_cmake_args=None, base_paths=['.'], build_base='build', catkin_cmake_args=None, catkin_skip_building_tests=False, cmake_args=None, cmake_clean_cache=False, cmake_clean_first=False, cmake_force_configure=False, cmake_target=None, cmake_target_skip_unavailable=False, continue_on_error=False, event_handlers=None, executor='parallel', ignore_user_meta=False, install_base='install', log_base=None, log_level=None, main=<bound method BuildVerb.main of <colcon_core.verb.build.BuildVerb object at 0x7f4a0259ce20>>, merge_install=False, metas=['./colcon.meta'], mixin=None, mixin_files=None, mixin_verb=('build',), packages_above=None, packages_above_and_dependencies=None, packages_above_depth=None, packages_end=None, packages_ignore=None, packages_ignore_regex=None, packages_select=None, packages_select_build_failed=False, packages_select_by_dep=None, packages_select_regex=None, packages_select_test_failures=False, packages_skip=None, packages_skip_build_finished=False, packages_skip_by_dep=None, packages_skip_regex=None, packages_skip_test_passed=False, packages_skip_up_to=None, packages_start=None, packages_up_to=None, packages_up_to_regex=None, parallel_workers=12, paths=None, symlink_install=False, test_result_base=None, verb_extension=<colcon_core.verb.build.BuildVerb object at 0x7f4a0259ce20>, verb_name='build', verb_parser=<colcon_mixin.mixin.mixin_argument.MixinArgumentDecorator object at 0x7f4a025a8640>)
[0.267s] Level 1:colcon.colcon_core.package_discovery:discover_packages(colcon_meta) check parameters
[0.267s] Level 1:colcon.colcon_core.package_discovery:discover_packages(recursive) check parameters
[0.267s] Level 1:colcon.colcon_core.package_discovery:discover_packages(ignore) check parameters
[0.267s] Level 1:colcon.colcon_core.package_discovery:discover_packages(path) check parameters
[0.267s] Level 1:colcon.colcon_core.package_discovery:discover_packages(colcon_meta) discover
[0.267s] Level 1:colcon.colcon_core.package_discovery:discover_packages(recursive) discover
[0.267s] INFO:colcon.colcon_core.package_discovery:Crawling recursively for packages in '/home/moajouz/ros2_ws'
[0.267s] Level 1:colcon.colcon_core.package_identification:_identify(.) by extensions ['ignore', 'ignore_ament_install']
[0.267s] Level 1:colcon.colcon_core.package_identification:_identify(.) by extension 'ignore'
[0.267s] Level 1:colcon.colcon_core.package_identification:_identify(.) by extension 'ignore_ament_install'
[0.267s] Level 1:colcon.colcon_core.package_identification:_identify(.) by extensions ['colcon_pkg']
[0.267s] Level 1:colcon.colcon_core.package_identification:_identify(.) by extension 'colcon_pkg'
[0.267s] Level 1:colcon.colcon_core.package_identification:_identify(.) by extensions ['colcon_meta']
[0.267s] Level 1:colcon.colcon_core.package_identification:_identify(.) by extension 'colcon_meta'
[0.268s] Level 1:colcon.colcon_core.package_identification:_identify(.) by extensions ['ros']
[0.268s] Level 1:colcon.colcon_core.package_identification:_identify(.) by extension 'ros'
[0.276s] Level 1:colcon.colcon_core.package_identification:_identify(.) by extensions ['cmake', 'python']
[0.276s] Level 1:colcon.colcon_core.package_identification:_identify(.) by extension 'cmake'
[0.276s] Level 1:colcon.colcon_core.package_identification:_identify(.) by extension 'python'
[0.276s] Level 1:colcon.colcon_core.package_identification:_identify(.) by extensions ['python_setup_py']
[0.276s] Level 1:colcon.colcon_core.package_identification:_identify(.) by extension 'python_setup_py'
[0.276s] Level 1:colcon.colcon_core.package_identification:_identify(build) by extensions ['ignore', 'ignore_ament_install']
[0.276s] Level 1:colcon.colcon_core.package_identification:_identify(build) by extension 'ignore'
[0.276s] Level 1:colcon.colcon_core.package_identification:_identify(build) ignored
[0.276s] Level 1:colcon.colcon_core.package_identification:_identify(install) by extensions ['ignore', 'ignore_ament_install']
[0.276s] Level 1:colcon.colcon_core.package_identification:_identify(install) by extension 'ignore'
[0.276s] Level 1:colcon.colcon_core.package_identification:_identify(install) ignored
[0.276s] Level 1:colcon.colcon_core.package_identification:_identify(log) by extensions ['ignore', 'ignore_ament_install']
[0.277s] Level 1:colcon.colcon_core.package_identification:_identify(log) by extension 'ignore'
[0.277s] Level 1:colcon.colcon_core.package_identification:_identify(log) ignored
[0.277s] Level 1:colcon.colcon_core.package_identification:_identify(src) by extensions ['ignore', 'ignore_ament_install']
[0.277s] Level 1:colcon.colcon_core.package_identification:_identify(src) by extension 'ignore'
[0.277s] Level 1:colcon.colcon_core.package_identification:_identify(src) by extension 'ignore_ament_install'
[0.277s] Level 1:colcon.colcon_core.package_identification:_identify(src) by extensions ['colcon_pkg']
[0.277s] Level 1:colcon.colcon_core.package_identification:_identify(src) by extension 'colcon_pkg'
[0.277s] Level 1:colcon.colcon_core.package_identification:_identify(src) by extensions ['colcon_meta']
[0.277s] Level 1:colcon.colcon_core.package_identification:_identify(src) by extension 'colcon_meta'
[0.277s] Level 1:colcon.colcon_core.package_identification:_identify(src) by extensions ['ros']
[0.277s] Level 1:colcon.colcon_core.package_identification:_identify(src) by extension 'ros'
[0.277s] Level 1:colcon.colcon_core.package_identification:_identify(src) by extensions ['cmake', 'python']
[0.277s] Level 1:colcon.colcon_core.package_identification:_identify(src) by extension 'cmake'
[0.277s] Level 1:colcon.colcon_core.package_identification:_identify(src) by extension 'python'
[0.277s] Level 1:colcon.colcon_core.package_identification:_identify(src) by extensions ['python_setup_py']
[0.277s] Level 1:colcon.colcon_core.package_identification:_identify(src) by extension 'python_setup_py'
[0.277s] Level 1:colcon.colcon_core.package_identification:_identify(src/interfaces) by extensions ['ignore', 'ignore_ament_install']
[0.277s] Level 1:colcon.colcon_core.package_identification:_identify(src/interfaces) by extension 'ignore'
[0.277s] Level 1:colcon.colcon_core.package_identification:_identify(src/interfaces) by extension 'ignore_ament_install'
[0.277s] Level 1:colcon.colcon_core.package_identification:_identify(src/interfaces) by extensions ['colcon_pkg']
[0.277s] Level 1:colcon.colcon_core.package_identification:_identify(src/interfaces) by extension 'colcon_pkg'
[0.277s] Level 1:colcon.colcon_core.package_identification:_identify(src/interfaces) by extensions ['colcon_meta']
[0.277s] Level 1:colcon.colcon_core.package_identification:_identify(src/interfaces) by extension 'colcon_meta'
[0.277s] Level 1:colcon.colcon_core.package_identification:_identify(src/interfaces) by extensions ['ros']
[0.277s] Level 1:colcon.colcon_core.package_identification:_identify(src/interfaces) by extension 'ros'
[0.279s] DEBUG:colcon.colcon_core.package_identification:Package 'src/interfaces' with type 'ros.ament_cmake' and name 'interfaces'
[0.279s] Level 1:colcon.colcon_core.package_identification:_identify(src/tutorial_cpp) by extensions ['ignore', 'ignore_ament_install']
[0.280s] Level 1:colcon.colcon_core.package_identification:_identify(src/tutorial_cpp) by extension 'ignore'
[0.280s] Level 1:colcon.colcon_core.package_identification:_identify(src/tutorial_cpp) by extension 'ignore_ament_install'
[0.280s] Level 1:colcon.colcon_core.package_identification:_identify(src/tutorial_cpp) by extensions ['colcon_pkg']
[0.280s] Level 1:colcon.colcon_core.package_identification:_identify(src/tutorial_cpp) by extension 'colcon_pkg'
[0.280s] Level 1:colcon.colcon_core.package_identification:_identify(src/tutorial_cpp) by extensions ['colcon_meta']
[0.280s] Level 1:colcon.colcon_core.package_identification:_identify(src/tutorial_cpp) by extension 'colcon_meta'
[0.280s] Level 1:colcon.colcon_core.package_identification:_identify(src/tutorial_cpp) by extensions ['ros']
[0.280s] Level 1:colcon.colcon_core.package_identification:_identify(src/tutorial_cpp) by extension 'ros'
[0.280s] DEBUG:colcon.colcon_core.package_identification:Package 'src/tutorial_cpp' with type 'ros.ament_cmake' and name 'tutorial_cpp'
[0.280s] Level 1:colcon.colcon_core.package_identification:_identify(src/tutorial_python) by extensions ['ignore', 'ignore_ament_install']
[0.280s] Level 1:colcon.colcon_core.package_identification:_identify(src/tutorial_python) by extension 'ignore'
[0.280s] Level 1:colcon.colcon_core.package_identification:_identify(src/tutorial_python) by extension 'ignore_ament_install'
[0.280s] Level 1:colcon.colcon_core.package_identification:_identify(src/tutorial_python) by extensions ['colcon_pkg']
[0.280s] Level 1:colcon.colcon_core.package_identification:_identify(src/tutorial_python) by extension 'colcon_pkg'
[0.280s] Level 1:colcon.colcon_core.package_identification:_identify(src/tutorial_python) by extensions ['colcon_meta']
[0.281s] Level 1:colcon.colcon_core.package_identification:_identify(src/tutorial_python) by extension 'colcon_meta'
[0.281s] Level 1:colcon.colcon_core.package_identification:_identify(src/tutorial_python) by extensions ['ros']
[0.281s] Level 1:colcon.colcon_core.package_identification:_identify(src/tutorial_python) by extension 'ros'
[0.281s] DEBUG:colcon.colcon_core.package_identification:Package 'src/tutorial_python' with type 'ros.ament_python' and name 'tutorial_python'
[0.281s] Level 1:colcon.colcon_core.package_discovery:discover_packages(recursive) using defaults
[0.281s] Level 1:colcon.colcon_core.package_discovery:discover_packages(ignore) discover
[0.281s] Level 1:colcon.colcon_core.package_discovery:discover_packages(ignore) using defaults
[0.281s] Level 1:colcon.colcon_core.package_discovery:discover_packages(path) discover
[0.281s] Level 1:colcon.colcon_core.package_discovery:discover_packages(path) using defaults
[0.293s] Level 1:colcon.colcon_core.package_discovery:discover_packages(prefix_path) check parameters
[0.293s] Level 1:colcon.colcon_core.package_discovery:discover_packages(prefix_path) discover
[0.294s] DEBUG:colcon.colcon_installed_package_information.package_discovery:Found 2 installed packages in /home/moajouz/ros2_ws/install
[0.295s] DEBUG:colcon.colcon_installed_package_information.package_discovery:Found 256 installed packages in /opt/ros/foxy
[0.296s] Level 1:colcon.colcon_core.package_discovery:discover_packages(prefix_path) using defaults
[0.347s] Level 5:colcon.colcon_core.verb:set package 'interfaces' build argument 'cmake_args' from command line to 'None'
[0.347s] Level 5:colcon.colcon_core.verb:set package 'interfaces' build argument 'cmake_target' from command line to 'None'
[0.347s] Level 5:colcon.colcon_core.verb:set package 'interfaces' build argument 'cmake_target_skip_unavailable' from command line to 'False'
[0.347s] Level 5:colcon.colcon_core.verb:set package 'interfaces' build argument 'cmake_clean_cache' from command line to 'False'
[0.347s] Level 5:colcon.colcon_core.verb:set package 'interfaces' build argument 'cmake_clean_first' from command line to 'False'
[0.347s] Level 5:colcon.colcon_core.verb:set package 'interfaces' build argument 'cmake_force_configure' from command line to 'False'
[0.347s] Level 5:colcon.colcon_core.verb:set package 'interfaces' build argument 'ament_cmake_args' from command line to 'None'
[0.347s] Level 5:colcon.colcon_core.verb:set package 'interfaces' build argument 'catkin_cmake_args' from command line to 'None'
[0.347s] Level 5:colcon.colcon_core.verb:set package 'interfaces' build argument 'catkin_skip_building_tests' from command line to 'False'
[0.347s] DEBUG:colcon.colcon_core.verb:Building package 'interfaces' with the following arguments: {'ament_cmake_args': None, 'build_base': '/home/moajouz/ros2_ws/build/interfaces', 'catkin_cmake_args': None, 'catkin_skip_building_tests': False, 'cmake_args': None, 'cmake_clean_cache': False, 'cmake_clean_first': False, 'cmake_force_configure': False, 'cmake_target': None, 'cmake_target_skip_unavailable': False, 'install_base': '/home/moajouz/ros2_ws/install/interfaces', 'merge_install': False, 'path': '/home/moajouz/ros2_ws/src/interfaces', 'symlink_install': False, 'test_result_base': None}
[0.347s] Level 5:colcon.colcon_core.verb:set package 'tutorial_cpp' build argument 'cmake_args' from command line to 'None'
[0.347s] Level 5:colcon.colcon_core.verb:set package 'tutorial_cpp' build argument 'cmake_target' from command line to 'None'
[0.347s] Level 5:colcon.colcon_core.verb:set package 'tutorial_cpp' build argument 'cmake_target_skip_unavailable' from command line to 'False'
[0.347s] Level 5:colcon.colcon_core.verb:set package 'tutorial_cpp' build argument 'cmake_clean_cache' from command line to 'False'
[0.347s] Level 5:colcon.colcon_core.verb:set package 'tutorial_cpp' build argument 'cmake_clean_first' from command line to 'False'
[0.347s] Level 5:colcon.colcon_core.verb:set package 'tutorial_cpp' build argument 'cmake_force_configure' from command line to 'False'
[0.347s] Level 5:colcon.colcon_core.verb:set package 'tutorial_cpp' build argument 'ament_cmake_args' from command line to 'None'
[0.347s] Level 5:colcon.colcon_core.verb:set package 'tutorial_cpp' build argument 'catkin_cmake_args' from command line to 'None'
[0.348s] Level 5:colcon.colcon_core.verb:set package 'tutorial_cpp' build argument 'catkin_skip_building_tests' from command line to 'False'
[0.348s] DEBUG:colcon.colcon_core.verb:Building package 'tutorial_cpp' with the following arguments: {'ament_cmake_args': None, 'build_base': '/home/moajouz/ros2_ws/build/tutorial_cpp', 'catkin_cmake_args': None, 'catkin_skip_building_tests': False, 'cmake_args': None, 'cmake_clean_cache': False, 'cmake_clean_first': False, 'cmake_force_configure': False, 'cmake_target': None, 'cmake_target_skip_unavailable': False, 'install_base': '/home/moajouz/ros2_ws/install/tutorial_cpp', 'merge_install': False, 'path': '/home/moajouz/ros2_ws/src/tutorial_cpp', 'symlink_install': False, 'test_result_base': None}
[0.348s] Level 5:colcon.colcon_core.verb:set package 'tutorial_python' build argument 'cmake_args' from command line to 'None'
[0.348s] Level 5:colcon.colcon_core.verb:set package 'tutorial_python' build argument 'cmake_target' from command line to 'None'
[0.348s] Level 5:colcon.colcon_core.verb:set package 'tutorial_python' build argument 'cmake_target_skip_unavailable' from command line to 'False'
[0.348s] Level 5:colcon.colcon_core.verb:set package 'tutorial_python' build argument 'cmake_clean_cache' from command line to 'False'
[0.348s] Level 5:colcon.colcon_core.verb:set package 'tutorial_python' build argument 'cmake_clean_first' from command line to 'False'
[0.348s] Level 5:colcon.colcon_core.verb:set package 'tutorial_python' build argument 'cmake_force_configure' from command line to 'False'
[0.348s] Level 5:colcon.colcon_core.verb:set package 'tutorial_python' build argument 'ament_cmake_args' from command line to 'None'
[0.348s] Level 5:colcon.colcon_core.verb:set package 'tutorial_python' build argument 'catkin_cmake_args' from command line to 'None'
[0.348s] Level 5:colcon.colcon_core.verb:set package 'tutorial_python' build argument 'catkin_skip_building_tests' from command line to 'False'
[0.348s] DEBUG:colcon.colcon_core.verb:Building package 'tutorial_python' with the following arguments: {'ament_cmake_args': None, 'build_base': '/home/moajouz/ros2_ws/build/tutorial_python', 'catkin_cmake_args': None, 'catkin_skip_building_tests': False, 'cmake_args': None, 'cmake_clean_cache': False, 'cmake_clean_first': False, 'cmake_force_configure': False, 'cmake_target': None, 'cmake_target_skip_unavailable': False, 'install_base': '/home/moajouz/ros2_ws/install/tutorial_python', 'merge_install': False, 'path': '/home/moajouz/ros2_ws/src/tutorial_python', 'symlink_install': False, 'test_result_base': None}
[0.348s] INFO:colcon.colcon_core.executor:Executing jobs using 'parallel' executor
[0.349s] DEBUG:colcon.colcon_parallel_executor.executor.parallel:run_until_complete
[0.349s] INFO:colcon.colcon_ros.task.ament_cmake.build:Building ROS package in '/home/moajouz/ros2_ws/src/interfaces' with build type 'ament_cmake'
[0.349s] INFO:colcon.colcon_cmake.task.cmake.build:Building CMake package in '/home/moajouz/ros2_ws/src/interfaces'
[0.351s] INFO:colcon.colcon_core.plugin_system:Skipping extension 'colcon_core.shell.bat': Not used on non-Windows systems
[0.351s] INFO:colcon.colcon_core.shell:Skip shell extension 'powershell' for command environment: Not usable outside of PowerShell
[0.351s] DEBUG:colcon.colcon_core.shell:Skip shell extension 'dsv' for command environment
[0.358s] DEBUG:colcon.colcon_core.event_handler.log_command:Invoking command in '/home/moajouz/ros2_ws/build/interfaces': CMAKE_PREFIX_PATH=/opt/ros/foxy /usr/bin/cmake /home/moajouz/ros2_ws/src/interfaces -DCMAKE_INSTALL_PREFIX=/home/moajouz/ros2_ws/install/interfaces
[1.390s] DEBUG:colcon.colcon_core.event_handler.log_command:Invoked command in '/home/moajouz/ros2_ws/build/interfaces' returned '0': CMAKE_PREFIX_PATH=/opt/ros/foxy /usr/bin/cmake /home/moajouz/ros2_ws/src/interfaces -DCMAKE_INSTALL_PREFIX=/home/moajouz/ros2_ws/install/interfaces
[1.391s] DEBUG:colcon.colcon_core.event_handler.log_command:Invoking command in '/home/moajouz/ros2_ws/build/interfaces': CMAKE_PREFIX_PATH=/opt/ros/foxy /usr/bin/cmake --build /home/moajouz/ros2_ws/build/interfaces -- -j12 -l12
[3.888s] DEBUG:colcon.colcon_core.event_handler.log_command:Invoked command in '/home/moajouz/ros2_ws/build/interfaces' returned '0': CMAKE_PREFIX_PATH=/opt/ros/foxy /usr/bin/cmake --build /home/moajouz/ros2_ws/build/interfaces -- -j12 -l12
[3.938s] DEBUG:colcon.colcon_core.event_handler.log_command:Invoking command in '/home/moajouz/ros2_ws/build/interfaces': CMAKE_PREFIX_PATH=/opt/ros/foxy /usr/bin/cmake --install /home/moajouz/ros2_ws/build/interfaces
[3.989s] Level 1:colcon.colcon_core.environment:create_environment_scripts_only(interfaces)
[3.990s] DEBUG:colcon.colcon_core.event_handler.log_command:Invoked command in '/home/moajouz/ros2_ws/build/interfaces' returned '0': CMAKE_PREFIX_PATH=/opt/ros/foxy /usr/bin/cmake --install /home/moajouz/ros2_ws/build/interfaces
[3.992s] Level 1:colcon.colcon_core.environment:checking '/home/moajouz/ros2_ws/install/interfaces' for CMake module files
[3.992s] Level 1:colcon.colcon_core.environment:checking '/home/moajouz/ros2_ws/install/interfaces' for CMake config files
[3.993s] Level 1:colcon.colcon_core.shell:create_environment_hook('interfaces', 'cmake_prefix_path')
[3.993s] INFO:colcon.colcon_core.shell:Creating environment hook '/home/moajouz/ros2_ws/install/interfaces/share/interfaces/hook/cmake_prefix_path.ps1'
[3.993s] INFO:colcon.colcon_core.shell:Creating environment descriptor '/home/moajouz/ros2_ws/install/interfaces/share/interfaces/hook/cmake_prefix_path.dsv'
[3.994s] INFO:colcon.colcon_core.shell:Creating environment hook '/home/moajouz/ros2_ws/install/interfaces/share/interfaces/hook/cmake_prefix_path.sh'
[3.994s] Level 1:colcon.colcon_core.environment:checking '/home/moajouz/ros2_ws/install/interfaces/lib'
[3.994s] Level 1:colcon.colcon_core.shell:create_environment_hook('interfaces', 'ld_library_path_lib')
[3.995s] INFO:colcon.colcon_core.shell:Creating environment hook '/home/moajouz/ros2_ws/install/interfaces/share/interfaces/hook/ld_library_path_lib.ps1'
[3.995s] INFO:colcon.colcon_core.shell:Creating environment descriptor '/home/moajouz/ros2_ws/install/interfaces/share/interfaces/hook/ld_library_path_lib.dsv'
[3.995s] INFO:colcon.colcon_core.shell:Creating environment hook '/home/moajouz/ros2_ws/install/interfaces/share/interfaces/hook/ld_library_path_lib.sh'
[3.995s] Level 1:colcon.colcon_core.environment:checking '/home/moajouz/ros2_ws/install/interfaces/bin'
[3.995s] Level 1:colcon.colcon_core.environment:checking '/home/moajouz/ros2_ws/install/interfaces/lib/pkgconfig/interfaces.pc'
[3.996s] Level 1:colcon.colcon_core.environment:checking '/home/moajouz/ros2_ws/install/interfaces/lib/python3.8/site-packages'
[3.996s] Level 1:colcon.colcon_core.shell:create_environment_hook('interfaces', 'pythonpath')
[3.996s] INFO:colcon.colcon_core.shell:Creating environment hook '/home/moajouz/ros2_ws/install/interfaces/share/interfaces/hook/pythonpath.ps1'
[3.996s] INFO:colcon.colcon_core.shell:Creating environment descriptor '/home/moajouz/ros2_ws/install/interfaces/share/interfaces/hook/pythonpath.dsv'
[3.996s] INFO:colcon.colcon_core.shell:Creating environment hook '/home/moajouz/ros2_ws/install/interfaces/share/interfaces/hook/pythonpath.sh'
[3.997s] Level 1:colcon.colcon_core.environment:checking '/home/moajouz/ros2_ws/install/interfaces/bin'
[3.997s] INFO:colcon.colcon_core.shell:Creating package script '/home/moajouz/ros2_ws/install/interfaces/share/interfaces/package.ps1'
[3.998s] INFO:colcon.colcon_core.shell:Creating package descriptor '/home/moajouz/ros2_ws/install/interfaces/share/interfaces/package.dsv'
[3.998s] INFO:colcon.colcon_core.shell:Creating package script '/home/moajouz/ros2_ws/install/interfaces/share/interfaces/package.sh'
[3.999s] INFO:colcon.colcon_core.shell:Creating package script '/home/moajouz/ros2_ws/install/interfaces/share/interfaces/package.bash'
[4.000s] INFO:colcon.colcon_core.shell:Creating package script '/home/moajouz/ros2_ws/install/interfaces/share/interfaces/package.zsh'
[4.000s] Level 1:colcon.colcon_core.environment:create_file_with_runtime_dependencies(/home/moajouz/ros2_ws/install/interfaces/share/colcon-core/packages/interfaces)
[4.040s] Level 1:colcon.colcon_core.environment:create_environment_scripts_only(interfaces)
[4.040s] Level 1:colcon.colcon_core.environment:checking '/home/moajouz/ros2_ws/install/interfaces' for CMake module files
[4.041s] Level 1:colcon.colcon_core.environment:checking '/home/moajouz/ros2_ws/install/interfaces' for CMake config files
[4.041s] Level 1:colcon.colcon_core.shell:create_environment_hook('interfaces', 'cmake_prefix_path')
[4.041s] INFO:colcon.colcon_core.shell:Creating environment hook '/home/moajouz/ros2_ws/install/interfaces/share/interfaces/hook/cmake_prefix_path.ps1'
[4.042s] INFO:colcon.colcon_core.shell:Creating environment descriptor '/home/moajouz/ros2_ws/install/interfaces/share/interfaces/hook/cmake_prefix_path.dsv'
[4.042s] INFO:colcon.colcon_core.shell:Creating environment hook '/home/moajouz/ros2_ws/install/interfaces/share/interfaces/hook/cmake_prefix_path.sh'
[4.042s] Level 1:colcon.colcon_core.environment:checking '/home/moajouz/ros2_ws/install/interfaces/lib'
[4.042s] Level 1:colcon.colcon_core.shell:create_environment_hook('interfaces', 'ld_library_path_lib')
[4.043s] INFO:colcon.colcon_core.shell:Creating environment hook '/home/moajouz/ros2_ws/install/interfaces/share/interfaces/hook/ld_library_path_lib.ps1'
[4.043s] INFO:colcon.colcon_core.shell:Creating environment descriptor '/home/moajouz/ros2_ws/install/interfaces/share/interfaces/hook/ld_library_path_lib.dsv'
[4.043s] INFO:colcon.colcon_core.shell:Creating environment hook '/home/moajouz/ros2_ws/install/interfaces/share/interfaces/hook/ld_library_path_lib.sh'
[4.043s] Level 1:colcon.colcon_core.environment:checking '/home/moajouz/ros2_ws/install/interfaces/bin'
[4.043s] Level 1:colcon.colcon_core.environment:checking '/home/moajouz/ros2_ws/install/interfaces/lib/pkgconfig/interfaces.pc'
[4.044s] Level 1:colcon.colcon_core.environment:checking '/home/moajouz/ros2_ws/install/interfaces/lib/python3.8/site-packages'
[4.044s] Level 1:colcon.colcon_core.shell:create_environment_hook('interfaces', 'pythonpath')
[4.044s] INFO:colcon.colcon_core.shell:Creating environment hook '/home/moajouz/ros2_ws/install/interfaces/share/interfaces/hook/pythonpath.ps1'
[4.044s] INFO:colcon.colcon_core.shell:Creating environment descriptor '/home/moajouz/ros2_ws/install/interfaces/share/interfaces/hook/pythonpath.dsv'
[4.044s] INFO:colcon.colcon_core.shell:Creating environment hook '/home/moajouz/ros2_ws/install/interfaces/share/interfaces/hook/pythonpath.sh'
[4.045s] Level 1:colcon.colcon_core.environment:checking '/home/moajouz/ros2_ws/install/interfaces/bin'
[4.045s] INFO:colcon.colcon_core.shell:Creating package script '/home/moajouz/ros2_ws/install/interfaces/share/interfaces/package.ps1'
[4.046s] INFO:colcon.colcon_core.shell:Creating package descriptor '/home/moajouz/ros2_ws/install/interfaces/share/interfaces/package.dsv'
[4.046s] INFO:colcon.colcon_core.shell:Creating package script '/home/moajouz/ros2_ws/install/interfaces/share/interfaces/package.sh'
[4.047s] INFO:colcon.colcon_core.shell:Creating package script '/home/moajouz/ros2_ws/install/interfaces/share/interfaces/package.bash'
[4.047s] INFO:colcon.colcon_core.shell:Creating package script '/home/moajouz/ros2_ws/install/interfaces/share/interfaces/package.zsh'
[4.047s] Level 1:colcon.colcon_core.environment:create_file_with_runtime_dependencies(/home/moajouz/ros2_ws/install/interfaces/share/colcon-core/packages/interfaces)
[4.048s] INFO:colcon.colcon_ros.task.ament_cmake.build:Building ROS package in '/home/moajouz/ros2_ws/src/tutorial_cpp' with build type 'ament_cmake'
[4.048s] INFO:colcon.colcon_cmake.task.cmake.build:Building CMake package in '/home/moajouz/ros2_ws/src/tutorial_cpp'
[4.048s] INFO:colcon.colcon_core.shell:Skip shell extension 'powershell' for command environment: Not usable outside of PowerShell
[4.048s] DEBUG:colcon.colcon_core.shell:Skip shell extension 'dsv' for command environment
[4.052s] INFO:colcon.colcon_ros.task.ament_python.build:Building ROS package in '/home/moajouz/ros2_ws/src/tutorial_python' with build type 'ament_python'
[4.052s] Level 1:colcon.colcon_core.shell:create_environment_hook('tutorial_python', 'ament_prefix_path')
[4.053s] INFO:colcon.colcon_core.shell:Creating environment hook '/home/moajouz/ros2_ws/install/tutorial_python/share/tutorial_python/hook/ament_prefix_path.ps1'
[4.053s] INFO:colcon.colcon_core.shell:Creating environment descriptor '/home/moajouz/ros2_ws/install/tutorial_python/share/tutorial_python/hook/ament_prefix_path.dsv'
[4.054s] INFO:colcon.colcon_core.shell:Creating environment hook '/home/moajouz/ros2_ws/install/tutorial_python/share/tutorial_python/hook/ament_prefix_path.sh'
[4.054s] INFO:colcon.colcon_core.shell:Skip shell extension 'powershell' for command environment: Not usable outside of PowerShell
[4.054s] DEBUG:colcon.colcon_core.shell:Skip shell extension 'dsv' for command environment
[4.063s] DEBUG:colcon.colcon_core.event_handler.log_command:Invoking command in '/home/moajouz/ros2_ws/build/tutorial_cpp': AMENT_PREFIX_PATH=/home/moajouz/ros2_ws/install/interfaces:${AMENT_PREFIX_PATH} CMAKE_PREFIX_PATH=/home/moajouz/ros2_ws/install/interfaces:/opt/ros/foxy LD_LIBRARY_PATH=/home/moajouz/ros2_ws/install/interfaces/lib:${LD_LIBRARY_PATH} PYTHONPATH=/home/moajouz/ros2_ws/install/interfaces/lib/python3.8/site-packages:${PYTHONPATH} /usr/bin/cmake /home/moajouz/ros2_ws/src/tutorial_cpp -DCMAKE_INSTALL_PREFIX=/home/moajouz/ros2_ws/install/tutorial_cpp
[4.287s] INFO:colcon.colcon_core.task.python.build:Building Python package in '/home/moajouz/ros2_ws/src/tutorial_python'
[4.287s] INFO:colcon.colcon_core.shell:Skip shell extension 'powershell' for command environment: Not usable outside of PowerShell
[4.287s] DEBUG:colcon.colcon_core.shell:Skip shell extension 'dsv' for command environment
[4.694s] DEBUG:colcon.colcon_core.event_handler.log_command:Invoking command in '/home/moajouz/ros2_ws/src/tutorial_python': AMENT_PREFIX_PATH=/home/moajouz/ros2_ws/install/interfaces:${AMENT_PREFIX_PATH} CMAKE_PREFIX_PATH=/home/moajouz/ros2_ws/install/interfaces LD_LIBRARY_PATH=/home/moajouz/ros2_ws/install/interfaces/lib:${LD_LIBRARY_PATH} PYTHONPATH=/home/moajouz/ros2_ws/build/tutorial_python/prefix_override:/home/moajouz/ros2_ws/install/tutorial_python/lib/python3.8/site-packages:/home/moajouz/ros2_ws/install/interfaces/lib/python3.8/site-packages:${PYTHONPATH} /usr/bin/python3 -W ignore:setup.py install is deprecated setup.py egg_info --egg-base ../../build/tutorial_python build --build-base /home/moajouz/ros2_ws/build/tutorial_python/build install --record /home/moajouz/ros2_ws/build/tutorial_python/install.log --install-scripts $base/lib/tutorial_python --single-version-externally-managed install_data
[4.988s] Level 1:colcon.colcon_core.environment:checking '/home/moajouz/ros2_ws/install/tutorial_python' for CMake module files
[4.989s] DEBUG:colcon.colcon_core.event_handler.log_command:Invoked command in '/home/moajouz/ros2_ws/src/tutorial_python' returned '0': AMENT_PREFIX_PATH=/home/moajouz/ros2_ws/install/interfaces:${AMENT_PREFIX_PATH} CMAKE_PREFIX_PATH=/home/moajouz/ros2_ws/install/interfaces LD_LIBRARY_PATH=/home/moajouz/ros2_ws/install/interfaces/lib:${LD_LIBRARY_PATH} PYTHONPATH=/home/moajouz/ros2_ws/build/tutorial_python/prefix_override:/home/moajouz/ros2_ws/install/tutorial_python/lib/python3.8/site-packages:/home/moajouz/ros2_ws/install/interfaces/lib/python3.8/site-packages:${PYTHONPATH} /usr/bin/python3 -W ignore:setup.py install is deprecated setup.py egg_info --egg-base ../../build/tutorial_python build --build-base /home/moajouz/ros2_ws/build/tutorial_python/build install --record /home/moajouz/ros2_ws/build/tutorial_python/install.log --install-scripts $base/lib/tutorial_python --single-version-externally-managed install_data
[4.989s] Level 1:colcon.colcon_core.environment:checking '/home/moajouz/ros2_ws/install/tutorial_python' for CMake config files
[4.990s] Level 1:colcon.colcon_core.environment:checking '/home/moajouz/ros2_ws/install/tutorial_python/lib'
[4.990s] Level 1:colcon.colcon_core.environment:checking '/home/moajouz/ros2_ws/install/tutorial_python/bin'
[4.990s] Level 1:colcon.colcon_core.environment:checking '/home/moajouz/ros2_ws/install/tutorial_python/lib/pkgconfig/tutorial_python.pc'
[4.990s] Level 1:colcon.colcon_core.environment:checking '/home/moajouz/ros2_ws/install/tutorial_python/lib/python3.8/site-packages'
[4.990s] Level 1:colcon.colcon_core.shell:create_environment_hook('tutorial_python', 'pythonpath')
[4.990s] INFO:colcon.colcon_core.shell:Creating environment hook '/home/moajouz/ros2_ws/install/tutorial_python/share/tutorial_python/hook/pythonpath.ps1'
[4.991s] INFO:colcon.colcon_core.shell:Creating environment descriptor '/home/moajouz/ros2_ws/install/tutorial_python/share/tutorial_python/hook/pythonpath.dsv'
[4.991s] INFO:colcon.colcon_core.shell:Creating environment hook '/home/moajouz/ros2_ws/install/tutorial_python/share/tutorial_python/hook/pythonpath.sh'
[4.991s] Level 1:colcon.colcon_core.environment:checking '/home/moajouz/ros2_ws/install/tutorial_python/bin'
[4.992s] Level 1:colcon.colcon_core.environment:create_environment_scripts_only(tutorial_python)
[4.992s] INFO:colcon.colcon_core.shell:Creating package script '/home/moajouz/ros2_ws/install/tutorial_python/share/tutorial_python/package.ps1'
[4.992s] INFO:colcon.colcon_core.shell:Creating package descriptor '/home/moajouz/ros2_ws/install/tutorial_python/share/tutorial_python/package.dsv'
[4.993s] INFO:colcon.colcon_core.shell:Creating package script '/home/moajouz/ros2_ws/install/tutorial_python/share/tutorial_python/package.sh'
[4.993s] INFO:colcon.colcon_core.shell:Creating package script '/home/moajouz/ros2_ws/install/tutorial_python/share/tutorial_python/package.bash'
[4.993s] INFO:colcon.colcon_core.shell:Creating package script '/home/moajouz/ros2_ws/install/tutorial_python/share/tutorial_python/package.zsh'
[4.994s] Level 1:colcon.colcon_core.environment:create_file_with_runtime_dependencies(/home/moajouz/ros2_ws/install/tutorial_python/share/colcon-core/packages/tutorial_python)
[5.166s] DEBUG:colcon.colcon_core.event_handler.log_command:Invoked command in '/home/moajouz/ros2_ws/build/tutorial_cpp' returned '0': AMENT_PREFIX_PATH=/home/moajouz/ros2_ws/install/interfaces:${AMENT_PREFIX_PATH} CMAKE_PREFIX_PATH=/home/moajouz/ros2_ws/install/interfaces:/opt/ros/foxy LD_LIBRARY_PATH=/home/moajouz/ros2_ws/install/interfaces/lib:${LD_LIBRARY_PATH} PYTHONPATH=/home/moajouz/ros2_ws/install/interfaces/lib/python3.8/site-packages:${PYTHONPATH} /usr/bin/cmake /home/moajouz/ros2_ws/src/tutorial_cpp -DCMAKE_INSTALL_PREFIX=/home/moajouz/ros2_ws/install/tutorial_cpp
[5.168s] DEBUG:colcon.colcon_core.event_handler.log_command:Invoking command in '/home/moajouz/ros2_ws/build/tutorial_cpp': AMENT_PREFIX_PATH=/home/moajouz/ros2_ws/install/interfaces:${AMENT_PREFIX_PATH} CMAKE_PREFIX_PATH=/home/moajouz/ros2_ws/install/interfaces:/opt/ros/foxy LD_LIBRARY_PATH=/home/moajouz/ros2_ws/install/interfaces/lib:${LD_LIBRARY_PATH} PYTHONPATH=/home/moajouz/ros2_ws/install/interfaces/lib/python3.8/site-packages:${PYTHONPATH} /usr/bin/cmake --build /home/moajouz/ros2_ws/build/tutorial_cpp -- -j12 -l12
[6.761s] DEBUG:colcon.colcon_core.event_handler.log_command:Invoked command in '/home/moajouz/ros2_ws/build/tutorial_cpp' returned '0': AMENT_PREFIX_PATH=/home/moajouz/ros2_ws/install/interfaces:${AMENT_PREFIX_PATH} CMAKE_PREFIX_PATH=/home/moajouz/ros2_ws/install/interfaces:/opt/ros/foxy LD_LIBRARY_PATH=/home/moajouz/ros2_ws/install/interfaces/lib:${LD_LIBRARY_PATH} PYTHONPATH=/home/moajouz/ros2_ws/install/interfaces/lib/python3.8/site-packages:${PYTHONPATH} /usr/bin/cmake --build /home/moajouz/ros2_ws/build/tutorial_cpp -- -j12 -l12
[6.780s] DEBUG:colcon.colcon_core.event_handler.log_command:Invoking command in '/home/moajouz/ros2_ws/build/tutorial_cpp': AMENT_PREFIX_PATH=/home/moajouz/ros2_ws/install/interfaces:${AMENT_PREFIX_PATH} CMAKE_PREFIX_PATH=/home/moajouz/ros2_ws/install/interfaces:/opt/ros/foxy LD_LIBRARY_PATH=/home/moajouz/ros2_ws/install/interfaces/lib:${LD_LIBRARY_PATH} PYTHONPATH=/home/moajouz/ros2_ws/install/interfaces/lib/python3.8/site-packages:${PYTHONPATH} /usr/bin/cmake --install /home/moajouz/ros2_ws/build/tutorial_cpp
[6.789s] Level 1:colcon.colcon_core.environment:create_environment_scripts_only(tutorial_cpp)
[6.790s] Level 1:colcon.colcon_core.environment:checking '/home/moajouz/ros2_ws/install/tutorial_cpp' for CMake module files
[6.790s] DEBUG:colcon.colcon_core.event_handler.log_command:Invoked command in '/home/moajouz/ros2_ws/build/tutorial_cpp' returned '0': AMENT_PREFIX_PATH=/home/moajouz/ros2_ws/install/interfaces:${AMENT_PREFIX_PATH} CMAKE_PREFIX_PATH=/home/moajouz/ros2_ws/install/interfaces:/opt/ros/foxy LD_LIBRARY_PATH=/home/moajouz/ros2_ws/install/interfaces/lib:${LD_LIBRARY_PATH} PYTHONPATH=/home/moajouz/ros2_ws/install/interfaces/lib/python3.8/site-packages:${PYTHONPATH} /usr/bin/cmake --install /home/moajouz/ros2_ws/build/tutorial_cpp
[6.790s] Level 1:colcon.colcon_core.environment:checking '/home/moajouz/ros2_ws/install/tutorial_cpp' for CMake config files
[6.791s] Level 1:colcon.colcon_core.shell:create_environment_hook('tutorial_cpp', 'cmake_prefix_path')
[6.791s] INFO:colcon.colcon_core.shell:Creating environment hook '/home/moajouz/ros2_ws/install/tutorial_cpp/share/tutorial_cpp/hook/cmake_prefix_path.ps1'
[6.791s] INFO:colcon.colcon_core.shell:Creating environment descriptor '/home/moajouz/ros2_ws/install/tutorial_cpp/share/tutorial_cpp/hook/cmake_prefix_path.dsv'
[6.792s] INFO:colcon.colcon_core.shell:Creating environment hook '/home/moajouz/ros2_ws/install/tutorial_cpp/share/tutorial_cpp/hook/cmake_prefix_path.sh'
[6.792s] Level 1:colcon.colcon_core.environment:checking '/home/moajouz/ros2_ws/install/tutorial_cpp/lib'
[6.792s] Level 1:colcon.colcon_core.environment:checking '/home/moajouz/ros2_ws/install/tutorial_cpp/bin'
[6.792s] Level 1:colcon.colcon_core.environment:checking '/home/moajouz/ros2_ws/install/tutorial_cpp/lib/pkgconfig/tutorial_cpp.pc'
[6.792s] Level 1:colcon.colcon_core.environment:checking '/home/moajouz/ros2_ws/install/tutorial_cpp/lib/python3.8/site-packages'
[6.792s] Level 1:colcon.colcon_core.environment:checking '/home/moajouz/ros2_ws/install/tutorial_cpp/bin'
[6.793s] INFO:colcon.colcon_core.shell:Creating package script '/home/moajouz/ros2_ws/install/tutorial_cpp/share/tutorial_cpp/package.ps1'
[6.793s] INFO:colcon.colcon_core.shell:Creating package descriptor '/home/moajouz/ros2_ws/install/tutorial_cpp/share/tutorial_cpp/package.dsv'
[6.793s] INFO:colcon.colcon_core.shell:Creating package script '/home/moajouz/ros2_ws/install/tutorial_cpp/share/tutorial_cpp/package.sh'
[6.794s] INFO:colcon.colcon_core.shell:Creating package script '/home/moajouz/ros2_ws/install/tutorial_cpp/share/tutorial_cpp/package.bash'
[6.794s] INFO:colcon.colcon_core.shell:Creating package script '/home/moajouz/ros2_ws/install/tutorial_cpp/share/tutorial_cpp/package.zsh'
[6.794s] Level 1:colcon.colcon_core.environment:create_file_with_runtime_dependencies(/home/moajouz/ros2_ws/install/tutorial_cpp/share/colcon-core/packages/tutorial_cpp)
[6.811s] Level 1:colcon.colcon_core.environment:create_environment_scripts_only(tutorial_cpp)
[6.812s] Level 1:colcon.colcon_core.environment:checking '/home/moajouz/ros2_ws/install/tutorial_cpp' for CMake module files
[6.812s] Level 1:colcon.colcon_core.environment:checking '/home/moajouz/ros2_ws/install/tutorial_cpp' for CMake config files
[6.812s] Level 1:colcon.colcon_core.shell:create_environment_hook('tutorial_cpp', 'cmake_prefix_path')
[6.812s] INFO:colcon.colcon_core.shell:Creating environment hook '/home/moajouz/ros2_ws/install/tutorial_cpp/share/tutorial_cpp/hook/cmake_prefix_path.ps1'
[6.813s] INFO:colcon.colcon_core.shell:Creating environment descriptor '/home/moajouz/ros2_ws/install/tutorial_cpp/share/tutorial_cpp/hook/cmake_prefix_path.dsv'
[6.813s] INFO:colcon.colcon_core.shell:Creating environment hook '/home/moajouz/ros2_ws/install/tutorial_cpp/share/tutorial_cpp/hook/cmake_prefix_path.sh'
[6.814s] Level 1:colcon.colcon_core.environment:checking '/home/moajouz/ros2_ws/install/tutorial_cpp/lib'
[6.814s] Level 1:colcon.colcon_core.environment:checking '/home/moajouz/ros2_ws/install/tutorial_cpp/bin'
[6.814s] Level 1:colcon.colcon_core.environment:checking '/home/moajouz/ros2_ws/install/tutorial_cpp/lib/pkgconfig/tutorial_cpp.pc'
[6.814s] Level 1:colcon.colcon_core.environment:checking '/home/moajouz/ros2_ws/install/tutorial_cpp/lib/python3.8/site-packages'
[6.814s] Level 1:colcon.colcon_core.environment:checking '/home/moajouz/ros2_ws/install/tutorial_cpp/bin'
[6.814s] INFO:colcon.colcon_core.shell:Creating package script '/home/moajouz/ros2_ws/install/tutorial_cpp/share/tutorial_cpp/package.ps1'
[6.815s] INFO:colcon.colcon_core.shell:Creating package descriptor '/home/moajouz/ros2_ws/install/tutorial_cpp/share/tutorial_cpp/package.dsv'
[6.815s] INFO:colcon.colcon_core.shell:Creating package script '/home/moajouz/ros2_ws/install/tutorial_cpp/share/tutorial_cpp/package.sh'
[6.815s] INFO:colcon.colcon_core.shell:Creating package script '/home/moajouz/ros2_ws/install/tutorial_cpp/share/tutorial_cpp/package.bash'
[6.816s] INFO:colcon.colcon_core.shell:Creating package script '/home/moajouz/ros2_ws/install/tutorial_cpp/share/tutorial_cpp/package.zsh'
[6.816s] Level 1:colcon.colcon_core.environment:create_file_with_runtime_dependencies(/home/moajouz/ros2_ws/install/tutorial_cpp/share/colcon-core/packages/tutorial_cpp)
[6.816s] DEBUG:colcon.colcon_parallel_executor.executor.parallel:closing loop
[6.816s] DEBUG:colcon.colcon_parallel_executor.executor.parallel:loop closed
[6.817s] DEBUG:colcon.colcon_parallel_executor.executor.parallel:run_until_complete finished with '0'
[6.817s] DEBUG:colcon.colcon_core.event_reactor:joining thread
[6.822s] INFO:colcon.colcon_core.plugin_system:Skipping extension 'colcon_notification.desktop_notification.terminal_notifier': Not used on non-Darwin systems
[6.822s] INFO:colcon.colcon_core.plugin_system:Skipping extension 'colcon_notification.desktop_notification.win32': Not used on non-Windows systems
[6.822s] INFO:colcon.colcon_notification.desktop_notification:Sending desktop notification using 'notify2'
[6.837s] DEBUG:colcon.colcon_core.event_reactor:joined thread
[6.837s] INFO:colcon.colcon_core.shell:Creating prefix script '/home/moajouz/ros2_ws/install/local_setup.ps1'
[6.838s] INFO:colcon.colcon_core.shell:Creating prefix util module '/home/moajouz/ros2_ws/install/_local_setup_util_ps1.py'
[6.840s] INFO:colcon.colcon_core.shell:Creating prefix chain script '/home/moajouz/ros2_ws/install/setup.ps1'
[6.841s] INFO:colcon.colcon_core.shell:Creating prefix script '/home/moajouz/ros2_ws/install/local_setup.sh'
[6.841s] INFO:colcon.colcon_core.shell:Creating prefix util module '/home/moajouz/ros2_ws/install/_local_setup_util_sh.py'
[6.842s] INFO:colcon.colcon_core.shell:Creating prefix chain script '/home/moajouz/ros2_ws/install/setup.sh'
[6.843s] INFO:colcon.colcon_core.shell:Creating prefix script '/home/moajouz/ros2_ws/install/local_setup.bash'
[6.843s] INFO:colcon.colcon_core.shell:Creating prefix chain script '/home/moajouz/ros2_ws/install/setup.bash'
[6.844s] INFO:colcon.colcon_core.shell:Creating prefix script '/home/moajouz/ros2_ws/install/local_setup.zsh'
[6.845s] INFO:colcon.colcon_core.shell:Creating prefix chain script '/home/moajouz/ros2_ws/install/setup.zsh'
