[0.011s] Invoking command in '/home/moajouz/ros2_ws/build/tutorial_cpp': CMAKE_PREFIX_PATH=/home/moajouz/ros2_ws/install/interfaces:/home/moajouz/ros2_ws/install/tutorial_cpp:/home/moajouz/ros2_ws/install/tutorial_python:/opt/ros/foxy PYTHONPATH=/home/moajouz/ros2_ws/install/interfaces/lib/python3.8/site-packages:/home/moajouz/ros2_ws/install/tutorial_python/lib/python3.8/site-packages:/opt/ros/foxy/lib/python3.8/site-packages /usr/bin/cmake --build /home/moajouz/ros2_ws/build/tutorial_cpp -- -j12 -l12
[0.054s] [100%] Built target node
[0.189s] Invoked command in '/home/moajouz/ros2_ws/build/tutorial_cpp' returned '0': CMAKE_PREFIX_PATH=/home/moajouz/ros2_ws/install/interfaces:/home/moajouz/ros2_ws/install/tutorial_cpp:/home/moajouz/ros2_ws/install/tutorial_python:/opt/ros/foxy PYTHONPATH=/home/moajouz/ros2_ws/install/interfaces/lib/python3.8/site-packages:/home/moajouz/ros2_ws/install/tutorial_python/lib/python3.8/site-packages:/opt/ros/foxy/lib/python3.8/site-packages /usr/bin/cmake --build /home/moajouz/ros2_ws/build/tutorial_cpp -- -j12 -l12
[0.205s] Invoking command in '/home/moajouz/ros2_ws/build/tutorial_cpp': CMAKE_PREFIX_PATH=/home/moajouz/ros2_ws/install/interfaces:/home/moajouz/ros2_ws/install/tutorial_cpp:/home/moajouz/ros2_ws/install/tutorial_python:/opt/ros/foxy PYTHONPATH=/home/moajouz/ros2_ws/install/interfaces/lib/python3.8/site-packages:/home/moajouz/ros2_ws/install/tutorial_python/lib/python3.8/site-packages:/opt/ros/foxy/lib/python3.8/site-packages /usr/bin/cmake --install /home/moajouz/ros2_ws/build/tutorial_cpp
[0.212s] -- Install configuration: ""
[0.212s] -- Up-to-date: /home/moajouz/ros2_ws/install/tutorial_cpp/lib/tutorial_cpp/node
[0.212s] -- Up-to-date: /home/moajouz/ros2_ws/install/tutorial_cpp/share/ament_index/resource_index/package_run_dependencies/tutorial_cpp
[0.212s] -- Up-to-date: /home/moajouz/ros2_ws/install/tutorial_cpp/share/ament_index/resource_index/parent_prefix_path/tutorial_cpp
[0.213s] -- Up-to-date: /home/moajouz/ros2_ws/install/tutorial_cpp/share/tutorial_cpp/environment/ament_prefix_path.sh
[0.213s] -- Up-to-date: /home/moajouz/ros2_ws/install/tutorial_cpp/share/tutorial_cpp/environment/ament_prefix_path.dsv
[0.213s] -- Up-to-date: /home/moajouz/ros2_ws/install/tutorial_cpp/share/tutorial_cpp/environment/path.sh
[0.213s] -- Up-to-date: /home/moajouz/ros2_ws/install/tutorial_cpp/share/tutorial_cpp/environment/path.dsv
[0.213s] -- Up-to-date: /home/moajouz/ros2_ws/install/tutorial_cpp/share/tutorial_cpp/local_setup.bash
[0.213s] -- Up-to-date: /home/moajouz/ros2_ws/install/tutorial_cpp/share/tutorial_cpp/local_setup.sh
[0.213s] -- Up-to-date: /home/moajouz/ros2_ws/install/tutorial_cpp/share/tutorial_cpp/local_setup.zsh
[0.213s] -- Up-to-date: /home/moajouz/ros2_ws/install/tutorial_cpp/share/tutorial_cpp/local_setup.dsv
[0.213s] -- Installing: /home/moajouz/ros2_ws/install/tutorial_cpp/share/tutorial_cpp/package.dsv
[0.213s] -- Up-to-date: /home/moajouz/ros2_ws/install/tutorial_cpp/share/ament_index/resource_index/packages/tutorial_cpp
[0.213s] -- Up-to-date: /home/moajouz/ros2_ws/install/tutorial_cpp/share/tutorial_cpp/cmake/tutorial_cppConfig.cmake
[0.213s] -- Up-to-date: /home/moajouz/ros2_ws/install/tutorial_cpp/share/tutorial_cpp/cmake/tutorial_cppConfig-version.cmake
[0.213s] -- Up-to-date: /home/moajouz/ros2_ws/install/tutorial_cpp/share/tutorial_cpp/package.xml
[0.214s] Invoked command in '/home/moajouz/ros2_ws/build/tutorial_cpp' returned '0': CMAKE_PREFIX_PATH=/home/moajouz/ros2_ws/install/interfaces:/home/moajouz/ros2_ws/install/tutorial_cpp:/home/moajouz/ros2_ws/install/tutorial_python:/opt/ros/foxy PYTHONPATH=/home/moajouz/ros2_ws/install/interfaces/lib/python3.8/site-packages:/home/moajouz/ros2_ws/install/tutorial_python/lib/python3.8/site-packages:/opt/ros/foxy/lib/python3.8/site-packages /usr/bin/cmake --install /home/moajouz/ros2_ws/build/tutorial_cpp
