[0.013s] Invoking command in '/home/moajouz/ros2_ws/build/tutorial_cpp': AMENT_PREFIX_PATH=/home/moajouz/ros2_ws/install/interfaces:${AMENT_PREFIX_PATH} CMAKE_PREFIX_PATH=/home/moajouz/ros2_ws/install/interfaces:/opt/ros/foxy LD_LIBRARY_PATH=/home/moajouz/ros2_ws/install/interfaces/lib:${LD_LIBRARY_PATH} PYTHONPATH=/home/moajouz/ros2_ws/install/interfaces/lib/python3.8/site-packages:${PYTHONPATH} /usr/bin/cmake /home/moajouz/ros2_ws/src/tutorial_cpp -DCMAKE_INSTALL_PREFIX=/home/moajouz/ros2_ws/install/tutorial_cpp
[0.027s] -- Found ament_cmake: 0.9.12 (/opt/ros/foxy/share/ament_cmake/cmake)
[0.052s] -- Found PythonInterp: /usr/bin/python3 (found suitable version "3.8.10", minimum required is "3") 
[0.052s] -- Using PYTHON_EXECUTABLE: /usr/bin/python3
[0.249s] -- Found rclcpp: 2.4.3 (/opt/ros/foxy/share/rclcpp/cmake)
[0.296s] -- Using all available rosidl_typesupport_c: rosidl_typesupport_fastrtps_c;rosidl_typesupport_introspection_c
[0.301s] -- Found rosidl_adapter: 1.3.1 (/opt/ros/foxy/share/rosidl_adapter/cmake)
[0.367s] -- Found OpenSSL: /usr/lib/x86_64-linux-gnu/libcrypto.so (found version "1.1.1f")  
[0.393s] -- Found FastRTPS: /opt/ros/foxy/include  
[0.468s] -- Using all available rosidl_typesupport_cpp: rosidl_typesupport_fastrtps_cpp;rosidl_typesupport_introspection_cpp
[0.530s] -- Found rmw_implementation_cmake: 1.0.4 (/opt/ros/foxy/share/rmw_implementation_cmake/cmake)
[0.532s] -- Using RMW implementation 'rmw_fastrtps_cpp' as default
[0.533s] -- Looking for pthread.h
[0.597s] -- Looking for pthread.h - found
[0.597s] -- Performing Test CMAKE_HAVE_LIBC_PTHREAD
[0.664s] -- Performing Test CMAKE_HAVE_LIBC_PTHREAD - Failed
[0.664s] -- Looking for pthread_create in pthreads
[0.714s] -- Looking for pthread_create in pthreads - not found
[0.715s] -- Looking for pthread_create in pthread
[0.776s] -- Looking for pthread_create in pthread - found
[0.777s] -- Found Threads: TRUE  
[0.950s] -- Found interfaces: 0.0.0 (/home/moajouz/ros2_ws/install/interfaces/share/interfaces/cmake)
[1.104s] -- Configuring done
[1.111s] -- Generating done
[1.112s] -- Build files have been written to: /home/moajouz/ros2_ws/build/tutorial_cpp
[1.117s] Invoked command in '/home/moajouz/ros2_ws/build/tutorial_cpp' returned '0': AMENT_PREFIX_PATH=/home/moajouz/ros2_ws/install/interfaces:${AMENT_PREFIX_PATH} CMAKE_PREFIX_PATH=/home/moajouz/ros2_ws/install/interfaces:/opt/ros/foxy LD_LIBRARY_PATH=/home/moajouz/ros2_ws/install/interfaces/lib:${LD_LIBRARY_PATH} PYTHONPATH=/home/moajouz/ros2_ws/install/interfaces/lib/python3.8/site-packages:${PYTHONPATH} /usr/bin/cmake /home/moajouz/ros2_ws/src/tutorial_cpp -DCMAKE_INSTALL_PREFIX=/home/moajouz/ros2_ws/install/tutorial_cpp
[1.119s] Invoking command in '/home/moajouz/ros2_ws/build/tutorial_cpp': AMENT_PREFIX_PATH=/home/moajouz/ros2_ws/install/interfaces:${AMENT_PREFIX_PATH} CMAKE_PREFIX_PATH=/home/moajouz/ros2_ws/install/interfaces:/opt/ros/foxy LD_LIBRARY_PATH=/home/moajouz/ros2_ws/install/interfaces/lib:${LD_LIBRARY_PATH} PYTHONPATH=/home/moajouz/ros2_ws/install/interfaces/lib/python3.8/site-packages:${PYTHONPATH} /usr/bin/cmake --build /home/moajouz/ros2_ws/build/tutorial_cpp -- -j12 -l12
[1.150s] [35m[1mScanning dependencies of target node[0m
[1.223s] [ 50%] [32mBuilding CXX object CMakeFiles/node.dir/src/node.cpp.o[0m
[2.606s] [100%] [32m[1mLinking CXX executable node[0m
[2.704s] [100%] Built target node
[2.712s] Invoked command in '/home/moajouz/ros2_ws/build/tutorial_cpp' returned '0': AMENT_PREFIX_PATH=/home/moajouz/ros2_ws/install/interfaces:${AMENT_PREFIX_PATH} CMAKE_PREFIX_PATH=/home/moajouz/ros2_ws/install/interfaces:/opt/ros/foxy LD_LIBRARY_PATH=/home/moajouz/ros2_ws/install/interfaces/lib:${LD_LIBRARY_PATH} PYTHONPATH=/home/moajouz/ros2_ws/install/interfaces/lib/python3.8/site-packages:${PYTHONPATH} /usr/bin/cmake --build /home/moajouz/ros2_ws/build/tutorial_cpp -- -j12 -l12
[2.731s] Invoking command in '/home/moajouz/ros2_ws/build/tutorial_cpp': AMENT_PREFIX_PATH=/home/moajouz/ros2_ws/install/interfaces:${AMENT_PREFIX_PATH} CMAKE_PREFIX_PATH=/home/moajouz/ros2_ws/install/interfaces:/opt/ros/foxy LD_LIBRARY_PATH=/home/moajouz/ros2_ws/install/interfaces/lib:${LD_LIBRARY_PATH} PYTHONPATH=/home/moajouz/ros2_ws/install/interfaces/lib/python3.8/site-packages:${PYTHONPATH} /usr/bin/cmake --install /home/moajouz/ros2_ws/build/tutorial_cpp
[2.738s] -- Install configuration: ""
[2.738s] -- Installing: /home/moajouz/ros2_ws/install/tutorial_cpp/lib/tutorial_cpp/node
[2.738s] -- Set runtime path of "/home/moajouz/ros2_ws/install/tutorial_cpp/lib/tutorial_cpp/node" to ""
[2.738s] -- Installing: /home/moajouz/ros2_ws/install/tutorial_cpp/share/ament_index/resource_index/package_run_dependencies/tutorial_cpp
[2.738s] -- Installing: /home/moajouz/ros2_ws/install/tutorial_cpp/share/ament_index/resource_index/parent_prefix_path/tutorial_cpp
[2.739s] -- Installing: /home/moajouz/ros2_ws/install/tutorial_cpp/share/tutorial_cpp/environment/ament_prefix_path.sh
[2.739s] -- Installing: /home/moajouz/ros2_ws/install/tutorial_cpp/share/tutorial_cpp/environment/ament_prefix_path.dsv
[2.739s] -- Installing: /home/moajouz/ros2_ws/install/tutorial_cpp/share/tutorial_cpp/environment/path.sh
[2.739s] -- Installing: /home/moajouz/ros2_ws/install/tutorial_cpp/share/tutorial_cpp/environment/path.dsv
[2.739s] -- Installing: /home/moajouz/ros2_ws/install/tutorial_cpp/share/tutorial_cpp/local_setup.bash
[2.739s] -- Installing: /home/moajouz/ros2_ws/install/tutorial_cpp/share/tutorial_cpp/local_setup.sh
[2.739s] -- Installing: /home/moajouz/ros2_ws/install/tutorial_cpp/share/tutorial_cpp/local_setup.zsh
[2.739s] -- Installing: /home/moajouz/ros2_ws/install/tutorial_cpp/share/tutorial_cpp/local_setup.dsv
[2.739s] -- Installing: /home/moajouz/ros2_ws/install/tutorial_cpp/share/tutorial_cpp/package.dsv
[2.739s] -- Installing: /home/moajouz/ros2_ws/install/tutorial_cpp/share/ament_index/resource_index/packages/tutorial_cpp
[2.739s] -- Installing: /home/moajouz/ros2_ws/install/tutorial_cpp/share/tutorial_cpp/cmake/tutorial_cppConfig.cmake
[2.739s] -- Installing: /home/moajouz/ros2_ws/install/tutorial_cpp/share/tutorial_cpp/cmake/tutorial_cppConfig-version.cmake
[2.740s] -- Installing: /home/moajouz/ros2_ws/install/tutorial_cpp/share/tutorial_cpp/package.xml
[2.741s] Invoked command in '/home/moajouz/ros2_ws/build/tutorial_cpp' returned '0': AMENT_PREFIX_PATH=/home/moajouz/ros2_ws/install/interfaces:${AMENT_PREFIX_PATH} CMAKE_PREFIX_PATH=/home/moajouz/ros2_ws/install/interfaces:/opt/ros/foxy LD_LIBRARY_PATH=/home/moajouz/ros2_ws/install/interfaces/lib:${LD_LIBRARY_PATH} PYTHONPATH=/home/moajouz/ros2_ws/install/interfaces/lib/python3.8/site-packages:${PYTHONPATH} /usr/bin/cmake --install /home/moajouz/ros2_ws/build/tutorial_cpp
