[0.011s] Invoking command in '/home/moajouz/ros2_ws/build/tutorial_cpp': CMAKE_PREFIX_PATH=/home/moajouz/ros2_ws/install/interfaces:/home/moajouz/ros2_ws/install/tutorial_cpp:/home/moajouz/ros2_ws/install/tutorial_python:/opt/ros/foxy PYTHONPATH=/home/moajouz/ros2_ws/install/interfaces/lib/python3.8/site-packages:/home/moajouz/ros2_ws/install/tutorial_python/lib/python3.8/site-packages:/opt/ros/foxy/lib/python3.8/site-packages /usr/bin/cmake --build /home/moajouz/ros2_ws/build/tutorial_cpp -- -j12 -l12
[0.039s] [35m[1mScanning dependencies of target node[0m
[0.053s] [ 50%] Built target talker
[0.055s] [ 75%] [32mBuilding CXX object CMakeFiles/node.dir/src/node.cpp.o[0m
[1.400s] [100%] [32m[1mLinking CXX executable node[0m
[1.479s] [100%] Built target node
[1.487s] Invoked command in '/home/moajouz/ros2_ws/build/tutorial_cpp' returned '0': CMAKE_PREFIX_PATH=/home/moajouz/ros2_ws/install/interfaces:/home/moajouz/ros2_ws/install/tutorial_cpp:/home/moajouz/ros2_ws/install/tutorial_python:/opt/ros/foxy PYTHONPATH=/home/moajouz/ros2_ws/install/interfaces/lib/python3.8/site-packages:/home/moajouz/ros2_ws/install/tutorial_python/lib/python3.8/site-packages:/opt/ros/foxy/lib/python3.8/site-packages /usr/bin/cmake --build /home/moajouz/ros2_ws/build/tutorial_cpp -- -j12 -l12
[1.511s] Invoking command in '/home/moajouz/ros2_ws/build/tutorial_cpp': CMAKE_PREFIX_PATH=/home/moajouz/ros2_ws/install/interfaces:/home/moajouz/ros2_ws/install/tutorial_cpp:/home/moajouz/ros2_ws/install/tutorial_python:/opt/ros/foxy PYTHONPATH=/home/moajouz/ros2_ws/install/interfaces/lib/python3.8/site-packages:/home/moajouz/ros2_ws/install/tutorial_python/lib/python3.8/site-packages:/opt/ros/foxy/lib/python3.8/site-packages /usr/bin/cmake --install /home/moajouz/ros2_ws/build/tutorial_cpp
[1.517s] -- Install configuration: ""
[1.517s] -- Installing: /home/moajouz/ros2_ws/install/tutorial_cpp/lib/tutorial_cpp/node
[1.517s] -- Set runtime path of "/home/moajouz/ros2_ws/install/tutorial_cpp/lib/tutorial_cpp/node" to ""
[1.517s] -- Up-to-date: /home/moajouz/ros2_ws/install/tutorial_cpp/lib/tutorial_cpp/talker
[1.517s] -- Up-to-date: /home/moajouz/ros2_ws/install/tutorial_cpp/share/ament_index/resource_index/package_run_dependencies/tutorial_cpp
[1.518s] -- Up-to-date: /home/moajouz/ros2_ws/install/tutorial_cpp/share/ament_index/resource_index/parent_prefix_path/tutorial_cpp
[1.518s] -- Up-to-date: /home/moajouz/ros2_ws/install/tutorial_cpp/share/tutorial_cpp/environment/ament_prefix_path.sh
[1.518s] -- Up-to-date: /home/moajouz/ros2_ws/install/tutorial_cpp/share/tutorial_cpp/environment/ament_prefix_path.dsv
[1.518s] -- Up-to-date: /home/moajouz/ros2_ws/install/tutorial_cpp/share/tutorial_cpp/environment/path.sh
[1.518s] -- Up-to-date: /home/moajouz/ros2_ws/install/tutorial_cpp/share/tutorial_cpp/environment/path.dsv
[1.518s] -- Up-to-date: /home/moajouz/ros2_ws/install/tutorial_cpp/share/tutorial_cpp/local_setup.bash
[1.518s] -- Up-to-date: /home/moajouz/ros2_ws/install/tutorial_cpp/share/tutorial_cpp/local_setup.sh
[1.518s] -- Up-to-date: /home/moajouz/ros2_ws/install/tutorial_cpp/share/tutorial_cpp/local_setup.zsh
[1.518s] -- Up-to-date: /home/moajouz/ros2_ws/install/tutorial_cpp/share/tutorial_cpp/local_setup.dsv
[1.518s] -- Installing: /home/moajouz/ros2_ws/install/tutorial_cpp/share/tutorial_cpp/package.dsv
[1.518s] -- Up-to-date: /home/moajouz/ros2_ws/install/tutorial_cpp/share/ament_index/resource_index/packages/tutorial_cpp
[1.518s] -- Up-to-date: /home/moajouz/ros2_ws/install/tutorial_cpp/share/tutorial_cpp/cmake/tutorial_cppConfig.cmake
[1.518s] -- Up-to-date: /home/moajouz/ros2_ws/install/tutorial_cpp/share/tutorial_cpp/cmake/tutorial_cppConfig-version.cmake
[1.518s] -- Up-to-date: /home/moajouz/ros2_ws/install/tutorial_cpp/share/tutorial_cpp/package.xml
[1.519s] Invoked command in '/home/moajouz/ros2_ws/build/tutorial_cpp' returned '0': CMAKE_PREFIX_PATH=/home/moajouz/ros2_ws/install/interfaces:/home/moajouz/ros2_ws/install/tutorial_cpp:/home/moajouz/ros2_ws/install/tutorial_python:/opt/ros/foxy PYTHONPATH=/home/moajouz/ros2_ws/install/interfaces/lib/python3.8/site-packages:/home/moajouz/ros2_ws/install/tutorial_python/lib/python3.8/site-packages:/opt/ros/foxy/lib/python3.8/site-packages /usr/bin/cmake --install /home/moajouz/ros2_ws/build/tutorial_cpp
